Log file open, 06/05/23 18:58:24
LogWindows: Failed to load 'aqProf.dll' (GetLastError=126)
LogWindows: File 'aqProf.dll' does not exist
LogWindows: Failed to load 'VtuneApi.dll' (GetLastError=126)
LogWindows: File 'VtuneApi.dll' does not exist
LogWindows: Failed to load 'VtuneApi32e.dll' (GetLastError=126)
LogWindows: File 'VtuneApi32e.dll' does not exist
LogInit: Display: Running engine for game: BattleRoyal
LogPlatformFile: Not using cached read wrapper
LogInit: Display: RandInit(2041428344) SRandInit(2041428345).
LogInit: Read version file with build ID '3944462'
LogInit: Overriding engine version to CL 4033788, compatible CL 3944462
LogInit: Registered custom module enumerator with build ID '3944462'
LogTaskGraph: Started task graph with 5 named threads and 47 total threads with 3 sets of task threads.
LogStats: Stats thread started at 1.001579
LogD3D11RHI: Aftermath initialized
LogICUInternationalization: Display: ICU TimeZone Detection - Raw Offset: +9:00, Platform Override: ''
LogPluginManager: Mounting plugin Paper2D
LogPluginManager: Mounting plugin LiveLink
LogPluginManager: Mounting plugin LightPropagationVolume
LogPluginManager: Mounting plugin CLionSourceCodeAccess
LogPluginManager: Mounting plugin CodeLiteSourceCodeAccess
LogPluginManager: Mounting plugin GitSourceControl
LogPluginManager: Mounting plugin KDevelopSourceCodeAccess
LogPluginManager: Mounting plugin NullSourceCodeAccess
LogPluginManager: Mounting plugin PerforceSourceControl
LogPluginManager: Mounting plugin SubversionSourceControl
LogPluginManager: Mounting plugin UObjectPlugin
LogPluginManager: Mounting plugin VisualStudioCodeSourceCodeAccess
LogPluginManager: Mounting plugin VisualStudioSourceCodeAccess
LogPluginManager: Mounting plugin XCodeSourceCodeAccess
LogPluginManager: Mounting plugin AssetManagerEditor
LogPluginManager: Mounting plugin CryptoKeys
LogPluginManager: Mounting plugin DataValidation
LogPluginManager: Mounting plugin FacialAnimation
LogPluginManager: Mounting plugin GameplayTagsEditor
LogPluginManager: Mounting plugin MobileLauncherProfileWizard
LogPluginManager: Mounting plugin PluginBrowser
LogPluginManager: Mounting plugin SpeedTreeImporter
LogPluginManager: Mounting plugin DatasmithContent
LogPluginManager: Mounting plugin AlembicImporter
LogPluginManager: Mounting plugin CharacterAI
LogPluginManager: Mounting plugin HTML5Networking
LogPluginManager: Mounting plugin AndroidMedia
LogPluginManager: Mounting plugin AvfMedia
LogPluginManager: Mounting plugin ImgMedia
LogPluginManager: Mounting plugin LinearTimecode
LogPluginManager: Mounting plugin MediaCompositing
LogPluginManager: Mounting plugin MediaPlayerEditor
LogPluginManager: Mounting plugin WmfMedia
LogPluginManager: Mounting plugin TcpMessaging
LogPluginManager: Mounting plugin UdpMessaging
LogPluginManager: Mounting plugin ActorSequence
LogPluginManager: Mounting plugin LevelSequenceEditor
LogPluginManager: Mounting plugin MatineeToLevelSequence
LogPluginManager: Mounting plugin NetcodeUnitTest
LogPluginManager: Mounting plugin NUTUnrealEngine4
LogPluginManager: Mounting plugin OnlineSubsystemGooglePlay
LogPluginManager: Mounting plugin OnlineSubsystemIOS
LogPluginManager: Mounting plugin OnlineSubsystem
LogPluginManager: Mounting plugin OnlineSubsystemNull
LogPluginManager: Mounting plugin OnlineSubsystemUtils
LogPluginManager: Mounting plugin AndroidDeviceProfileSelector
LogPluginManager: Mounting plugin AndroidMoviePlayer
LogPluginManager: Mounting plugin AndroidPermission
LogPluginManager: Mounting plugin AppleARKit
LogPluginManager: Mounting plugin AppleMoviePlayer
LogPluginManager: Mounting plugin ArchVisCharacter
LogPluginManager: Mounting plugin AudioCapture
LogPluginManager: Mounting plugin CableComponent
LogPluginManager: Mounting plugin CustomMeshComponent
LogPluginManager: Mounting plugin ExampleDeviceProfileSelector
LogPluginManager: Mounting plugin GoogleCloudMessaging
LogPluginManager: Mounting plugin ImmediatePhysics
LogPluginManager: Mounting plugin IOSDeviceProfileSelector
LogPluginManager: Mounting plugin LinuxDeviceProfileSelector
LogPluginManager: Mounting plugin LocationServicesBPLibrary
LogPluginManager: Mounting plugin MobilePatchingUtils
LogPluginManager: Mounting plugin OculusVR
LogPluginManager: Plugin shader directory ../../../Engine/Plugins/Runtime/Oculus/OculusVR/Shaders found
LogPluginManager: Mapping shader source directory ../../../Engine/Plugins/Runtime/Oculus/OculusVR/Shaders to virtual directory /Plugin/OculusVR
LogPluginManager: Mounting plugin PhysXVehicles
LogPluginManager: Mounting plugin ProceduralMeshComponent
LogPluginManager: Mounting plugin RuntimePhysXCooking
LogPluginManager: Mounting plugin SteamVR
LogPluginManager: Mounting plugin WindowsMoviePlayer
LogStreaming: Display: Took  0.637s to configure plugins.
LogModuleManager: Display: Found up-to-date module file ../../../../../../UE_Project/BattleRoyal/Binaries/Win64/UE4Editor-BattleRoyal-8022.dll (API version 3944462).
LogModuleManager: Display: Found up-to-date module file ../../../Engine/Plugins/2D/Paper2D/Binaries/Win64/UE4Editor-Paper2D.dll (API version 3944462).
LogModuleManager: Display: Found up-to-date module file ../../../Engine/Plugins/2D/Paper2D/Binaries/Win64/UE4Editor-Paper2DEditor.dll (API version 3944462).
LogModuleManager: Display: Found up-to-date module file ../../../Engine/Plugins/2D/Paper2D/Binaries/Win64/UE4Editor-PaperSpriteSheetImporter.dll (API version 3944462).
LogModuleManager: Display: Found up-to-date module file ../../../Engine/Plugins/2D/Paper2D/Binaries/Win64/UE4Editor-PaperTiledImporter.dll (API version 3944462).
LogModuleManager: Display: Found up-to-date module file ../../../Engine/Plugins/2D/Paper2D/Binaries/Win64/UE4Editor-SmartSnapping.dll (API version 3944462).
LogModuleManager: Display: Found up-to-date module file ../../../Engine/Plugins/Animation/LiveLink/Binaries/Win64/UE4Editor-LiveLink.dll (API version 3944462).
LogModuleManager: Display: Found up-to-date module file ../../../Engine/Plugins/Animation/LiveLink/Binaries/Win64/UE4Editor-LiveLinkEditor.dll (API version 3944462).
LogModuleManager: Display: Found up-to-date module file ../../../Engine/Plugins/Blendables/LightPropagationVolume/Binaries/Win64/UE4Editor-LightPropagationVolumeRuntime.dll (API version 3944462).
LogModuleManager: Display: Found up-to-date module file ../../../Engine/Plugins/Blendables/LightPropagationVolume/Binaries/Win64/UE4Editor-LightPropagationVolumeEditor.dll (API version 3944462).
LogModuleManager: Display: Found up-to-date module file ../../../Engine/Plugins/Developer/CLionSourceCodeAccess/Binaries/Win64/UE4Editor-CLionSourceCodeAccess.dll (API version 3944462).
LogModuleManager: Display: Found up-to-date module file ../../../Engine/Plugins/Developer/GitSourceControl/Binaries/Win64/UE4Editor-GitSourceControl.dll (API version 3944462).
LogModuleManager: Display: Found up-to-date module file ../../../Engine/Plugins/Developer/PerforceSourceControl/Binaries/Win64/UE4Editor-PerforceSourceControl.dll (API version 3944462).
LogModuleManager: Display: Found up-to-date module file ../../../Engine/Plugins/Developer/SubversionSourceControl/Binaries/Win64/UE4Editor-SubversionSourceControl.dll (API version 3944462).
LogModuleManager: Display: Found up-to-date module file ../../../Engine/Plugins/Developer/UObjectPlugin/Binaries/Win64/UE4Editor-UObjectPlugin.dll (API version 3944462).
LogModuleManager: Display: Found up-to-date module file ../../../Engine/Plugins/Developer/VisualStudioCodeSourceCodeAccess/Binaries/Win64/UE4Editor-VisualStudioCodeSourceCodeAccess.dll (API version 3944462).
LogModuleManager: Display: Found up-to-date module file ../../../Engine/Plugins/Developer/VisualStudioSourceCodeAccess/Binaries/Win64/UE4Editor-VisualStudioSourceCodeAccess.dll (API version 3944462).
LogModuleManager: Display: Found up-to-date module file ../../../Engine/Plugins/Editor/AssetManagerEditor/Binaries/Win64/UE4Editor-AssetManagerEditor.dll (API version 3944462).
LogModuleManager: Display: Found up-to-date module file ../../../Engine/Plugins/Editor/CryptoKeys/Binaries/Win64/UE4Editor-CryptoKeys.dll (API version 3944462).
LogModuleManager: Display: Found up-to-date module file ../../../Engine/Plugins/Editor/CryptoKeys/Binaries/Win64/UE4Editor-CryptoKeysOpenSSL.dll (API version 3944462).
LogModuleManager: Display: Found up-to-date module file ../../../Engine/Plugins/Editor/DataValidation/Binaries/Win64/UE4Editor-DataValidation.dll (API version 3944462).
LogModuleManager: Display: Found up-to-date module file ../../../Engine/Plugins/Editor/FacialAnimation/Binaries/Win64/UE4Editor-FacialAnimation.dll (API version 3944462).
LogModuleManager: Display: Found up-to-date module file ../../../Engine/Plugins/Editor/FacialAnimation/Binaries/Win64/UE4Editor-FacialAnimationEditor.dll (API version 3944462).
LogModuleManager: Display: Found up-to-date module file ../../../Engine/Plugins/Editor/GameplayTagsEditor/Binaries/Win64/UE4Editor-GameplayTagsEditor.dll (API version 3944462).
LogModuleManager: Display: Found up-to-date module file ../../../Engine/Plugins/Editor/MobileLauncherProfileWizard/Binaries/Win64/UE4Editor-MobileLauncherProfileWizard.dll (API version 3944462).
LogModuleManager: Display: Found up-to-date module file ../../../Engine/Plugins/Editor/PluginBrowser/Binaries/Win64/UE4Editor-PluginBrowser.dll (API version 3944462).
LogModuleManager: Display: Found up-to-date module file ../../../Engine/Plugins/Editor/SpeedTreeImporter/Binaries/Win64/UE4Editor-SpeedTreeImporter.dll (API version 3944462).
LogModuleManager: Display: Found up-to-date module file ../../../Engine/Plugins/Enterprise/DatasmithContent/Binaries/Win64/UE4Editor-DatasmithContent.dll (API version 3944462).
LogModuleManager: Display: Found up-to-date module file ../../../Engine/Plugins/Experimental/AlembicImporter/Binaries/Win64/UE4Editor-AlembicImporter.dll (API version 3944462).
LogModuleManager: Display: Found up-to-date module file ../../../Engine/Plugins/Experimental/AlembicImporter/Binaries/Win64/UE4Editor-AlembicLibrary.dll (API version 3944462).
LogModuleManager: Display: Found up-to-date module file ../../../Engine/Plugins/Experimental/CharacterAI/Binaries/Win64/UE4Editor-CharacterAI.dll (API version 3944462).
LogModuleManager: Display: Found up-to-date module file ../../../Engine/Plugins/Experimental/HTML5Networking/Binaries/Win64/UE4Editor-HTML5Networking.dll (API version 3944462).
LogModuleManager: Display: Found up-to-date module file ../../../Engine/Plugins/Media/AndroidMedia/Binaries/Win64/UE4Editor-AndroidMediaEditor.dll (API version 3944462).
LogModuleManager: Display: Found up-to-date module file ../../../Engine/Plugins/Media/AndroidMedia/Binaries/Win64/UE4Editor-AndroidMediaFactory.dll (API version 3944462).
LogModuleManager: Display: Found up-to-date module file ../../../Engine/Plugins/Media/AvfMedia/Binaries/Win64/UE4Editor-AvfMediaEditor.dll (API version 3944462).
LogModuleManager: Display: Found up-to-date module file ../../../Engine/Plugins/Media/AvfMedia/Binaries/Win64/UE4Editor-AvfMediaFactory.dll (API version 3944462).
LogModuleManager: Display: Found up-to-date module file ../../../Engine/Plugins/Media/AvfMedia/Binaries/Win64/UE4Editor-AvfMediaFactory.dll (API version 3944462).
LogModuleManager: Display: Found up-to-date module file ../../../Engine/Plugins/Media/ImgMedia/Binaries/Win64/UE4Editor-ImgMedia.dll (API version 3944462).
LogModuleManager: Display: Found up-to-date module file ../../../Engine/Plugins/Media/ImgMedia/Binaries/Win64/UE4Editor-ImgMediaEditor.dll (API version 3944462).
LogModuleManager: Display: Found up-to-date module file ../../../Engine/Plugins/Media/ImgMedia/Binaries/Win64/UE4Editor-ImgMediaFactory.dll (API version 3944462).
LogModuleManager: Display: Found up-to-date module file ../../../Engine/Plugins/Media/ImgMedia/Binaries/Win64/UE4Editor-ImgMediaFactory.dll (API version 3944462).
LogModuleManager: Display: Found up-to-date module file ../../../Engine/Plugins/Media/ImgMedia/Binaries/Win64/UE4Editor-OpenExrWrapper.dll (API version 3944462).
LogModuleManager: Display: Found up-to-date module file ../../../Engine/Plugins/Media/LinearTimecode/Binaries/Win64/UE4Editor-LinearTimecode.dll (API version 3944462).
LogModuleManager: Display: Found up-to-date module file ../../../Engine/Plugins/Media/MediaCompositing/Binaries/Win64/UE4Editor-MediaCompositing.dll (API version 3944462).
LogModuleManager: Display: Found up-to-date module file ../../../Engine/Plugins/Media/MediaCompositing/Binaries/Win64/UE4Editor-MediaCompositingEditor.dll (API version 3944462).
LogModuleManager: Display: Found up-to-date module file ../../../Engine/Plugins/Media/MediaPlayerEditor/Binaries/Win64/UE4Editor-MediaPlayerEditor.dll (API version 3944462).
LogModuleManager: Display: Found up-to-date module file ../../../Engine/Plugins/Media/WmfMedia/Binaries/Win64/UE4Editor-WmfMedia.dll (API version 3944462).
LogModuleManager: Display: Found up-to-date module file ../../../Engine/Plugins/Media/WmfMedia/Binaries/Win64/UE4Editor-WmfMediaEditor.dll (API version 3944462).
LogModuleManager: Display: Found up-to-date module file ../../../Engine/Plugins/Media/WmfMedia/Binaries/Win64/UE4Editor-WmfMediaFactory.dll (API version 3944462).
LogModuleManager: Display: Found up-to-date module file ../../../Engine/Plugins/Media/WmfMedia/Binaries/Win64/UE4Editor-WmfMediaFactory.dll (API version 3944462).
LogModuleManager: Display: Found up-to-date module file ../../../Engine/Plugins/Messaging/TcpMessaging/Binaries/Win64/UE4Editor-TcpMessaging.dll (API version 3944462).
LogModuleManager: Display: Found up-to-date module file ../../../Engine/Plugins/Messaging/UdpMessaging/Binaries/Win64/UE4Editor-UdpMessaging.dll (API version 3944462).
LogModuleManager: Display: Found up-to-date module file ../../../Engine/Plugins/MovieScene/ActorSequence/Binaries/Win64/UE4Editor-ActorSequence.dll (API version 3944462).
LogModuleManager: Display: Found up-to-date module file ../../../Engine/Plugins/MovieScene/LevelSequenceEditor/Binaries/Win64/UE4Editor-LevelSequenceEditor.dll (API version 3944462).
LogModuleManager: Display: Found up-to-date module file ../../../Engine/Plugins/MovieScene/MatineeToLevelSequence/Binaries/Win64/UE4Editor-MatineeToLevelSequence.dll (API version 3944462).
LogModuleManager: Display: Found up-to-date module file ../../../Engine/Plugins/NetcodeUnitTest/NetcodeUnitTest/Binaries/Win64/UE4Editor-NetcodeUnitTest.dll (API version 3944462).
LogModuleManager: Display: Found up-to-date module file ../../../Engine/Plugins/NetcodeUnitTest/NUTUnrealEngine4/Binaries/Win64/UE4Editor-NUTUnrealEngine4.dll (API version 3944462).
LogModuleManager: Display: Found up-to-date module file ../../../Engine/Plugins/Online/OnlineSubsystem/Binaries/Win64/UE4Editor-OnlineSubsystem.dll (API version 3944462).
LogModuleManager: Display: Found up-to-date module file ../../../Engine/Plugins/Online/OnlineSubsystemNull/Binaries/Win64/UE4Editor-OnlineSubsystemNull.dll (API version 3944462).
LogModuleManager: Display: Found up-to-date module file ../../../Engine/Plugins/Online/OnlineSubsystemUtils/Binaries/Win64/UE4Editor-OnlineSubsystemUtils.dll (API version 3944462).
LogModuleManager: Display: Found up-to-date module file ../../../Engine/Plugins/Online/OnlineSubsystemUtils/Binaries/Win64/UE4Editor-OnlineBlueprintSupport.dll (API version 3944462).
LogModuleManager: Display: Found up-to-date module file ../../../Engine/Plugins/Runtime/AndroidDeviceProfileSelector/Binaries/Win64/UE4Editor-AndroidDeviceProfileSelector.dll (API version 3944462).
LogModuleManager: Display: Found up-to-date module file ../../../Engine/Plugins/Runtime/AndroidPermission/Binaries/Win64/UE4Editor-AndroidPermission.dll (API version 3944462).
LogModuleManager: Display: Found up-to-date module file ../../../Engine/Plugins/Runtime/AppleARKit/Binaries/Win64/UE4Editor-AppleARKit.dll (API version 3944462).
LogModuleManager: Display: Found up-to-date module file ../../../Engine/Plugins/Runtime/ArchVisCharacter/Binaries/Win64/UE4Editor-ArchVisCharacter.dll (API version 3944462).
LogModuleManager: Display: Found up-to-date module file ../../../Engine/Plugins/Runtime/AudioCapture/Binaries/Win64/UE4Editor-AudioCapture.dll (API version 3944462).
LogModuleManager: Display: Found up-to-date module file ../../../Engine/Plugins/Runtime/AudioCapture/Binaries/Win64/UE4Editor-AudioCaptureEditor.dll (API version 3944462).
LogModuleManager: Display: Found up-to-date module file ../../../Engine/Plugins/Runtime/CableComponent/Binaries/Win64/UE4Editor-CableComponent.dll (API version 3944462).
LogModuleManager: Display: Found up-to-date module file ../../../Engine/Plugins/Runtime/CustomMeshComponent/Binaries/Win64/UE4Editor-CustomMeshComponent.dll (API version 3944462).
LogModuleManager: Display: Found up-to-date module file ../../../Engine/Plugins/Runtime/ExampleDeviceProfileSelector/Binaries/Win64/UE4Editor-ExampleDeviceProfileSelector.dll (API version 3944462).
LogModuleManager: Display: Found up-to-date module file ../../../Engine/Plugins/Runtime/ImmediatePhysics/Binaries/Win64/UE4Editor-ImmediatePhysics.dll (API version 3944462).
LogModuleManager: Display: Found up-to-date module file ../../../Engine/Plugins/Runtime/ImmediatePhysics/Binaries/Win64/UE4Editor-ImmediatePhysicsEditor.dll (API version 3944462).
LogModuleManager: Display: Found up-to-date module file ../../../Engine/Plugins/Runtime/LocationServicesBPLibrary/Binaries/Win64/UE4Editor-LocationServicesBPLibrary.dll (API version 3944462).
LogModuleManager: Display: Found up-to-date module file ../../../Engine/Plugins/Runtime/MobilePatchingUtils/Binaries/Win64/UE4Editor-MobilePatchingUtils.dll (API version 3944462).
LogModuleManager: Display: Found up-to-date module file ../../../Engine/Plugins/Runtime/Oculus/OculusVR/Binaries/Win64/UE4Editor-OculusHMD.dll (API version 3944462).
LogModuleManager: Display: Found up-to-date module file ../../../Engine/Plugins/Runtime/Oculus/OculusVR/Binaries/Win64/UE4Editor-OculusInput.dll (API version 3944462).
LogModuleManager: Display: Found up-to-date module file ../../../Engine/Plugins/Runtime/Oculus/OculusVR/Binaries/Win64/UE4Editor-OculusEditor.dll (API version 3944462).
LogModuleManager: Display: Found up-to-date module file ../../../Engine/Plugins/Runtime/PhysXVehicles/Binaries/Win64/UE4Editor-PhysXVehicles.dll (API version 3944462).
LogModuleManager: Display: Found up-to-date module file ../../../Engine/Plugins/Runtime/PhysXVehicles/Binaries/Win64/UE4Editor-PhysXVehiclesEditor.dll (API version 3944462).
LogModuleManager: Display: Found up-to-date module file ../../../Engine/Plugins/Runtime/ProceduralMeshComponent/Binaries/Win64/UE4Editor-ProceduralMeshComponent.dll (API version 3944462).
LogModuleManager: Display: Found up-to-date module file ../../../Engine/Plugins/Runtime/ProceduralMeshComponent/Binaries/Win64/UE4Editor-ProceduralMeshComponentEditor.dll (API version 3944462).
LogModuleManager: Display: Found up-to-date module file ../../../Engine/Plugins/Runtime/RuntimePhysXCooking/Binaries/Win64/UE4Editor-RuntimePhysXCooking.dll (API version 3944462).
LogModuleManager: Display: Found up-to-date module file ../../../Engine/Plugins/Runtime/Steam/SteamVR/Binaries/Win64/UE4Editor-SteamVR.dll (API version 3944462).
LogModuleManager: Display: Found up-to-date module file ../../../Engine/Plugins/Runtime/Steam/SteamVR/Binaries/Win64/UE4Editor-SteamVRController.dll (API version 3944462).
LogModuleManager: Display: Found up-to-date module file ../../../Engine/Plugins/Runtime/WindowsMoviePlayer/Binaries/Win64/UE4Editor-WindowsMoviePlayer.dll (API version 3944462).
LogInit: Using libcurl 7.47.1
LogInit:  - built for x86_64-pc-win32
LogInit:  - supports SSL with OpenSSL/1.0.2g
LogInit:  - supports HTTP deflate (compression) using libz 1.2.8
LogInit:  - other features:
LogInit:      CURL_VERSION_SSL
LogInit:      CURL_VERSION_LIBZ
LogInit:      CURL_VERSION_IPV6
LogInit:      CURL_VERSION_ASYNCHDNS
LogInit:      CURL_VERSION_LARGEFILE
LogInit:      CURL_VERSION_IDN
LogInit:  CurlRequestOptions (configurable via config and command line):
LogInit:  - bVerifyPeer = false  - Libcurl will NOT verify peer certificate
LogInit:  - bUseHttpProxy = false  - Libcurl will NOT use HTTP proxy
LogInit:  - bDontReuseConnections = false  - Libcurl will reuse connections
LogInit:  - CertBundlePath = nullptr  - Libcurl will use whatever was configured at build time.
LogInit:  - MaxHostConnections = 16  - Libcurl will limit the number of connections to a host
LogInit:  - LocalHostAddr = Default
LogInit: WinSock: version 1.1 (2.2), MaxSocks=32767, MaxUdp=65467
LogInit: WinSock: I am DESKTOP-A4CSULD (175.197.228.104:0)
LogInit: Build: ++UE4+Release-4.19-CL-4033788
LogInit: Engine Version: 4.19.2-4033788+++UE4+Release-4.19
LogInit: Compatible Engine Version: 4.19.0-3944462+++UE4+Release-4.19
LogInit: Net CL: 3944462
LogDevObjectVersion: Number of dev versions registered: 18
LogDevObjectVersion:   Dev-Blueprints (B0D832E4-1F89-4F0D-ACCF-7EB736FD4AA2): 10
LogDevObjectVersion:   Dev-Build (E1C64328-A22C-4D53-A36C-8E866417BD8C): 0
LogDevObjectVersion:   Dev-Core (375EC13C-06E4-48FB-B500-84F0262A717E): 2
LogDevObjectVersion:   Dev-Editor (E4B068ED-F494-42E9-A231-DA0B2E46BB41): 23
LogDevObjectVersion:   Dev-Framework (CFFC743F-43B0-4480-9391-14DF171D2073): 33
LogDevObjectVersion:   Dev-Mobile (B02B49B5-BB20-44E9-A304-32B752E40360): 2
LogDevObjectVersion:   Dev-Networking (A4E4105C-59A1-49B5-A7C5-40C4547EDFEE): 0
LogDevObjectVersion:   Dev-Online (39C831C9-5AE6-47DC-9A44-9C173E1C8E7C): 0
LogDevObjectVersion:   Dev-Physics (78F01B33-EBEA-4F98-B9B4-84EACCB95AA2): 0
LogDevObjectVersion:   Dev-Platform (6631380F-2D4D-43E0-8009-CF276956A95A): 0
LogDevObjectVersion:   Dev-Rendering (12F88B9F-8875-4AFC-A67C-D90C383ABD29): 25
LogDevObjectVersion:   Dev-Sequencer (7B5AE74C-D270-4C10-A958-57980B212A5A): 6
LogDevObjectVersion:   Dev-VR (D7296918-1DD6-4BDD-9DE2-64A83CC13884): 1
LogDevObjectVersion:   Dev-LoadTimes (C2A15278-BFE7-4AFE-6C17-90FF531DF755): 1
LogDevObjectVersion:   Private-Geometry (6EACA3D4-40EC-4CC1-B786-8BED09428FC5): 2
LogDevObjectVersion:   Dev-AnimPhys (29E575DD-E0A3-4627-9D10-D276232CDCEA): 16
LogDevObjectVersion:   Dev-ReflectionCapture (6B266CEC-1EC7-4B8F-A30B-E4D90942FC07): 1
LogDevObjectVersion:   Dev-Automation (0DF73D61-A23F-47EA-B727-89E90C41499A): 1
LogInit: Compiled (64-bit): Apr 27 2018 02:06:57
LogInit: Compiled with Visual C++: 19.00.24215.01
LogInit: Build Configuration: Development
LogInit: Branch Name: ++UE4+Release-4.19
LogInit: Command Line:  
LogInit: Base Directory: D:/Tools/EpicGames/UE_4.19/Engine/Binaries/Win64/
LogInit: Installed Engine Build: 1
LogStreaming: Display: Took  0.090s to delete old logs.
LogInit: Presizing for max 8388607 objects, including 0 objects not considered by GC, pre-allocating 0 bytes for permanent pool.
LogInit: Object subsystem initialized
[2023.06.05-09.58.31:372][  0]LogInit: Selected Device Profile: [Windows]
[2023.06.05-09.58.31:372][  0]LogInit: Applying CVar settings loaded from the selected device profile: [Windows]
[2023.06.05-09.58.31:494][  0]LogInit: Computer: DESKTOP-A4CSULD
[2023.06.05-09.58.31:494][  0]LogInit: User: 82104
[2023.06.05-09.58.31:494][  0]LogInit: CPU Page size=4096, Cores=8
[2023.06.05-09.58.31:494][  0]LogInit: High frequency timer resolution =10.000000 MHz
[2023.06.05-09.58.31:495][  0]LogMemory: Memory total: Physical=31.9GB (32GB approx)
[2023.06.05-09.58.31:495][  0]LogMemory: Platform Memory Stats for Windows
[2023.06.05-09.58.31:495][  0]LogMemory: Process Physical Memory: 280.26 MB used, 280.27 MB peak
[2023.06.05-09.58.31:495][  0]LogMemory: Process Virtual Memory: 281.70 MB used, 281.70 MB peak
[2023.06.05-09.58.31:495][  0]LogMemory: Physical Memory: 6372.87 MB used,  26343.24 MB free, 32716.11 MB total
[2023.06.05-09.58.31:495][  0]LogMemory: Virtual Memory: 4822.81 MB used,  26343.24 MB free, 134217728.00 MB total
[2023.06.05-09.58.32:382][  0]LogInit: Using OS detected language (ko-KR).
[2023.06.05-09.58.32:382][  0]LogInit: Using OS detected locale (ko-KR).
[2023.06.05-09.58.32:707][  0]LogTextLocalizationManager: No specific localization for 'ko-KR' exists, so the 'ko' localization will be used.
[2023.06.05-09.58.33:330][  0]LogStreaming: Display: Took  0.949s to EndInitTextLocalization.
[2023.06.05-09.58.33:330][  0]LogInit: Setting process to per monitor DPI aware
[2023.06.05-09.58.33:757][  0]LogSlate: New Slate User Created.  User Index 0, Is Virtual User: 0
[2023.06.05-09.58.33:757][  0]LogSlate: Slate User Registered.  User Index 0, Is Virtual User: 0
[2023.06.05-09.58.42:127][  0]LogD3D11RHI: D3D11 adapters:
[2023.06.05-09.58.42:272][  0]LogD3D11RHI:    0. 'NVIDIA GeForce GTX 1660 Ti' (Feature Level 11_0)
[2023.06.05-09.58.42:272][  0]LogD3D11RHI:       5979/0/16358 MB DedicatedVideo/DedicatedSystem/SharedSystem, Outputs:2, VendorId:0x10de
[2023.06.05-09.58.42:274][  0]LogD3D11RHI:    1. 'Microsoft Basic Render Driver' (Feature Level 11_0)
[2023.06.05-09.58.42:274][  0]LogD3D11RHI:       0/0/16358 MB DedicatedVideo/DedicatedSystem/SharedSystem, Outputs:0, VendorId:0x1414
[2023.06.05-09.58.42:274][  0]LogD3D11RHI: Chosen D3D11 Adapter: 0
[2023.06.05-09.58.42:281][  0]LogD3D11RHI: Creating new Direct3DDevice
[2023.06.05-09.58.42:281][  0]LogD3D11RHI:     GPU DeviceId: 0x2182 (for the marketing name, search the web for "GPU Device Id")
[2023.06.05-09.58.42:281][  0]LogWindows: EnumDisplayDevices:
[2023.06.05-09.58.42:281][  0]LogWindows:    0. 'NVIDIA GeForce GTX 1660 Ti' (P:1 D:1)
[2023.06.05-09.58.42:281][  0]LogWindows:    1. 'NVIDIA GeForce GTX 1660 Ti' (P:0 D:1)
[2023.06.05-09.58.42:281][  0]LogWindows:    2. 'NVIDIA GeForce GTX 1660 Ti' (P:0 D:0)
[2023.06.05-09.58.42:282][  0]LogWindows:    3. 'NVIDIA GeForce GTX 1660 Ti' (P:0 D:0)
[2023.06.05-09.58.42:282][  0]LogWindows: DebugString: GetVideoDriverDetailsInvalid PrimaryIsNotTheChoosenAdapter GetVideoDriverDetailsInvalid PrimaryIsNotTheChoosenAdapter GetVideoDriverDetailsInvalid PrimaryIsNotTheChoosenAdapter GetVideoDriverDetailsInvalid PrimaryIsNotTheChoosenAdapter FoundDriverCount:0 
[2023.06.05-09.58.42:282][  0]LogD3D11RHI:     Adapter Name: NVIDIA GeForce GTX 1660 Ti
[2023.06.05-09.58.42:282][  0]LogD3D11RHI:   Driver Version: Unknown (internal:Unknown, unified:Unknown)
[2023.06.05-09.58.42:282][  0]LogD3D11RHI:      Driver Date: Unknown
[2023.06.05-09.58.42:282][  0]LogRHI: Texture pool is 4185 MB (70% of 5979 MB)
[2023.06.05-09.58.42:381][  0]LogD3D11RHI: [Aftermath] Aftermath enabled and primed
[2023.06.05-09.58.42:381][  0]LogD3D11RHI: [Aftermath] Aftermath enabled and primed
[2023.06.05-09.58.42:381][  0]LogD3D11RHI: Async texture creation enabled
[2023.06.05-09.58.42:412][  0]LogD3D11RHI: GPU Timing Frequency: 1000.000000 (Debug: 2 1)
[2023.06.05-09.58.42:414][  0]LogD3D11RHI: HDR output is supported on display 0 (NvId: 0x80061081).
[2023.06.05-09.58.42:414][  0]LogShaderCompilers: Guid format shader working directory is 9 characters bigger than the processId version (../../../../../../UE_Project/BattleRoyal/Intermediate/Shaders/WorkingDirectory/8972/).
[2023.06.05-09.58.42:414][  0]LogShaderCompilers: Cleaned the shader compiler working directory 'C:/Users/Wonjeong/AppData/Local/Temp/UnrealShaderWorkingDir/7760E8A04A633CE5AEE5899D7C7FA551/'.
[2023.06.05-09.58.43:897][  0]LogTemp: Display: Loaded TP AllDesktopTargetPlatform
[2023.06.05-09.58.43:912][  0]LogTemp: Display: Loaded TP MacClientTargetPlatform
[2023.06.05-09.58.43:926][  0]LogTemp: Display: Loaded TP MacNoEditorTargetPlatform
[2023.06.05-09.58.43:940][  0]LogTemp: Display: Loaded TP MacServerTargetPlatform
[2023.06.05-09.58.43:984][  0]LogTemp: Display: Loaded TP MacTargetPlatform
[2023.06.05-09.58.43:998][  0]LogTemp: Display: Loaded TP WindowsClientTargetPlatform
[2023.06.05-09.58.44:013][  0]LogTemp: Display: Loaded TP WindowsNoEditorTargetPlatform
[2023.06.05-09.58.44:027][  0]LogTemp: Display: Loaded TP WindowsServerTargetPlatform
[2023.06.05-09.58.44:034][  0]LogTemp: Display: Loaded TP WindowsTargetPlatform
[2023.06.05-09.58.44:047][  0]LogTemp: Display: Loaded TP Android_ASTCTargetPlatform
[2023.06.05-09.58.44:060][  0]LogTemp: Display: Loaded TP Android_ATCTargetPlatform
[2023.06.05-09.58.44:073][  0]LogTemp: Display: Loaded TP Android_DXTTargetPlatform
[2023.06.05-09.58.44:086][  0]LogTemp: Display: Loaded TP Android_ETC1aTargetPlatform
[2023.06.05-09.58.44:099][  0]LogTemp: Display: Loaded TP Android_ETC1TargetPlatform
[2023.06.05-09.58.44:112][  0]LogTemp: Display: Loaded TP Android_ETC2TargetPlatform
[2023.06.05-09.58.44:138][  0]LogTemp: Display: Loaded TP Android_MultiTargetPlatform
[2023.06.05-09.58.44:138][  0]LogTemp: Display: Loaded TP Android_PVRTCTargetPlatform
[2023.06.05-09.58.44:161][  0]LogTemp: Display: Loaded TP AndroidTargetPlatform
[2023.06.05-09.58.44:163][  0]LogTemp: Display: Loaded TP HTML5TargetPlatform
[2023.06.05-09.58.44:262][  0]LogTemp: Display: Loaded TP IOSTargetPlatform
[2023.06.05-09.58.44:274][  0]LogTemp: Display: Loaded TP TVOSTargetPlatform
[2023.06.05-09.58.44:287][  0]LogTemp: Display: Loaded TP LinuxClientTargetPlatform
[2023.06.05-09.58.44:300][  0]LogTemp: Display: Loaded TP LinuxNoEditorTargetPlatform
[2023.06.05-09.58.44:313][  0]LogTemp: Display: Loaded TP LinuxServerTargetPlatform
[2023.06.05-09.58.44:335][  0]LogTemp: Display: Loaded TP LinuxTargetPlatform
[2023.06.05-09.58.44:335][  0]LogTargetPlatformManager: Display: Building Assets For Windows
[2023.06.05-09.58.45:271][  0]LogXGEController: Cleaning working directory: C:/Users/Wonjeong/AppData/Local/Temp/UnrealXGEWorkingDir/
[2023.06.05-09.58.45:271][  0]LogXGEController: Cannot use XGE Controller as Incredibuild is not installed on this machine.
[2023.06.05-09.58.45:271][  0]LogShaderCompilers: Cannot use XGE Shader Compiler as Incredibuild is not installed on this machine.
[2023.06.05-09.58.45:271][  0]LogShaderCompilers: Display: Using Local Shader Compiler.
[2023.06.05-09.58.47:754][  0]LogDerivedDataCache: Display: Max Cache Size: 512 MB
[2023.06.05-09.58.48:050][  0]LogDerivedDataCache: Loaded boot cache 0.30s 81MB C:/Users/Wonjeong/AppData/Local/UnrealEngine/4.19/DerivedDataCache/Boot.ddc.
[2023.06.05-09.58.48:050][  0]LogDerivedDataCache: Display: Loaded Boot cache: C:/Users/Wonjeong/AppData/Local/UnrealEngine/4.19/DerivedDataCache/Boot.ddc
[2023.06.05-09.58.48:050][  0]LogDerivedDataCache: FDerivedDataBackendGraph:  Pak pak cache file ../../../../../../UE_Project/BattleRoyal/DerivedDataCache/DDC.ddp not found, will not use a pak cache.
[2023.06.05-09.58.48:050][  0]LogDerivedDataCache: Unable to find inner node Pak for hierarchical cache Hierarchy.
[2023.06.05-09.58.48:050][  0]LogDerivedDataCache: FDerivedDataBackendGraph:  CompressedPak pak cache file ../../../../../../UE_Project/BattleRoyal/DerivedDataCache/Compressed.ddp not found, will not use a pak cache.
[2023.06.05-09.58.48:050][  0]LogDerivedDataCache: Unable to find inner node CompressedPak for hierarchical cache Hierarchy.
[2023.06.05-09.58.48:131][  0]LogDerivedDataCache: Display: Pak cache opened for reading ../../../Engine/DerivedDataCache/Compressed.ddp.
[2023.06.05-09.58.48:144][  0]LogDerivedDataCache: Using Local data cache path C:/Users/Wonjeong/AppData/Local/UnrealEngine/Common/DerivedDataCache: Writable
[2023.06.05-09.58.48:144][  0]LogDerivedDataCache: Shared data cache path not found in *engine.ini, will not use an Shared cache.
[2023.06.05-09.58.48:144][  0]LogDerivedDataCache: Unable to find inner node Shared for hierarchical cache Hierarchy.
[2023.06.05-09.58.48:155][  0]LogMaterial: Verifying Global Shaders for PCD3D_SM5
[2023.06.05-09.58.48:156][  0]LogSlate: Using Freetype 2.6.0
[2023.06.05-09.58.48:215][  0]LogSlate: SlateFontCache - WITH_FREETYPE: 1, WITH_HARFBUZZ: 1
[2023.06.05-09.58.48:215][  0]LogSlate: SlateFontCache - WITH_FREETYPE: 1, WITH_HARFBUZZ: 1
[2023.06.05-09.58.56:660][  0]LogAssetRegistry: FAssetRegistry took 0.0265 seconds to start up
[2023.06.05-09.58.57:015][  0]LogInit: Selected Device Profile: [Windows]
[2023.06.05-09.58.57:698][  0]LogSimplygon: Simplygon DLL not present - disabling.
[2023.06.05-09.58.57:701][  0]LogMeshReduction: Using SimplygonSwarm for distributed automatic mesh merging
[2023.06.05-09.58.57:701][  0]LogMeshReduction: Using QuadricMeshReduction for automatic static mesh reduction
[2023.06.05-09.58.57:701][  0]LogMeshReduction: No automatic skeletal mesh reduction module available
[2023.06.05-09.58.57:701][  0]LogMeshReduction: No automatic mesh merging module available
[2023.06.05-09.58.57:701][  0]LogMeshMerging: No automatic mesh merging module available
[2023.06.05-09.58.57:775][  0]LogNetVersion: BattleRoyal , NetCL: 3944462, EngineNetVer: 2, GameNetVer: 0 (Checksum: 3060849375)
[2023.06.05-09.58.59:566][  0]LogPackageLocalizationCache: Processed 9 localized package path(s) for 2 prioritized culture(s) in 0.103820 seconds
[2023.06.05-09.58.59:572][  0]LogUObjectArray: 36728 objects as part of root set at end of initial load.
[2023.06.05-09.58.59:572][  0]LogUObjectAllocator: 7314312 out of 0 bytes used by permanent object pool.
[2023.06.05-09.58.59:572][  0]LogUObjectArray: CloseDisregardForGC: 0/0 objects in disregard for GC pool
[2023.06.05-09.59.12:728][  0]LogTcpMessaging: Initializing TcpMessaging bridge
[2023.06.05-09.59.12:756][  0]LogUdpMessaging: Initializing bridge on interface 0.0.0.0:0 to multicast group 230.0.0.1:6666.
[2023.06.05-09.59.13:672][  0]LogSkeletalMesh: Skeletal Mesh found in DDC [0.735400ms] /Game/Characters/Female/Parts/SK_Female_Body_Head.SK_Female_Body_Head
[2023.06.05-09.59.13:860][  0]LogUObjectGlobals: Created PersistentFrame Addr=0x0000025e4136c4e0, Size=16, Default__BP_Parachute_C Function /Game/Characters/BP_Parachute.BP_Parachute_C:ExecuteUbergraph_BP_Parachute
[2023.06.05-09.59.13:863][  0]LogUObjectGlobals: Destroyed PersistentFrame Addr=0x0000025e4136c4e0, Size=16
[2023.06.05-09.59.13:863][  0]LogUObjectGlobals: Created PersistentFrame Addr=0x0000025e4136c4e0, Size=16, Default__BP_Parachute_C Function /Engine/Transient.REINST_BP_Parachute_C_1:ExecuteUbergraph_BP_Parachute
[2023.06.05-09.59.13:866][  0]LogUObjectGlobals: Created PersistentFrame Addr=0x0000025e5005bf50, Size=16, Default__BP_Parachute_C Function /Game/Characters/BP_Parachute.BP_Parachute_C:ExecuteUbergraph_BP_Parachute
[2023.06.05-09.59.14:858][  0]LogUObjectGlobals: Created PersistentFrame Addr=0x0000025e4f650a38, Size=4, Default__BP_GrenadeProjectile_C Function /Game/Weapons/BP_GrenadeProjectile.BP_GrenadeProjectile_C:ExecuteUbergraph_BP_GrenadeProjectile
[2023.06.05-09.59.14:861][  0]LogUObjectGlobals: Destroyed PersistentFrame Addr=0x0000025e4f650a38, Size=4
[2023.06.05-09.59.14:861][  0]LogUObjectGlobals: Created PersistentFrame Addr=0x0000025e4f650a38, Size=4, Default__BP_GrenadeProjectile_C Function /Engine/Transient.REINST_BP_GrenadeProjectile_C_4:ExecuteUbergraph_BP_GrenadeProjectile
[2023.06.05-09.59.14:862][  0]LogUObjectGlobals: Created PersistentFrame Addr=0x0000025e4f6508d0, Size=4, Default__BP_GrenadeProjectile_C Function /Game/Weapons/BP_GrenadeProjectile.BP_GrenadeProjectile_C:ExecuteUbergraph_BP_GrenadeProjectile
[2023.06.05-09.59.15:948][  0]LogUObjectGlobals: Created PersistentFrame Addr=0x0000025e5117af48, Size=4, Default__WidgetBP_ClientMain_C Function /Game/GameModes/Battle/UMG/WidgetBP_ClientMain.WidgetBP_ClientMain_C:ExecuteUbergraph_WidgetBP_ClientMain
[2023.06.05-09.59.15:951][  0]LogUObjectGlobals: Destroyed PersistentFrame Addr=0x0000025e5117af48, Size=4
[2023.06.05-09.59.15:951][  0]LogUObjectGlobals: Created PersistentFrame Addr=0x0000025e5117af48, Size=4, Default__WidgetBP_ClientMain_C Function /Engine/Transient.REINST_WidgetBP_ClientMain_C_2:ExecuteUbergraph_WidgetBP_ClientMain
[2023.06.05-09.59.15:953][  0]LogUObjectGlobals: Created PersistentFrame Addr=0x0000025e5117ada8, Size=4, Default__WidgetBP_ClientMain_C Function /Game/GameModes/Battle/UMG/WidgetBP_ClientMain.WidgetBP_ClientMain_C:ExecuteUbergraph_WidgetBP_ClientMain
[2023.06.05-09.59.16:417][  0]LogUObjectGlobals: Created PersistentFrame Addr=0x0000025e51e48800, Size=1296, Default__BP_Player_C Function /Game/Characters/BP_Player.BP_Player_C:ExecuteUbergraph_BP_Player
[2023.06.05-09.59.16:419][  0]LogUObjectGlobals: Created PersistentFrame Addr=0x0000025e51e0c700, Size=344, Default__AnimBP_Player_C Function /Game/Characters/AnimBP_Player.AnimBP_Player_C:ExecuteUbergraph_AnimBP_Player
[2023.06.05-09.59.16:725][  0]LogUObjectGlobals: Created PersistentFrame Addr=0x0000025e5117a5a8, Size=4, Default__WidgetBP_Interaction_C Function /Game/Characters/HUD/WidgetBP_Interaction.WidgetBP_Interaction_C:ExecuteUbergraph_WidgetBP_Interaction
[2023.06.05-09.59.16:893][  0]LogUObjectGlobals: Destroyed PersistentFrame Addr=0x0000025e51e0c700, Size=344
[2023.06.05-09.59.16:893][  0]LogUObjectGlobals: Created PersistentFrame Addr=0x0000025e52634880, Size=344, Default__AnimBP_Player_C Function /Engine/Transient.REINST_AnimBP_Player_C_0:ExecuteUbergraph_AnimBP_Player
[2023.06.05-09.59.16:894][  0]LogUObjectGlobals: Destroyed PersistentFrame Addr=0x0000025e51e48800, Size=1296
[2023.06.05-09.59.16:894][  0]LogUObjectGlobals: Created PersistentFrame Addr=0x0000025e526c8800, Size=1296, Default__BP_Player_C Function /Engine/Transient.REINST_BP_Player_C_11:ExecuteUbergraph_BP_Player
[2023.06.05-09.59.16:894][  0]LogUObjectGlobals: Destroyed PersistentFrame Addr=0x0000025e5117a5a8, Size=4
[2023.06.05-09.59.16:894][  0]LogUObjectGlobals: Created PersistentFrame Addr=0x0000025e5117a5a8, Size=4, Default__WidgetBP_Interaction_C Function /Engine/Transient.REINST_WidgetBP_Interaction_C_4:ExecuteUbergraph_WidgetBP_Interaction
[2023.06.05-09.59.16:927][  0]LogUObjectGlobals: Created PersistentFrame Addr=0x0000025e52456980, Size=344, Default__AnimBP_Player_C Function /Game/Characters/AnimBP_Player.AnimBP_Player_C:ExecuteUbergraph_AnimBP_Player
[2023.06.05-09.59.16:931][  0]LogUObjectGlobals: Created PersistentFrame Addr=0x0000025e523d7200, Size=1296, Default__BP_Player_C Function /Game/Characters/BP_Player.BP_Player_C:ExecuteUbergraph_BP_Player
[2023.06.05-09.59.16:933][  0]LogUObjectGlobals: Created PersistentFrame Addr=0x0000025e523ffed8, Size=4, Default__WidgetBP_Interaction_C Function /Game/Characters/HUD/WidgetBP_Interaction.WidgetBP_Interaction_C:ExecuteUbergraph_WidgetBP_Interaction
[2023.06.05-09.59.16:971][  0]LogBlueprint: Warning: Node '/Game/Characters/BP_Player.BP_Player:EventGraph.K2Node_Event_7' missing NodeGuid, this can cause deterministic cooking issues please resave package.
[2023.06.05-09.59.16:973][  0]LogSkeletalMesh: Skeletal Mesh found in DDC [0.427700ms] /Game/Characters/Female/Parts/SK_Female_Body_Upper.SK_Female_Body_Upper
[2023.06.05-09.59.16:973][  0]LogSkeletalMesh: Skeletal Mesh found in DDC [0.240000ms] /Game/Characters/Female/Parts/SK_Female_Body_Lower.SK_Female_Body_Lower
[2023.06.05-09.59.16:976][  0]LogSkeletalMesh: Skeletal Mesh found in DDC [0.330100ms] /Game/Characters/Female/Parts/SK_Female_Cloth_Helmet_Hair.SK_Female_Cloth_Helmet_Hair
[2023.06.05-09.59.17:167][  0]LogUObjectGlobals: Created PersistentFrame Addr=0x0000025e52409300, Size=72, Default__FirstPerson_AnimBP_C Function /Game/FirstPerson/Animations/FirstPerson_AnimBP.FirstPerson_AnimBP_C:ExecuteUbergraph_FirstPerson_AnimBP
[2023.06.05-09.59.17:175][  0]LogUObjectGlobals: Destroyed PersistentFrame Addr=0x0000025e52409300, Size=72
[2023.06.05-09.59.17:175][  0]LogUObjectGlobals: Created PersistentFrame Addr=0x0000025e529be160, Size=72, Default__FirstPerson_AnimBP_C Function /Engine/Transient.REINST_FirstPerson_AnimBP_C_1:ExecuteUbergraph_FirstPerson_AnimBP
[2023.06.05-09.59.17:182][  0]LogUObjectGlobals: Created PersistentFrame Addr=0x0000025e52ac0d10, Size=72, Default__FirstPerson_AnimBP_C Function /Game/FirstPerson/Animations/FirstPerson_AnimBP.FirstPerson_AnimBP_C:ExecuteUbergraph_FirstPerson_AnimBP
[2023.06.05-09.59.17:862][  0]LogSkeletalMesh: Skeletal Mesh found in DDC [0.696000ms] /Game/FirstPerson/Character/Mesh/SK_Mannequin_Arms.SK_Mannequin_Arms
[2023.06.05-09.59.17:870][  0]LogSkeletalMesh: Skeletal Mesh found in DDC [0.542700ms] /Game/FirstPerson/FPWeapon/Mesh/SK_FPGun.SK_FPGun
[2023.06.05-09.59.18:362][  0]SourceControl: 소스 콘트롤이 꺼졌습니다.
[2023.06.05-09.59.18:362][  0]SourceControl: 소스 콘트롤이 꺼졌습니다.
[2023.06.05-09.59.18:379][  0]SourceControl: 소스 콘트롤이 꺼졌습니다.
[2023.06.05-09.59.18:395][  0]SourceControl: 소스 콘트롤이 꺼졌습니다.
[2023.06.05-09.59.19:017][  0]LogAndroidPermission: UAndroidPermissionCallbackProxy::GetInstance
[2023.06.05-09.59.19:174][  0]LogOcInput: OculusInput pre-init called
[2023.06.05-09.59.19:406][  0]LogEngine: Initializing Engine...
[2023.06.05-09.59.19:408][  0]LogHMD: Failed to initialize OpenVR with code 110
[2023.06.05-09.59.19:410][  0]LogStats: UGameplayTagsManager::ConstructGameplayTagTree: Construct from data asset -  0.000 s
[2023.06.05-09.59.19:410][  0]LogStats: UGameplayTagsManager::ConstructGameplayTagTree: GameplayTagTreeChangedEvent.Broadcast -  0.000 s
[2023.06.05-09.59.20:058][  0]LogAIModule: Creating AISystem for world Untitled
[2023.06.05-09.59.20:076][  0]LogInit: XAudio2 using '24MP76(NVIDIA High Definition Audio)' : 2 channels at 48 kHz using 16 bits per sample (channel mask 0x3)
[2023.06.05-09.59.20:097][  0]LogInit: FAudioDevice initialized.
[2023.06.05-09.59.20:191][  0]LogDerivedDataCache: Saved boot cache 0.09s 81MB C:/Users/Wonjeong/AppData/Local/UnrealEngine/4.19/DerivedDataCache/Boot.ddc.
[2023.06.05-09.59.20:203][  0]LogInit: Texture streaming: Enabled
[2023.06.05-09.59.20:219][  0]LogEngineSessionManager: EngineSessionManager initialized
[2023.06.05-09.59.20:366][  0]LogInit: Transaction tracking system initialized
[2023.06.05-09.59.20:390][  0]BlueprintLog: New page: 에디터 로드
[2023.06.05-09.59.20:607][  0]LocalizationService: 현지화 서비스가 비활성화되었습니다.
[2023.06.05-09.59.20:816][  0]LogConsoleResponse: Display: 
[2023.06.05-09.59.21:726][  0]LogCook: Display: Max memory allowance for cook 16384mb min free memory 0mb
[2023.06.05-09.59.21:726][  0]LogCook: Display: Mobile HDR setting 1
[2023.06.05-09.59.21:726][  0]LogGameplayTags: Display: UGameplayTagsManager::DoneAddingNativeTags. DelegateIsBound: 0
[2023.06.05-09.59.21:726][  0]LogStats: UGameplayTagsManager::ConstructGameplayTagTree: Construct from data asset -  0.000 s
[2023.06.05-09.59.21:726][  0]LogStats: UGameplayTagsManager::ConstructGameplayTagTree: GameplayTagTreeChangedEvent.Broadcast -  0.000 s
[2023.06.05-09.59.22:817][  0]SourceControl: 소스 콘트롤이 꺼졌습니다.
[2023.06.05-09.59.22:817][  0]Cmd: MAP LOAD FILE="../../../../../../UE_Project/BattleRoyal/Content/ThirdPersonBP/Maps/Lobby.umap" TEMPLATE=0 SHOWPROGRESS=1 FEATURELEVEL=3
[2023.06.05-09.59.22:868][  0]LightingResults: New page: 라이팅 빌드
[2023.06.05-09.59.22:870][  0]MapCheck: New page: 맵 체크
[2023.06.05-09.59.22:870][  0]LightingResults: New page: 라이팅 빌드
[2023.06.05-09.59.22:878][  0]LogUObjectGlobals: Destroyed PersistentFrame Addr=0x0000025e4136c4e0, Size=16
[2023.06.05-09.59.22:879][  0]LogUObjectGlobals: Destroyed PersistentFrame Addr=0x0000025e4f650a38, Size=4
[2023.06.05-09.59.22:879][  0]LogUObjectGlobals: Destroyed PersistentFrame Addr=0x0000025e5117af48, Size=4
[2023.06.05-09.59.22:879][  0]LogUObjectGlobals: Destroyed PersistentFrame Addr=0x0000025e526c8800, Size=1296
[2023.06.05-09.59.22:879][  0]LogUObjectGlobals: Destroyed PersistentFrame Addr=0x0000025e52634880, Size=344
[2023.06.05-09.59.22:879][  0]LogUObjectGlobals: Destroyed PersistentFrame Addr=0x0000025e5117a5a8, Size=4
[2023.06.05-09.59.22:879][  0]LogUObjectGlobals: Destroyed PersistentFrame Addr=0x0000025e529be160, Size=72
[2023.06.05-09.59.23:541][  0]LogAIModule: Creating AISystem for world Lobby
[2023.06.05-09.59.23:601][  0]LogEditorServer: Finished looking for orphan Actors (0.000 secs)
[2023.06.05-09.59.23:611][  0]Cmd: MAP CHECKDEP NOCLEARLOG
[2023.06.05-09.59.23:678][  0]MapCheck: 맵 체크 완료: 오류 0 회, 경고 0 회, 소요 시간 66.874ms.
[2023.06.05-09.59.23:678][  0]LogFileHelpers: Loading map 'Lobby' took 0.861
[2023.06.05-09.59.23:984][  0]LogCollectionManager: Loaded 0 collections in 0.001559 seconds
[2023.06.05-09.59.24:027][  0]LogFileCache: Scanning file cache for directory 'D:/UE_Project/BattleRoyal/Saved/Collections/' took 0.01s
[2023.06.05-09.59.24:027][  0]LogFileCache: Scanning file cache for directory 'D:/UE_Project/BattleRoyal/Content/Developers/82104/Collections/' took 0.01s
[2023.06.05-09.59.24:027][  0]LogFileCache: Scanning file cache for directory 'D:/UE_Project/BattleRoyal/Content/Collections/' took 0.01s
[2023.06.05-09.59.24:027][  0]LogCollectionManager: Rebuilt the GUID cache for 0 collections in 0.000000 seconds
[2023.06.05-09.59.24:039][  0]LogContentBrowser: Native class hierarchy populated in 0.0110 seconds. Added 2476 classes and 565 folders.
[2023.06.05-09.59.24:048][  0]LogContentBrowser: Native class hierarchy updated for 'WidgetCarousel' in 0.0014 seconds. Added 0 classes and 0 folders.
[2023.06.05-09.59.24:933][  0]LogContentBrowser: Native class hierarchy updated for 'AddContentDialog' in 0.0014 seconds. Added 0 classes and 0 folders.
[2023.06.05-09.59.24:940][  0]LogContentBrowser: Native class hierarchy updated for 'SceneOutliner' in 0.0015 seconds. Added 1 classes and 2 folders.
[2023.06.05-09.59.25:077][  0]LogSlate: Took 0.015712 seconds to synchronously load lazily loaded font '../../../Engine/Content/Slate/Fonts/Roboto-Regular.ttf' (155K)
[2023.06.05-09.59.25:156][  0]LogSlate: Took 0.077398 seconds to synchronously load lazily loaded font '../../../Engine/Content/Editor/Slate/Fonts/NanumGothic.ttf' (4243K)
[2023.06.05-09.59.25:182][  0]LogSlate: Took 0.023996 seconds to synchronously load lazily loaded font '../../../Engine/Content/Editor/Slate/Fonts/NanumGothicBold.ttf' (4188K)
[2023.06.05-09.59.25:228][  0]LogSlate: Took 0.045657 seconds to synchronously load lazily loaded font '../../../Engine/Content/Slate/Fonts/Roboto-Bold.ttf' (160K)
[2023.06.05-09.59.25:241][  0]LogSlate: Took 0.010535 seconds to synchronously load lazily loaded font '../../../Engine/Content/Editor/Slate/Fonts/FontAwesome.ttf' (139K)
[2023.06.05-09.59.25:524][  0]LogRenderer: Reallocating scene render targets to support 1932x652 Format 10 NumSamples 1 (Frame:1).
[2023.06.05-09.59.25:663][  0]LogContentBrowser: Native class hierarchy updated for 'HierarchicalLODOutliner' in 0.0014 seconds. Added 0 classes and 0 folders.
[2023.06.05-09.59.25:663][  0]LogLoad: (Engine Initialization) Total time: 81.75 seconds
[2023.06.05-09.59.25:663][  0]LogLoad: (Engine Initialization) Total Blueprint compile time: 0.00 seconds
[2023.06.05-09.59.26:021][  0]LogContentStreaming: Texture pool size now 1000 MB
[2023.06.05-09.59.26:142][  0]LogSlate: Took 0.005861 seconds to synchronously load lazily loaded font '../../../Engine/Content/Slate/Fonts/Roboto-Light.ttf' (167K)
[2023.06.05-09.59.26:354][  1]LogAssetRegistry: Asset discovery search completed in 29.7164 seconds
[2023.06.05-09.59.26:356][  1]LogCollectionManager: Rebuilt the object cache for 0 collections in 0.000000 seconds (found 0 objects)
[2023.06.05-09.59.26:356][  1]LogCollectionManager: Fixed up redirectors for 0 collections in 0.000069 seconds (updated 0 objects)
[2023.06.05-09.59.26:746][  3]LogSlate: Took 0.000219 seconds to synchronously load lazily loaded font '../../../Engine/Content/Slate/Fonts/Roboto-Light.ttf' (167K)
[2023.06.05-09.59.27:298][  3]LogContentBrowser: Native class hierarchy updated for 'BlueprintGraph' in 0.0018 seconds. Added 116 classes and 0 folders.
[2023.06.05-09.59.27:603][  3]LogUObjectGlobals: Created PersistentFrame Addr=0x0000025e4595d760, Size=4, Default__SKEL_PROTO_BP_AnimBlueprint_0_C Function /Engine/Transient.SKEL_PROTO_BP_AnimBlueprint_0_C:ExecuteUbergraph_PROTO_BP_AnimBlueprint_0
[2023.06.05-09.59.27:603][  3]LogUObjectGlobals: Created PersistentFrame Addr=0x0000025e4595d728, Size=4, Default__PROTO_BP_AnimBlueprint_0_C Function /Engine/Transient.PROTO_BP_AnimBlueprint_0_C:ExecuteUbergraph_PROTO_BP_AnimBlueprint_0
[2023.06.05-09.59.28:540][  3]LogSlate: Took 0.013972 seconds to synchronously load lazily loaded font '../../../Engine/Content/Slate/Fonts/Roboto-BoldCondensed.ttf' (158K)
[2023.06.05-09.59.28:875][  4]LogSlate: Took 0.016681 seconds to synchronously load lazily loaded font '../../../Engine/Content/Slate/Fonts/Roboto-Italic.ttf' (157K)
[2023.06.05-09.59.29:184][  5]LogSlate: Window 'BP_GrenageLauncher' being destroyed
[2023.06.05-09.59.29:186][  5]LogSlate: Window 'BP_GrenageLauncher' being destroyed
[2023.06.05-09.59.29:516][  5]LogActorComponent: UnregisterComponent: (/Engine/Transient.EditorFloorComp) Not registered. Aborting.
[2023.06.05-09.59.29:573][  5]LogSlate: Window 'BattleRoyal - 언리얼 에디터' being destroyed
[2023.06.05-09.59.29:576][  5]LogWindowsTextInputMethodSystem: Display: IME system now activated using TSF (Microsoft 입력기).
[2023.06.05-09.59.29:778][  6]Cmd: QUIT_EDITOR
[2023.06.05-09.59.29:809][  6]LogSlate: Slate User Destroyed.  User Index 0, Is Virtual User: 0
[2023.06.05-09.59.29:809][  6]LogExit: Preparing to exit.
[2023.06.05-09.59.30:837][  6]LogActorComponent: UnregisterComponent: (None.None) Not registered. Aborting.
[2023.06.05-09.59.30:837][  6]LogActorComponent: UnregisterComponent: (None.None) Not registered. Aborting.
[2023.06.05-09.59.30:837][  6]LogActorComponent: UnregisterComponent: (None.None) Not registered. Aborting.
[2023.06.05-09.59.30:837][  6]LogActorComponent: UnregisterComponent: (None.None) Not registered. Aborting.
[2023.06.05-09.59.30:837][  6]LogActorComponent: UnregisterComponent: (None.None) Not registered. Aborting.
[2023.06.05-09.59.30:837][  6]LogActorComponent: UnregisterComponent: (None.None) Not registered. Aborting.
[2023.06.05-09.59.30:837][  6]LogActorComponent: UnregisterComponent: (None.None) Not registered. Aborting.
[2023.06.05-09.59.30:838][  6]LogActorComponent: UnregisterComponent: (None.None) Not registered. Aborting.
[2023.06.05-09.59.30:838][  6]LogActorComponent: UnregisterComponent: (None.None) Not registered. Aborting.
[2023.06.05-09.59.30:838][  6]LogActorComponent: UnregisterComponent: (None.None) Not registered. Aborting.
[2023.06.05-09.59.30:838][  6]LogActorComponent: UnregisterComponent: (None.None) Not registered. Aborting.
[2023.06.05-09.59.30:838][  6]LogActorComponent: UnregisterComponent: (None.None) Not registered. Aborting.
[2023.06.05-09.59.30:838][  6]LogActorComponent: UnregisterComponent: (None.None) Not registered. Aborting.
[2023.06.05-09.59.30:838][  6]LogActorComponent: UnregisterComponent: (None.None) Not registered. Aborting.
[2023.06.05-09.59.30:839][  6]LogActorComponent: UnregisterComponent: (None.None) Not registered. Aborting.
[2023.06.05-09.59.30:839][  6]LogActorComponent: UnregisterComponent: (None.None) Not registered. Aborting.
[2023.06.05-09.59.30:840][  6]LogActorComponent: UnregisterComponent: (None.None) Not registered. Aborting.
[2023.06.05-09.59.30:840][  6]LogActorComponent: UnregisterComponent: (None.None) Not registered. Aborting.
[2023.06.05-09.59.30:840][  6]LogActorComponent: UnregisterComponent: (None.None) Not registered. Aborting.
[2023.06.05-09.59.30:840][  6]LogActorComponent: UnregisterComponent: (None.None) Not registered. Aborting.
[2023.06.05-09.59.30:840][  6]LogActorComponent: UnregisterComponent: (None.None) Not registered. Aborting.
[2023.06.05-09.59.30:841][  6]LogActorComponent: UnregisterComponent: (None.None) Not registered. Aborting.
[2023.06.05-09.59.30:841][  6]LogActorComponent: UnregisterComponent: (None.None) Not registered. Aborting.
[2023.06.05-09.59.30:841][  6]LogActorComponent: UnregisterComponent: (None.None) Not registered. Aborting.
[2023.06.05-09.59.30:841][  6]LogActorComponent: UnregisterComponent: (None.None) Not registered. Aborting.
[2023.06.05-09.59.30:841][  6]LogActorComponent: UnregisterComponent: (None.None) Not registered. Aborting.
[2023.06.05-09.59.30:841][  6]LogActorComponent: UnregisterComponent: (None.None) Not registered. Aborting.
[2023.06.05-09.59.30:841][  6]LogActorComponent: UnregisterComponent: (None.None) Not registered. Aborting.
[2023.06.05-09.59.30:898][  6]LogUObjectGlobals: Destroyed PersistentFrame Addr=0x0000025e5005bf50, Size=16
[2023.06.05-09.59.30:898][  6]LogUObjectGlobals: Destroyed PersistentFrame Addr=0x0000025e4f6508d0, Size=4
[2023.06.05-09.59.30:898][  6]LogUObjectGlobals: Destroyed PersistentFrame Addr=0x0000025e5117ada8, Size=4
[2023.06.05-09.59.30:899][  6]LogUObjectGlobals: Destroyed PersistentFrame Addr=0x0000025e52456980, Size=344
[2023.06.05-09.59.30:899][  6]LogUObjectGlobals: Destroyed PersistentFrame Addr=0x0000025e523d7200, Size=1296
[2023.06.05-09.59.30:899][  6]LogUObjectGlobals: Destroyed PersistentFrame Addr=0x0000025e523ffed8, Size=4
[2023.06.05-09.59.30:899][  6]LogUObjectGlobals: Destroyed PersistentFrame Addr=0x0000025e52ac0d10, Size=72
[2023.06.05-09.59.30:900][  6]LogExit: Editor shut down
[2023.06.05-09.59.30:903][  6]LogExit: Transaction tracking system shut down
[2023.06.05-09.59.30:905][  6]LogUObjectGlobals: Destroyed PersistentFrame Addr=0x0000025e4595d760, Size=4
[2023.06.05-09.59.30:905][  6]LogUObjectGlobals: Destroyed PersistentFrame Addr=0x0000025e4595d728, Size=4
[2023.06.05-09.59.31:047][  6]LogDirectoryWatcher: A directory notification for '../../../Engine/Content/' was aborted.
[2023.06.05-09.59.31:048][  6]LogDirectoryWatcher: A directory notification for '../../../../../../UE_Project/BattleRoyal/Content/' was aborted.
[2023.06.05-09.59.31:048][  6]LogDirectoryWatcher: A directory notification for '../../Plugins/2D/Paper2D/Content/' was aborted.
[2023.06.05-09.59.31:048][  6]LogDirectoryWatcher: A directory notification for '../../Plugins/Enterprise/DatasmithContent/Content/' was aborted.
[2023.06.05-09.59.31:048][  6]LogDirectoryWatcher: A directory notification for '../../Plugins/Media/MediaCompositing/Content/' was aborted.
[2023.06.05-09.59.31:048][  6]LogDirectoryWatcher: A directory notification for '../../Plugins/Runtime/AppleARKit/Content/' was aborted.
[2023.06.05-09.59.31:048][  6]LogDirectoryWatcher: A directory notification for '../../Plugins/Runtime/Oculus/OculusVR/Content/' was aborted.
[2023.06.05-09.59.31:048][  6]LogDirectoryWatcher: A directory notification for '../../Plugins/Runtime/Steam/SteamVR/Content/' was aborted.
[2023.06.05-09.59.31:148][  6]LogExit: Object subsystem successfully closed.
[2023.06.05-09.59.31:219][  6]LogShaderCompilers: Display: Shaders left to compile 0
[2023.06.05-09.59.31:222][  6]LogD3D11RHI: Shutdown
[2023.06.05-09.59.31:222][  6]LogD3D11RHI: CleanupD3DDevice
[2023.06.05-09.59.31:224][  6]LogD3D11RHI: ~FD3D11DynamicRHI
[2023.06.05-09.59.31:233][  6]LogModuleManager: Shutting down and abandoning module BlueprintGraph (580)
[2023.06.05-09.59.31:233][  6]LogModuleManager: Shutting down and abandoning module DataTableEditor (578)
[2023.06.05-09.59.31:233][  6]LogModuleManager: Shutting down and abandoning module HierarchicalLODOutliner (576)
[2023.06.05-09.59.31:233][  6]LogModuleManager: Shutting down and abandoning module DesktopPlatform (574)
[2023.06.05-09.59.31:233][  6]LogModuleManager: Shutting down and abandoning module SceneOutliner (572)
[2023.06.05-09.59.31:233][  6]LogModuleManager: Shutting down and abandoning module AddContentDialog (570)
[2023.06.05-09.59.31:233][  6]LogDirectoryWatcher: A directory notification for 'D:/Tools/EpicGames/UE_4.19/FeaturePacks/' was aborted.
[2023.06.05-09.59.31:235][  6]LogModuleManager: Shutting down and abandoning module WidgetCarousel (569)
[2023.06.05-09.59.31:235][  6]LogModuleManager: Shutting down and abandoning module EditorWidgets (566)
[2023.06.05-09.59.31:235][  6]LogModuleManager: Shutting down and abandoning module CollectionManager (564)
[2023.06.05-09.59.31:235][  6]LogDirectoryWatcher: A directory notification for 'D:/UE_Project/BattleRoyal/Content/Collections/' was aborted.
[2023.06.05-09.59.31:235][  6]LogDirectoryWatcher: A directory notification for 'D:/UE_Project/BattleRoyal/Content/Developers/82104/Collections/' was aborted.
[2023.06.05-09.59.31:235][  6]LogDirectoryWatcher: A directory notification for 'D:/UE_Project/BattleRoyal/Saved/Collections/' was aborted.
[2023.06.05-09.59.31:235][  6]LogModuleManager: Shutting down and abandoning module StatsViewer (562)
[2023.06.05-09.59.31:235][  6]LogModuleManager: Shutting down and abandoning module FoliageEdit (560)
[2023.06.05-09.59.31:235][  6]LogModuleManager: Shutting down and abandoning module LandscapeEditor (558)
[2023.06.05-09.59.31:235][  6]LogModuleManager: Shutting down and abandoning module MeshPaintMode (556)
[2023.06.05-09.59.31:235][  6]LogModuleManager: Shutting down and abandoning module SceneDepthPickerMode (554)
[2023.06.05-09.59.31:236][  6]LogModuleManager: Shutting down and abandoning module ActorPickerMode (552)
[2023.06.05-09.59.31:236][  6]LogModuleManager: Shutting down and abandoning module GeometryMode (550)
[2023.06.05-09.59.31:236][  6]LogModuleManager: Shutting down and abandoning module TextureAlignMode (548)
[2023.06.05-09.59.31:236][  6]LogModuleManager: Shutting down and abandoning module BspMode (546)
[2023.06.05-09.59.31:236][  6]LogModuleManager: Shutting down and abandoning module PIEPreviewDeviceProfileSelector (544)
[2023.06.05-09.59.31:236][  6]LogModuleManager: Shutting down and abandoning module HardwareSurvey (542)
[2023.06.05-09.59.31:236][  6]LogModuleManager: Shutting down and abandoning module SequenceRecorderSections (540)
[2023.06.05-09.59.31:236][  6]LogModuleManager: Shutting down and abandoning module AutomationWorker (538)
[2023.06.05-09.59.31:236][  6]LogModuleManager: Shutting down and abandoning module AudioCaptureEditor (536)
[2023.06.05-09.59.31:236][  6]LogModuleManager: Shutting down and abandoning module SequenceRecorder (535)
[2023.06.05-09.59.31:236][  6]LogModuleManager: Shutting down and abandoning module MatineeToLevelSequence (532)
[2023.06.05-09.59.31:236][  6]LogModuleManager: Shutting down and abandoning module LevelSequenceEditor (530)
[2023.06.05-09.59.31:236][  6]LogModuleManager: Shutting down and abandoning module PlacementMode (529)
[2023.06.05-09.59.31:236][  6]LogModuleManager: Shutting down and abandoning module MaterialEditor (528)
[2023.06.05-09.59.31:236][  6]LogModuleManager: Shutting down and abandoning module WmfMediaFactory (524)
[2023.06.05-09.59.31:236][  6]LogModuleManager: Shutting down and abandoning module WmfMediaEditor (522)
[2023.06.05-09.59.31:236][  6]LogModuleManager: Shutting down and abandoning module MediaPlayerEditor (520)
[2023.06.05-09.59.31:236][  6]LogModuleManager: Shutting down and abandoning module OpenExrWrapper (518)
[2023.06.05-09.59.31:236][  6]LogModuleManager: Shutting down and abandoning module ImgMediaFactory (516)
[2023.06.05-09.59.31:236][  6]LogModuleManager: Shutting down and abandoning module ImgMediaEditor (514)
[2023.06.05-09.59.31:236][  6]LogModuleManager: Shutting down and abandoning module AvfMediaFactory (512)
[2023.06.05-09.59.31:236][  6]LogModuleManager: Shutting down and abandoning module AvfMediaEditor (510)
[2023.06.05-09.59.31:236][  6]LogModuleManager: Shutting down and abandoning module AndroidMediaFactory (508)
[2023.06.05-09.59.31:236][  6]LogModuleManager: Shutting down and abandoning module AndroidMediaEditor (506)
[2023.06.05-09.59.31:236][  6]LogModuleManager: Shutting down and abandoning module CharacterAI (504)
[2023.06.05-09.59.31:236][  6]LogModuleManager: Shutting down and abandoning module SmartSnapping (502)
[2023.06.05-09.59.31:236][  6]LogModuleManager: Shutting down and abandoning module SessionServices (500)
[2023.06.05-09.59.31:236][  6]LogModuleManager: Shutting down and abandoning module ViewportSnapping (498)
[2023.06.05-09.59.31:236][  6]LogModuleManager: Shutting down and abandoning module ViewportInteraction (496)
[2023.06.05-09.59.31:236][  6]LogModuleManager: Shutting down and abandoning module ClothPainter (494)
[2023.06.05-09.59.31:236][  6]LogModuleManager: Shutting down and abandoning module SkeletalMeshEditor (493)
[2023.06.05-09.59.31:236][  6]LogModuleManager: Shutting down and abandoning module LogVisualizer (490)
[2023.06.05-09.59.31:237][  6]LogModuleManager: Shutting down and abandoning module IntroTutorials (488)
[2023.06.05-09.59.31:237][  6]LogModuleManager: Shutting down and abandoning module GameProjectGeneration (487)
[2023.06.05-09.59.31:237][  6]LogModuleManager: Shutting down and abandoning module IOSPlatformEditor (484)
[2023.06.05-09.59.31:237][  6]LogModuleManager: Shutting down and abandoning module HTML5PlatformEditor (482)
[2023.06.05-09.59.31:237][  6]LogModuleManager: Shutting down and abandoning module AndroidPlatformEditor (480)
[2023.06.05-09.59.31:237][  6]LogModuleManager: Shutting down and abandoning module AndroidDeviceDetection (479)
[2023.06.05-09.59.31:661][  6]LogModuleManager: Shutting down and abandoning module WindowsPlatformEditor (476)
[2023.06.05-09.59.31:661][  6]LogModuleManager: Shutting down and abandoning module IOSRuntimeSettings (474)
[2023.06.05-09.59.31:661][  6]LogModuleManager: Shutting down and abandoning module AndroidRuntimeSettings (472)
[2023.06.05-09.59.31:661][  6]LogModuleManager: Shutting down and abandoning module InputBindingEditor (470)
[2023.06.05-09.59.31:661][  6]LogModuleManager: Shutting down and abandoning module MergeActors (468)
[2023.06.05-09.59.31:661][  6]LogModuleManager: Shutting down and abandoning module LocalizationDashboard (466)
[2023.06.05-09.59.31:661][  6]LogModuleManager: Shutting down and abandoning module LocalizationService (465)
[2023.06.05-09.59.31:661][  6]LogModuleManager: Shutting down and abandoning module HardwareTargeting (462)
[2023.06.05-09.59.31:661][  6]LogModuleManager: Shutting down and abandoning module DeviceProfileEditor (460)
[2023.06.05-09.59.31:661][  6]LogModuleManager: Shutting down and abandoning module UndoHistory (458)
[2023.06.05-09.59.31:661][  6]LogModuleManager: Shutting down and abandoning module XmlParser (456)
[2023.06.05-09.59.31:661][  6]LogModuleManager: Shutting down and abandoning module Blutility (454)
[2023.06.05-09.59.31:662][  6]LogModuleManager: Shutting down and abandoning module ProjectSettingsViewer (452)
[2023.06.05-09.59.31:662][  6]LogModuleManager: Shutting down and abandoning module ProjectTargetPlatformEditor (451)
[2023.06.05-09.59.31:662][  6]LogModuleManager: Shutting down and abandoning module EditorSettingsViewer (448)
[2023.06.05-09.59.31:662][  6]LogModuleManager: Shutting down and abandoning module SettingsEditor (446)
[2023.06.05-09.59.31:662][  6]LogModuleManager: Shutting down and abandoning module ProjectLauncher (444)
[2023.06.05-09.59.31:662][  6]LogModuleManager: Shutting down and abandoning module SessionFrontend (442)
[2023.06.05-09.59.31:662][  6]LogModuleManager: Shutting down and abandoning module ProfilerClient (440)
[2023.06.05-09.59.31:662][  6]LogModuleManager: Shutting down and abandoning module DeviceManager (438)
[2023.06.05-09.59.31:662][  6]LogModuleManager: Shutting down and abandoning module TargetDeviceServices (437)
[2023.06.05-09.59.31:706][  6]LogModuleManager: Shutting down and abandoning module AutomationController (434)
[2023.06.05-09.59.31:706][  6]LogModuleManager: Shutting down and abandoning module AutomationWindow (432)
[2023.06.05-09.59.31:706][  6]LogModuleManager: Shutting down and abandoning module Layers (430)
[2023.06.05-09.59.31:706][  6]LogModuleManager: Shutting down and abandoning module ComponentVisualizers (428)
[2023.06.05-09.59.31:706][  6]LogModuleManager: Shutting down and abandoning module DetailCustomizations (426)
[2023.06.05-09.59.31:706][  6]LogModuleManager: Shutting down and abandoning module PackagesDialog (424)
[2023.06.05-09.59.31:706][  6]LogModuleManager: Shutting down and abandoning module Persona (422)
[2023.06.05-09.59.31:706][  6]LogModuleManager: Shutting down and abandoning module AdvancedPreviewScene (421)
[2023.06.05-09.59.31:706][  6]LogModuleManager: Shutting down and abandoning module AnimGraph (419)
[2023.06.05-09.59.31:706][  6]LogModuleManager: Shutting down and abandoning module Kismet (416)
[2023.06.05-09.59.31:707][  6]LogModuleManager: Shutting down and abandoning module GraphEditor (414)
[2023.06.05-09.59.31:707][  6]LogModuleManager: Shutting down and abandoning module ClassViewer (412)
[2023.06.05-09.59.31:707][  6]LogModuleManager: Shutting down and abandoning module Toolbox (410)
[2023.06.05-09.59.31:707][  6]LogModuleManager: Shutting down and abandoning module ModuleUI (408)
[2023.06.05-09.59.31:707][  6]LogModuleManager: Shutting down and abandoning module MovieSceneTools (406)
[2023.06.05-09.59.31:707][  6]LogModuleManager: Shutting down and abandoning module OutputLog (404)
[2023.06.05-09.59.31:707][  6]LogModuleManager: Shutting down and abandoning module GammaUI (402)
[2023.06.05-09.59.31:707][  6]LogModuleManager: Shutting down and abandoning module Documentation (400)
[2023.06.05-09.59.31:707][  6]LogModuleManager: Shutting down and abandoning module MovieSceneTracks (398)
[2023.06.05-09.59.31:707][  6]LogModuleManager: Shutting down and abandoning module MovieScene (396)
[2023.06.05-09.59.31:707][  6]LogModuleManager: Shutting down and abandoning module StreamingPauseRendering (394)
[2023.06.05-09.59.31:707][  6]LogModuleManager: Shutting down and abandoning module LauncherPlatform (392)
[2023.06.05-09.59.31:707][  6]LogModuleManager: Shutting down and abandoning module AnalyticsET (390)
[2023.06.05-09.59.31:707][  6]LogModuleManager: Shutting down and abandoning module PortalServices (388)
[2023.06.05-09.59.31:707][  6]LogModuleManager: Shutting down and abandoning module PortalRpc (386)
[2023.06.05-09.59.31:707][  6]LogModuleManager: Shutting down and abandoning module MessagingRpc (384)
[2023.06.05-09.59.31:707][  6]LogModuleManager: Shutting down and abandoning module AIModule (382)
[2023.06.05-09.59.31:707][  6]LogModuleManager: Shutting down and abandoning module GameplayDebugger (381)
[2023.06.05-09.59.31:707][  6]LogModuleManager: Shutting down and abandoning module AITestSuite (379)
[2023.06.05-09.59.31:707][  6]LogModuleManager: Shutting down and abandoning module ProfilerService (376)
[2023.06.05-09.59.31:793][  6]LogModuleManager: Shutting down and abandoning module TaskGraph (374)
[2023.06.05-09.59.31:793][  6]LogModuleManager: Shutting down and abandoning module SteamVRController (372)
[2023.06.05-09.59.31:793][  6]LogModuleManager: Shutting down and abandoning module ProceduralMeshComponentEditor (370)
[2023.06.05-09.59.31:793][  6]LogModuleManager: Shutting down and abandoning module ProceduralMeshComponent (368)
[2023.06.05-09.59.31:793][  6]LogModuleManager: Shutting down and abandoning module OculusInput (366)
[2023.06.05-09.59.31:793][  6]LogModuleManager: Shutting down and abandoning module MobilePatchingUtils (364)
[2023.06.05-09.59.31:793][  6]LogModuleManager: Shutting down and abandoning module CustomMeshComponent (362)
[2023.06.05-09.59.31:793][  6]LogModuleManager: Shutting down and abandoning module CableComponent (360)
[2023.06.05-09.59.31:793][  6]LogModuleManager: Shutting down and abandoning module AudioCapture (358)
[2023.06.05-09.59.31:793][  6]LogModuleManager: Shutting down and abandoning module ArchVisCharacter (356)
[2023.06.05-09.59.31:794][  6]LogModuleManager: Shutting down and abandoning module AndroidPermission (354)
[2023.06.05-09.59.31:794][  6]LogModuleManager: Shutting down and abandoning module NUTUnrealEngine4 (350)
[2023.06.05-09.59.31:794][  6]LogModuleManager: Shutting down and abandoning module NetcodeUnitTest (348)
[2023.06.05-09.59.31:794][  6]LogModuleManager: Shutting down and abandoning module MediaCompositingEditor (346)
[2023.06.05-09.59.31:794][  6]LogModuleManager: Shutting down and abandoning module MediaCompositing (344)
[2023.06.05-09.59.31:794][  6]LogModuleManager: Shutting down and abandoning module LinearTimecode (342)
[2023.06.05-09.59.31:794][  6]LogModuleManager: Shutting down and abandoning module ImgMedia (340)
[2023.06.05-09.59.31:796][  6]LogModuleManager: Shutting down and abandoning module HTML5Networking (338)
[2023.06.05-09.59.31:796][  6]LogModuleManager: Shutting down and abandoning module AlembicImporter (336)
[2023.06.05-09.59.31:797][  6]LogModuleManager: Shutting down and abandoning module AlembicLibrary (335)
[2023.06.05-09.59.31:797][  6]LogModuleManager: Shutting down and abandoning module GeometryCache (334)
[2023.06.05-09.59.31:797][  6]LogModuleManager: Shutting down and abandoning module GeometryCacheEd (333)
[2023.06.05-09.59.31:797][  6]LogModuleManager: Shutting down and abandoning module DatasmithContent (328)
[2023.06.05-09.59.31:797][  6]LogModuleManager: Shutting down and abandoning module SpeedTreeImporter (326)
[2023.06.05-09.59.31:797][  6]LogModuleManager: Shutting down and abandoning module PluginBrowser (324)
[2023.06.05-09.59.31:797][  6]LogModuleManager: Shutting down and abandoning module MobileLauncherProfileWizard (322)
[2023.06.05-09.59.31:797][  6]LogModuleManager: Shutting down and abandoning module CryptoKeysOpenSSL (320)
[2023.06.05-09.59.31:797][  6]LogModuleManager: Shutting down and abandoning module CryptoKeys (318)
[2023.06.05-09.59.31:797][  6]LogModuleManager: Shutting down and abandoning module VisualStudioSourceCodeAccess (316)
[2023.06.05-09.59.31:797][  6]LogModuleManager: Shutting down and abandoning module VisualStudioCodeSourceCodeAccess (314)
[2023.06.05-09.59.31:797][  6]LogModuleManager: Shutting down and abandoning module UObjectPlugin (312)
[2023.06.05-09.59.31:797][  6]LogModuleManager: Shutting down and abandoning module SubversionSourceControl (310)
[2023.06.05-09.59.31:797][  6]LogModuleManager: Shutting down and abandoning module PerforceSourceControl (308)
[2023.06.05-09.59.31:797][  6]LogModuleManager: Shutting down and abandoning module GitSourceControl (306)
[2023.06.05-09.59.31:797][  6]LogModuleManager: Shutting down and abandoning module SourceControl (305)
[2023.06.05-09.59.31:797][  6]LogModuleManager: Shutting down and abandoning module CLionSourceCodeAccess (302)
[2023.06.05-09.59.31:797][  6]LogModuleManager: Shutting down and abandoning module LightPropagationVolumeEditor (300)
[2023.06.05-09.59.31:797][  6]LogModuleManager: Shutting down and abandoning module PaperTiledImporter (298)
[2023.06.05-09.59.31:797][  6]LogModuleManager: Shutting down and abandoning module PaperSpriteSheetImporter (296)
[2023.06.05-09.59.31:797][  6]LogModuleManager: Shutting down and abandoning module Paper2DEditor (294)
[2023.06.05-09.59.31:797][  6]LogModuleManager: Shutting down and abandoning module MeshPaint (293)
[2023.06.05-09.59.31:797][  6]LogModuleManager: Shutting down and abandoning module BattleRoyal (290)
[2023.06.05-09.59.31:797][  6]LogModuleManager: Shutting down and abandoning module RuntimePhysXCooking (288)
[2023.06.05-09.59.31:797][  6]LogModuleManager: Shutting down and abandoning module PhysXVehiclesEditor (286)
[2023.06.05-09.59.31:797][  6]LogModuleManager: Shutting down and abandoning module PhysXVehicles (284)
[2023.06.05-09.59.31:797][  6]LogModuleManager: Shutting down and abandoning module OculusEditor (282)
[2023.06.05-09.59.31:797][  6]LogModuleManager: Shutting down and abandoning module LocationServicesBPLibrary (280)
[2023.06.05-09.59.31:797][  6]LogModuleManager: Shutting down and abandoning module ImmediatePhysicsEditor (278)
[2023.06.05-09.59.31:797][  6]LogModuleManager: Shutting down and abandoning module ImmediatePhysics (276)
[2023.06.05-09.59.31:797][  6]LogModuleManager: Shutting down and abandoning module ActorSequence (274)
[2023.06.05-09.59.31:797][  6]LogModuleManager: Shutting down and abandoning module UdpMessaging (272)
[2023.06.05-09.59.31:898][  6]LogModuleManager: Shutting down and abandoning module TcpMessaging (270)
[2023.06.05-09.59.31:999][  6]LogModuleManager: Shutting down and abandoning module GameplayTagsEditor (268)
[2023.06.05-09.59.31:999][  6]LogModuleManager: Shutting down and abandoning module FacialAnimationEditor (266)
[2023.06.05-09.59.31:999][  6]LogModuleManager: Shutting down and abandoning module FacialAnimation (264)
[2023.06.05-09.59.31:999][  6]LogModuleManager: Shutting down and abandoning module DataValidation (262)
[2023.06.05-09.59.31:999][  6]LogModuleManager: Shutting down and abandoning module AssetManagerEditor (260)
[2023.06.05-09.59.31:999][  6]LogModuleManager: Shutting down and abandoning module LevelEditor (259)
[2023.06.05-09.59.31:999][  6]LogModuleManager: Shutting down and abandoning module PixelInspectorModule (258)
[2023.06.05-09.59.32:000][  6]LogModuleManager: Shutting down and abandoning module CommonMenuExtensions (256)
[2023.06.05-09.59.32:000][  6]LogModuleManager: Shutting down and abandoning module MainFrame (254)
[2023.06.05-09.59.32:000][  6]LogModuleManager: Shutting down and abandoning module HotReload (253)
[2023.06.05-09.59.32:000][  6]LogDirectoryWatcher: A directory notification for 'D:/UE_Project/BattleRoyal/Binaries/Win64' was aborted.
[2023.06.05-09.59.32:000][  6]LogModuleManager: Shutting down and abandoning module ContentBrowser (249)
[2023.06.05-09.59.32:001][  6]LogModuleManager: Shutting down and abandoning module TreeMap (247)
[2023.06.05-09.59.32:001][  6]LogModuleManager: Shutting down and abandoning module LightPropagationVolumeRuntime (244)
[2023.06.05-09.59.32:001][  6]LogModuleManager: Shutting down and abandoning module LiveLinkEditor (242)
[2023.06.05-09.59.32:001][  6]LogModuleManager: Shutting down and abandoning module LiveLink (240)
[2023.06.05-09.59.32:004][  6]LogModuleManager: Shutting down and abandoning module Paper2D (238)
[2023.06.05-09.59.32:004][  6]LogModuleManager: Shutting down and abandoning module WindowsMoviePlayer (236)
[2023.06.05-09.59.32:004][  6]LogModuleManager: Shutting down and abandoning module WmfMedia (234)
[2023.06.05-09.59.32:005][  6]LogModuleManager: Shutting down and abandoning module Media (233)
[2023.06.05-09.59.32:011][  6]LogModuleManager: Shutting down and abandoning module PacketHandler (230)
[2023.06.05-09.59.32:011][  6]LogModuleManager: Shutting down and abandoning module ClothingSystemEditor (228)
[2023.06.05-09.59.32:011][  6]LogModuleManager: Shutting down and abandoning module ClothingSystemRuntime (226)
[2023.06.05-09.59.32:017][  6]LogModuleManager: Shutting down and abandoning module MediaAssets (224)
[2023.06.05-09.59.32:017][  6]LogModuleManager: Shutting down and abandoning module Overlay (222)
[2023.06.05-09.59.32:017][  6]LogModuleManager: Shutting down and abandoning module OverlayEditor (221)
[2023.06.05-09.59.32:017][  6]LogModuleManager: Shutting down and abandoning module VREditor (218)
[2023.06.05-09.59.32:017][  6]LogModuleManager: Shutting down and abandoning module StringTableEditor (216)
[2023.06.05-09.59.32:017][  6]LogModuleManager: Shutting down and abandoning module GameplayTasksEditor (214)
[2023.06.05-09.59.32:017][  6]LogModuleManager: Shutting down and abandoning module BehaviorTreeEditor (212)
[2023.06.05-09.59.32:017][  6]LogModuleManager: Shutting down and abandoning module FunctionalTesting (210)
[2023.06.05-09.59.32:017][  6]LogModuleManager: Shutting down and abandoning module CollisionAnalyzer (208)
[2023.06.05-09.59.32:017][  6]LogModuleManager: Shutting down and abandoning module WorkspaceMenuStructure (207)
[2023.06.05-09.59.32:017][  6]LogModuleManager: Shutting down and abandoning module UMG (204)
[2023.06.05-09.59.32:017][  6]LogModuleManager: Shutting down and abandoning module UMGEditor (203)
[2023.06.05-09.59.32:017][  6]LogModuleManager: Shutting down and abandoning module Sequencer (202)
[2023.06.05-09.59.32:017][  6]LogModuleManager: Shutting down and abandoning module MessageLog (199)
[2023.06.05-09.59.32:017][  6]LogModuleManager: Shutting down and abandoning module SlateReflector (194)
[2023.06.05-09.59.32:017][  6]LogModuleManager: Shutting down and abandoning module Slate (192)
[2023.06.05-09.59.32:017][  6]LogModuleManager: Shutting down and abandoning module EditorStyle (190)
[2023.06.05-09.59.32:019][  6]LogModuleManager: Shutting down and abandoning module MRMesh (188)
[2023.06.05-09.59.32:019][  6]LogModuleManager: Shutting down and abandoning module SourceCodeAccess (186)
[2023.06.05-09.59.32:019][  6]LogModuleManager: Shutting down and abandoning module HeadMountedDisplay (184)
[2023.06.05-09.59.32:019][  6]LogModuleManager: Shutting down and abandoning module XAudio2 (182)
[2023.06.05-09.59.32:019][  6]LogModuleManager: Shutting down and abandoning module Networking (180)
[2023.06.05-09.59.32:019][  6]LogModuleManager: Shutting down and abandoning module Core (178)
[2023.06.05-09.59.32:019][  6]LogModuleManager: Shutting down and abandoning module LevelSequence (176)
[2023.06.05-09.59.32:019][  6]LogModuleManager: Shutting down and abandoning module KismetCompiler (174)
[2023.06.05-09.59.32:019][  6]LogModuleManager: Shutting down and abandoning module MeshUtilities (172)
[2023.06.05-09.59.32:019][  6]LogModuleManager: Shutting down and abandoning module MeshMergeUtilities (171)
[2023.06.05-09.59.32:019][  6]LogModuleManager: Shutting down and abandoning module MeshReductionInterface (170)
[2023.06.05-09.59.32:019][  6]LogModuleManager: Shutting down and abandoning module SimplygonSwarm (169)
[2023.06.05-09.59.32:019][  6]LogModuleManager: Shutting down and abandoning module SimplygonMeshReduction (167)
[2023.06.05-09.59.32:019][  6]LogModuleManager: Shutting down and abandoning module QuadricMeshReduction (165)
[2023.06.05-09.59.32:019][  6]LogModuleManager: Shutting down and abandoning module MaterialBaking (161)
[2023.06.05-09.59.32:019][  6]LogModuleManager: Shutting down and abandoning module DirectoryWatcher (157)
[2023.06.05-09.59.32:020][  6]LogModuleManager: Shutting down and abandoning module DerivedDataCache (154)
[2023.06.05-09.59.32:150][  6]LogDerivedDataCache: Shutdown
[2023.06.05-09.59.32:150][  6]LogModuleManager: Shutting down and abandoning module XGEController (152)
[2023.06.05-09.59.32:150][  6]LogXGEController: Cleaning working directory: C:/Users/Wonjeong/AppData/Local/Temp/UnrealXGEWorkingDir/
[2023.06.05-09.59.32:150][  6]LogModuleManager: Shutting down and abandoning module TargetPlatform (150)
[2023.06.05-09.59.32:150][  6]LogModuleManager: Shutting down and abandoning module VulkanShaderFormat (149)
[2023.06.05-09.59.32:150][  6]LogModuleManager: Shutting down and abandoning module ShaderFormatVectorVM (147)
[2023.06.05-09.59.32:150][  6]LogModuleManager: Shutting down and abandoning module ShaderFormatOpenGL (145)
[2023.06.05-09.59.32:150][  6]LogModuleManager: Shutting down and abandoning module ShaderFormatD3D (143)
[2023.06.05-09.59.32:150][  6]LogModuleManager: Shutting down and abandoning module MetalShaderFormat (141)
[2023.06.05-09.59.32:150][  6]LogModuleManager: Shutting down and abandoning module TextureFormatUncompressed (139)
[2023.06.05-09.59.32:150][  6]LogModuleManager: Shutting down and abandoning module TextureFormatPVR (137)
[2023.06.05-09.59.32:150][  6]LogModuleManager: Shutting down and abandoning module TextureFormatDXT (135)
[2023.06.05-09.59.32:150][  6]LogModuleManager: Shutting down and abandoning module TextureFormatIntelISPCTexComp (133)
[2023.06.05-09.59.32:151][  6]LogModuleManager: Shutting down and abandoning module TextureFormatASTC (131)
[2023.06.05-09.59.32:151][  6]LogModuleManager: Shutting down and abandoning module ImageWrapper (130)
[2023.06.05-09.59.32:151][  6]LogModuleManager: Shutting down and abandoning module TextureFormatAndroid (127)
[2023.06.05-09.59.32:151][  6]LogModuleManager: Shutting down and abandoning module AudioFormatOpus (125)
[2023.06.05-09.59.32:151][  6]LogModuleManager: Shutting down and abandoning module AudioFormatOgg (123)
[2023.06.05-09.59.32:151][  6]LogModuleManager: Shutting down and abandoning module AudioFormatADPCM (121)
[2023.06.05-09.59.32:151][  6]LogModuleManager: Shutting down and abandoning module LinuxTargetPlatform (119)
[2023.06.05-09.59.32:151][  6]LogModuleManager: Shutting down and abandoning module LinuxServerTargetPlatform (117)
[2023.06.05-09.59.32:151][  6]LogModuleManager: Shutting down and abandoning module LinuxNoEditorTargetPlatform (115)
[2023.06.05-09.59.32:151][  6]LogModuleManager: Shutting down and abandoning module LinuxClientTargetPlatform (113)
[2023.06.05-09.59.32:151][  6]LogModuleManager: Shutting down and abandoning module TVOSTargetPlatform (111)
[2023.06.05-09.59.32:151][  6]LogModuleManager: Shutting down and abandoning module Messaging (109)
[2023.06.05-09.59.32:151][  6]LogModuleManager: Shutting down and abandoning module IOSTargetPlatform (107)
[2023.06.05-09.59.32:151][  6]LogModuleManager: Shutting down and abandoning module HTML5TargetPlatform (105)
[2023.06.05-09.59.32:151][  6]LogModuleManager: Shutting down and abandoning module AndroidTargetPlatform (103)
[2023.06.05-09.59.32:151][  6]LogModuleManager: Shutting down and abandoning module Android_PVRTCTargetPlatform (101)
[2023.06.05-09.59.32:151][  6]LogModuleManager: Shutting down and abandoning module Android_MultiTargetPlatform (99)
[2023.06.05-09.59.32:151][  6]LogModuleManager: Shutting down and abandoning module Android_ETC2TargetPlatform (97)
[2023.06.05-09.59.32:151][  6]LogModuleManager: Shutting down and abandoning module Android_ETC1TargetPlatform (95)
[2023.06.05-09.59.32:151][  6]LogModuleManager: Shutting down and abandoning module Android_ETC1aTargetPlatform (93)
[2023.06.05-09.59.32:151][  6]LogModuleManager: Shutting down and abandoning module Android_DXTTargetPlatform (91)
[2023.06.05-09.59.32:151][  6]LogModuleManager: Shutting down and abandoning module Android_ATCTargetPlatform (89)
[2023.06.05-09.59.32:151][  6]LogModuleManager: Shutting down and abandoning module Android_ASTCTargetPlatform (87)
[2023.06.05-09.59.32:151][  6]LogModuleManager: Shutting down and abandoning module WindowsTargetPlatform (85)
[2023.06.05-09.59.32:151][  6]LogModuleManager: Shutting down and abandoning module WindowsServerTargetPlatform (83)
[2023.06.05-09.59.32:151][  6]LogModuleManager: Shutting down and abandoning module WindowsNoEditorTargetPlatform (81)
[2023.06.05-09.59.32:151][  6]LogModuleManager: Shutting down and abandoning module WindowsClientTargetPlatform (79)
[2023.06.05-09.59.32:151][  6]LogModuleManager: Shutting down and abandoning module MacTargetPlatform (77)
[2023.06.05-09.59.32:151][  6]LogModuleManager: Shutting down and abandoning module MacServerTargetPlatform (75)
[2023.06.05-09.59.32:151][  6]LogModuleManager: Shutting down and abandoning module MacNoEditorTargetPlatform (73)
[2023.06.05-09.59.32:151][  6]LogModuleManager: Shutting down and abandoning module MacClientTargetPlatform (71)
[2023.06.05-09.59.32:151][  6]LogModuleManager: Shutting down and abandoning module AllDesktopTargetPlatform (69)
[2023.06.05-09.59.32:151][  6]LogModuleManager: Shutting down and abandoning module InputCore (66)
[2023.06.05-09.59.32:151][  6]LogModuleManager: Shutting down and abandoning module Settings (64)
[2023.06.05-09.59.32:151][  6]LogModuleManager: Shutting down and abandoning module PhysXCooking (62)
[2023.06.05-09.59.32:151][  6]LogModuleManager: Shutting down and abandoning module SteamVR (60)
[2023.06.05-09.59.32:151][  6]LogModuleManager: Shutting down and abandoning module OculusHMD (58)
[2023.06.05-09.59.32:151][  6]LogModuleManager: Shutting down and abandoning module ExampleDeviceProfileSelector (56)
[2023.06.05-09.59.32:151][  6]LogModuleManager: Shutting down and abandoning module AppleARKit (54)
[2023.06.05-09.59.32:151][  6]LogModuleManager: Shutting down and abandoning module AugmentedReality (51)
[2023.06.05-09.59.32:151][  6]LogModuleManager: Shutting down and abandoning module OnlineBlueprintSupport (48)
[2023.06.05-09.59.32:151][  6]LogModuleManager: Shutting down and abandoning module OnlineSubsystem (44)
[2023.06.05-09.59.32:151][  6]LogModuleManager: Shutting down and abandoning module XMPP (43)
[2023.06.05-09.59.32:151][  6]LogModuleManager: Shutting down and abandoning module HTTP (41)
[2023.06.05-09.59.32:151][  6]LogHttp: Display: Http module shutting down, but needs to wait on 1 outstanding Http requests:
[2023.06.05-09.59.32:151][  6]LogHttp: Display: 	verb=[POST] url=[https://datarouter.ol.epicgames.com/datarouter/api/v1/public/data?SessionID=%7B2AF230F2-4D6B-BB8A-939D-D7A9BE57A91B%7D&AppID=UEEditor.Rocket.Release&AppVersion=4.19.2-4033788%2B%2B%2BUE4%2BRelease-4.19&UserID=0903b8c2435f474ae056b4966481071b%7Cc9ba19f18753461bb04966bd5d331490%7C672eb630-afe1-471c-ac31-1d50834ed575&AppEnvironment=datacollector-binary&UploadType=eteventstream] status=Processing
[2023.06.05-09.59.32:162][  6]LogModuleManager: Shutting down and abandoning module SSL (40)
[2023.06.05-09.59.32:163][  6]LogModuleManager: Shutting down and abandoning module AnimationModifiers (36)
[2023.06.05-09.59.32:163][  6]LogModuleManager: Shutting down and abandoning module PropertyEditor (35)
[2023.06.05-09.59.32:163][  6]LogModuleManager: Shutting down and abandoning module AudioEditor (32)
[2023.06.05-09.59.32:163][  6]LogModuleManager: Shutting down and abandoning module TextureCompressor (30)
[2023.06.05-09.59.32:163][  6]LogModuleManager: Shutting down and abandoning module ShaderCore (28)
[2023.06.05-09.59.32:163][  6]LogModuleManager: Shutting down and abandoning module Landscape (26)
[2023.06.05-09.59.32:163][  6]LogModuleManager: Shutting down and abandoning module SlateRHIRenderer (24)
[2023.06.05-09.59.32:165][  6]LogModuleManager: Shutting down and abandoning module OpenGLDrv (22)
[2023.06.05-09.59.32:165][  6]LogModuleManager: Shutting down and abandoning module D3D11RHI (20)
[2023.06.05-09.59.32:165][  6]LogModuleManager: Shutting down and abandoning module AnimGraphRuntime (18)
[2023.06.05-09.59.32:165][  6]LogModuleManager: Shutting down and abandoning module Renderer (16)
[2023.06.05-09.59.32:165][  6]LogModuleManager: Shutting down and abandoning module Engine (14)
[2023.06.05-09.59.32:165][  6]LogModuleManager: Shutting down and abandoning module CoreUObject (12)
[2023.06.05-09.59.32:165][  6]LogModuleManager: Shutting down and abandoning module NetworkFile (10)
[2023.06.05-09.59.32:165][  6]LogModuleManager: Shutting down and abandoning module CookedIterativeFile (8)
[2023.06.05-09.59.32:165][  6]LogModuleManager: Shutting down and abandoning module StreamingFile (6)
[2023.06.05-09.59.32:165][  6]LogModuleManager: Shutting down and abandoning module SandboxFile (4)
[2023.06.05-09.59.32:165][  6]LogModuleManager: Shutting down and abandoning module PakFile (2)
[2023.06.05-09.59.32:177][  6]LogExit: Exiting.
[2023.06.05-09.59.32:217][  6]Log file closed, 06/05/23 18:59:32
