Log file open, 05/09/23 17:21:04
LogWindows: Failed to load 'aqProf.dll' (GetLastError=126)
LogWindows: File 'aqProf.dll' does not exist
LogWindows: Failed to load 'VtuneApi.dll' (GetLastError=126)
LogWindows: File 'VtuneApi.dll' does not exist
LogWindows: Failed to load 'VtuneApi32e.dll' (GetLastError=126)
LogWindows: File 'VtuneApi32e.dll' does not exist
LogInit: Display: Running engine for game: BattleRoyal
LogPlatformFile: Not using cached read wrapper
LogInit: Display: RandInit(1569896154) SRandInit(1569896154).
LogInit: Read version file with build ID '3944462'
LogInit: Overriding engine version to CL 4033788, compatible CL 3944462
LogInit: Registered custom module enumerator with build ID '3944462'
LogTaskGraph: Started task graph with 5 named threads and 47 total threads with 3 sets of task threads.
LogStats: Stats thread started at 0.748805
LogD3D11RHI: Aftermath initialized
LogICUInternationalization: Display: ICU TimeZone Detection - Raw Offset: +9:00, Platform Override: ''
LogPluginManager: Mounting plugin Paper2D
LogPluginManager: Mounting plugin LiveLink
LogPluginManager: Mounting plugin LightPropagationVolume
LogPluginManager: Mounting plugin CLionSourceCodeAccess
LogPluginManager: Mounting plugin CodeLiteSourceCodeAccess
LogPluginManager: Mounting plugin GitSourceControl
LogPluginManager: Mounting plugin KDevelopSourceCodeAccess
LogPluginManager: Mounting plugin NullSourceCodeAccess
LogPluginManager: Mounting plugin PerforceSourceControl
LogPluginManager: Mounting plugin SubversionSourceControl
LogPluginManager: Mounting plugin UObjectPlugin
LogPluginManager: Mounting plugin VisualStudioCodeSourceCodeAccess
LogPluginManager: Mounting plugin VisualStudioSourceCodeAccess
LogPluginManager: Mounting plugin XCodeSourceCodeAccess
LogPluginManager: Mounting plugin AssetManagerEditor
LogPluginManager: Mounting plugin CryptoKeys
LogPluginManager: Mounting plugin DataValidation
LogPluginManager: Mounting plugin FacialAnimation
LogPluginManager: Mounting plugin GameplayTagsEditor
LogPluginManager: Mounting plugin MobileLauncherProfileWizard
LogPluginManager: Mounting plugin PluginBrowser
LogPluginManager: Mounting plugin SpeedTreeImporter
LogPluginManager: Mounting plugin DatasmithContent
LogPluginManager: Mounting plugin AlembicImporter
LogPluginManager: Mounting plugin CharacterAI
LogPluginManager: Mounting plugin HTML5Networking
LogPluginManager: Mounting plugin AndroidMedia
LogPluginManager: Mounting plugin AvfMedia
LogPluginManager: Mounting plugin ImgMedia
LogPluginManager: Mounting plugin LinearTimecode
LogPluginManager: Mounting plugin MediaCompositing
LogPluginManager: Mounting plugin MediaPlayerEditor
LogPluginManager: Mounting plugin WmfMedia
LogPluginManager: Mounting plugin TcpMessaging
LogPluginManager: Mounting plugin UdpMessaging
LogPluginManager: Mounting plugin ActorSequence
LogPluginManager: Mounting plugin LevelSequenceEditor
LogPluginManager: Mounting plugin MatineeToLevelSequence
LogPluginManager: Mounting plugin NetcodeUnitTest
LogPluginManager: Mounting plugin NUTUnrealEngine4
LogPluginManager: Mounting plugin OnlineSubsystemGooglePlay
LogPluginManager: Mounting plugin OnlineSubsystemIOS
LogPluginManager: Mounting plugin OnlineSubsystem
LogPluginManager: Mounting plugin OnlineSubsystemNull
LogPluginManager: Mounting plugin OnlineSubsystemUtils
LogPluginManager: Mounting plugin AndroidDeviceProfileSelector
LogPluginManager: Mounting plugin AndroidMoviePlayer
LogPluginManager: Mounting plugin AndroidPermission
LogPluginManager: Mounting plugin AppleARKit
LogPluginManager: Mounting plugin AppleMoviePlayer
LogPluginManager: Mounting plugin ArchVisCharacter
LogPluginManager: Mounting plugin AudioCapture
LogPluginManager: Mounting plugin CableComponent
LogPluginManager: Mounting plugin CustomMeshComponent
LogPluginManager: Mounting plugin ExampleDeviceProfileSelector
LogPluginManager: Mounting plugin GoogleCloudMessaging
LogPluginManager: Mounting plugin ImmediatePhysics
LogPluginManager: Mounting plugin IOSDeviceProfileSelector
LogPluginManager: Mounting plugin LinuxDeviceProfileSelector
LogPluginManager: Mounting plugin LocationServicesBPLibrary
LogPluginManager: Mounting plugin MobilePatchingUtils
LogPluginManager: Mounting plugin OculusVR
LogPluginManager: Plugin shader directory ../../../Engine/Plugins/Runtime/Oculus/OculusVR/Shaders found
LogPluginManager: Mapping shader source directory ../../../Engine/Plugins/Runtime/Oculus/OculusVR/Shaders to virtual directory /Plugin/OculusVR
LogPluginManager: Mounting plugin PhysXVehicles
LogPluginManager: Mounting plugin ProceduralMeshComponent
LogPluginManager: Mounting plugin RuntimePhysXCooking
LogPluginManager: Mounting plugin SteamVR
LogPluginManager: Mounting plugin WindowsMoviePlayer
LogStreaming: Display: Took  0.075s to configure plugins.
LogModuleManager: Display: Found up-to-date module file ../../../../../../UE_Project/BattleRoyal/Binaries/Win64/UE4Editor-BattleRoyal-6274.dll (API version 3944462).
LogModuleManager: Display: Found up-to-date module file ../../../Engine/Plugins/2D/Paper2D/Binaries/Win64/UE4Editor-Paper2D.dll (API version 3944462).
LogModuleManager: Display: Found up-to-date module file ../../../Engine/Plugins/2D/Paper2D/Binaries/Win64/UE4Editor-Paper2DEditor.dll (API version 3944462).
LogModuleManager: Display: Found up-to-date module file ../../../Engine/Plugins/2D/Paper2D/Binaries/Win64/UE4Editor-PaperSpriteSheetImporter.dll (API version 3944462).
LogModuleManager: Display: Found up-to-date module file ../../../Engine/Plugins/2D/Paper2D/Binaries/Win64/UE4Editor-PaperTiledImporter.dll (API version 3944462).
LogModuleManager: Display: Found up-to-date module file ../../../Engine/Plugins/2D/Paper2D/Binaries/Win64/UE4Editor-SmartSnapping.dll (API version 3944462).
LogModuleManager: Display: Found up-to-date module file ../../../Engine/Plugins/Animation/LiveLink/Binaries/Win64/UE4Editor-LiveLink.dll (API version 3944462).
LogModuleManager: Display: Found up-to-date module file ../../../Engine/Plugins/Animation/LiveLink/Binaries/Win64/UE4Editor-LiveLinkEditor.dll (API version 3944462).
LogModuleManager: Display: Found up-to-date module file ../../../Engine/Plugins/Blendables/LightPropagationVolume/Binaries/Win64/UE4Editor-LightPropagationVolumeRuntime.dll (API version 3944462).
LogModuleManager: Display: Found up-to-date module file ../../../Engine/Plugins/Blendables/LightPropagationVolume/Binaries/Win64/UE4Editor-LightPropagationVolumeEditor.dll (API version 3944462).
LogModuleManager: Display: Found up-to-date module file ../../../Engine/Plugins/Developer/CLionSourceCodeAccess/Binaries/Win64/UE4Editor-CLionSourceCodeAccess.dll (API version 3944462).
LogModuleManager: Display: Found up-to-date module file ../../../Engine/Plugins/Developer/GitSourceControl/Binaries/Win64/UE4Editor-GitSourceControl.dll (API version 3944462).
LogModuleManager: Display: Found up-to-date module file ../../../Engine/Plugins/Developer/PerforceSourceControl/Binaries/Win64/UE4Editor-PerforceSourceControl.dll (API version 3944462).
LogModuleManager: Display: Found up-to-date module file ../../../Engine/Plugins/Developer/SubversionSourceControl/Binaries/Win64/UE4Editor-SubversionSourceControl.dll (API version 3944462).
LogModuleManager: Display: Found up-to-date module file ../../../Engine/Plugins/Developer/UObjectPlugin/Binaries/Win64/UE4Editor-UObjectPlugin.dll (API version 3944462).
LogModuleManager: Display: Found up-to-date module file ../../../Engine/Plugins/Developer/VisualStudioCodeSourceCodeAccess/Binaries/Win64/UE4Editor-VisualStudioCodeSourceCodeAccess.dll (API version 3944462).
LogModuleManager: Display: Found up-to-date module file ../../../Engine/Plugins/Developer/VisualStudioSourceCodeAccess/Binaries/Win64/UE4Editor-VisualStudioSourceCodeAccess.dll (API version 3944462).
LogModuleManager: Display: Found up-to-date module file ../../../Engine/Plugins/Editor/AssetManagerEditor/Binaries/Win64/UE4Editor-AssetManagerEditor.dll (API version 3944462).
LogModuleManager: Display: Found up-to-date module file ../../../Engine/Plugins/Editor/CryptoKeys/Binaries/Win64/UE4Editor-CryptoKeys.dll (API version 3944462).
LogModuleManager: Display: Found up-to-date module file ../../../Engine/Plugins/Editor/CryptoKeys/Binaries/Win64/UE4Editor-CryptoKeysOpenSSL.dll (API version 3944462).
LogModuleManager: Display: Found up-to-date module file ../../../Engine/Plugins/Editor/DataValidation/Binaries/Win64/UE4Editor-DataValidation.dll (API version 3944462).
LogModuleManager: Display: Found up-to-date module file ../../../Engine/Plugins/Editor/FacialAnimation/Binaries/Win64/UE4Editor-FacialAnimation.dll (API version 3944462).
LogModuleManager: Display: Found up-to-date module file ../../../Engine/Plugins/Editor/FacialAnimation/Binaries/Win64/UE4Editor-FacialAnimationEditor.dll (API version 3944462).
LogModuleManager: Display: Found up-to-date module file ../../../Engine/Plugins/Editor/GameplayTagsEditor/Binaries/Win64/UE4Editor-GameplayTagsEditor.dll (API version 3944462).
LogModuleManager: Display: Found up-to-date module file ../../../Engine/Plugins/Editor/MobileLauncherProfileWizard/Binaries/Win64/UE4Editor-MobileLauncherProfileWizard.dll (API version 3944462).
LogModuleManager: Display: Found up-to-date module file ../../../Engine/Plugins/Editor/PluginBrowser/Binaries/Win64/UE4Editor-PluginBrowser.dll (API version 3944462).
LogModuleManager: Display: Found up-to-date module file ../../../Engine/Plugins/Editor/SpeedTreeImporter/Binaries/Win64/UE4Editor-SpeedTreeImporter.dll (API version 3944462).
LogModuleManager: Display: Found up-to-date module file ../../../Engine/Plugins/Enterprise/DatasmithContent/Binaries/Win64/UE4Editor-DatasmithContent.dll (API version 3944462).
LogModuleManager: Display: Found up-to-date module file ../../../Engine/Plugins/Experimental/AlembicImporter/Binaries/Win64/UE4Editor-AlembicImporter.dll (API version 3944462).
LogModuleManager: Display: Found up-to-date module file ../../../Engine/Plugins/Experimental/AlembicImporter/Binaries/Win64/UE4Editor-AlembicLibrary.dll (API version 3944462).
LogModuleManager: Display: Found up-to-date module file ../../../Engine/Plugins/Experimental/CharacterAI/Binaries/Win64/UE4Editor-CharacterAI.dll (API version 3944462).
LogModuleManager: Display: Found up-to-date module file ../../../Engine/Plugins/Experimental/HTML5Networking/Binaries/Win64/UE4Editor-HTML5Networking.dll (API version 3944462).
LogModuleManager: Display: Found up-to-date module file ../../../Engine/Plugins/Media/AndroidMedia/Binaries/Win64/UE4Editor-AndroidMediaEditor.dll (API version 3944462).
LogModuleManager: Display: Found up-to-date module file ../../../Engine/Plugins/Media/AndroidMedia/Binaries/Win64/UE4Editor-AndroidMediaFactory.dll (API version 3944462).
LogModuleManager: Display: Found up-to-date module file ../../../Engine/Plugins/Media/AvfMedia/Binaries/Win64/UE4Editor-AvfMediaEditor.dll (API version 3944462).
LogModuleManager: Display: Found up-to-date module file ../../../Engine/Plugins/Media/AvfMedia/Binaries/Win64/UE4Editor-AvfMediaFactory.dll (API version 3944462).
LogModuleManager: Display: Found up-to-date module file ../../../Engine/Plugins/Media/AvfMedia/Binaries/Win64/UE4Editor-AvfMediaFactory.dll (API version 3944462).
LogModuleManager: Display: Found up-to-date module file ../../../Engine/Plugins/Media/ImgMedia/Binaries/Win64/UE4Editor-ImgMedia.dll (API version 3944462).
LogModuleManager: Display: Found up-to-date module file ../../../Engine/Plugins/Media/ImgMedia/Binaries/Win64/UE4Editor-ImgMediaEditor.dll (API version 3944462).
LogModuleManager: Display: Found up-to-date module file ../../../Engine/Plugins/Media/ImgMedia/Binaries/Win64/UE4Editor-ImgMediaFactory.dll (API version 3944462).
LogModuleManager: Display: Found up-to-date module file ../../../Engine/Plugins/Media/ImgMedia/Binaries/Win64/UE4Editor-ImgMediaFactory.dll (API version 3944462).
LogModuleManager: Display: Found up-to-date module file ../../../Engine/Plugins/Media/ImgMedia/Binaries/Win64/UE4Editor-OpenExrWrapper.dll (API version 3944462).
LogModuleManager: Display: Found up-to-date module file ../../../Engine/Plugins/Media/LinearTimecode/Binaries/Win64/UE4Editor-LinearTimecode.dll (API version 3944462).
LogModuleManager: Display: Found up-to-date module file ../../../Engine/Plugins/Media/MediaCompositing/Binaries/Win64/UE4Editor-MediaCompositing.dll (API version 3944462).
LogModuleManager: Display: Found up-to-date module file ../../../Engine/Plugins/Media/MediaCompositing/Binaries/Win64/UE4Editor-MediaCompositingEditor.dll (API version 3944462).
LogModuleManager: Display: Found up-to-date module file ../../../Engine/Plugins/Media/MediaPlayerEditor/Binaries/Win64/UE4Editor-MediaPlayerEditor.dll (API version 3944462).
LogModuleManager: Display: Found up-to-date module file ../../../Engine/Plugins/Media/WmfMedia/Binaries/Win64/UE4Editor-WmfMedia.dll (API version 3944462).
LogModuleManager: Display: Found up-to-date module file ../../../Engine/Plugins/Media/WmfMedia/Binaries/Win64/UE4Editor-WmfMediaEditor.dll (API version 3944462).
LogModuleManager: Display: Found up-to-date module file ../../../Engine/Plugins/Media/WmfMedia/Binaries/Win64/UE4Editor-WmfMediaFactory.dll (API version 3944462).
LogModuleManager: Display: Found up-to-date module file ../../../Engine/Plugins/Media/WmfMedia/Binaries/Win64/UE4Editor-WmfMediaFactory.dll (API version 3944462).
LogModuleManager: Display: Found up-to-date module file ../../../Engine/Plugins/Messaging/TcpMessaging/Binaries/Win64/UE4Editor-TcpMessaging.dll (API version 3944462).
LogModuleManager: Display: Found up-to-date module file ../../../Engine/Plugins/Messaging/UdpMessaging/Binaries/Win64/UE4Editor-UdpMessaging.dll (API version 3944462).
LogModuleManager: Display: Found up-to-date module file ../../../Engine/Plugins/MovieScene/ActorSequence/Binaries/Win64/UE4Editor-ActorSequence.dll (API version 3944462).
LogModuleManager: Display: Found up-to-date module file ../../../Engine/Plugins/MovieScene/LevelSequenceEditor/Binaries/Win64/UE4Editor-LevelSequenceEditor.dll (API version 3944462).
LogModuleManager: Display: Found up-to-date module file ../../../Engine/Plugins/MovieScene/MatineeToLevelSequence/Binaries/Win64/UE4Editor-MatineeToLevelSequence.dll (API version 3944462).
LogModuleManager: Display: Found up-to-date module file ../../../Engine/Plugins/NetcodeUnitTest/NetcodeUnitTest/Binaries/Win64/UE4Editor-NetcodeUnitTest.dll (API version 3944462).
LogModuleManager: Display: Found up-to-date module file ../../../Engine/Plugins/NetcodeUnitTest/NUTUnrealEngine4/Binaries/Win64/UE4Editor-NUTUnrealEngine4.dll (API version 3944462).
LogModuleManager: Display: Found up-to-date module file ../../../Engine/Plugins/Online/OnlineSubsystem/Binaries/Win64/UE4Editor-OnlineSubsystem.dll (API version 3944462).
LogModuleManager: Display: Found up-to-date module file ../../../Engine/Plugins/Online/OnlineSubsystemNull/Binaries/Win64/UE4Editor-OnlineSubsystemNull.dll (API version 3944462).
LogModuleManager: Display: Found up-to-date module file ../../../Engine/Plugins/Online/OnlineSubsystemUtils/Binaries/Win64/UE4Editor-OnlineSubsystemUtils.dll (API version 3944462).
LogModuleManager: Display: Found up-to-date module file ../../../Engine/Plugins/Online/OnlineSubsystemUtils/Binaries/Win64/UE4Editor-OnlineBlueprintSupport.dll (API version 3944462).
LogModuleManager: Display: Found up-to-date module file ../../../Engine/Plugins/Runtime/AndroidDeviceProfileSelector/Binaries/Win64/UE4Editor-AndroidDeviceProfileSelector.dll (API version 3944462).
LogModuleManager: Display: Found up-to-date module file ../../../Engine/Plugins/Runtime/AndroidPermission/Binaries/Win64/UE4Editor-AndroidPermission.dll (API version 3944462).
LogModuleManager: Display: Found up-to-date module file ../../../Engine/Plugins/Runtime/AppleARKit/Binaries/Win64/UE4Editor-AppleARKit.dll (API version 3944462).
LogModuleManager: Display: Found up-to-date module file ../../../Engine/Plugins/Runtime/ArchVisCharacter/Binaries/Win64/UE4Editor-ArchVisCharacter.dll (API version 3944462).
LogModuleManager: Display: Found up-to-date module file ../../../Engine/Plugins/Runtime/AudioCapture/Binaries/Win64/UE4Editor-AudioCapture.dll (API version 3944462).
LogModuleManager: Display: Found up-to-date module file ../../../Engine/Plugins/Runtime/AudioCapture/Binaries/Win64/UE4Editor-AudioCaptureEditor.dll (API version 3944462).
LogModuleManager: Display: Found up-to-date module file ../../../Engine/Plugins/Runtime/CableComponent/Binaries/Win64/UE4Editor-CableComponent.dll (API version 3944462).
LogModuleManager: Display: Found up-to-date module file ../../../Engine/Plugins/Runtime/CustomMeshComponent/Binaries/Win64/UE4Editor-CustomMeshComponent.dll (API version 3944462).
LogModuleManager: Display: Found up-to-date module file ../../../Engine/Plugins/Runtime/ExampleDeviceProfileSelector/Binaries/Win64/UE4Editor-ExampleDeviceProfileSelector.dll (API version 3944462).
LogModuleManager: Display: Found up-to-date module file ../../../Engine/Plugins/Runtime/ImmediatePhysics/Binaries/Win64/UE4Editor-ImmediatePhysics.dll (API version 3944462).
LogModuleManager: Display: Found up-to-date module file ../../../Engine/Plugins/Runtime/ImmediatePhysics/Binaries/Win64/UE4Editor-ImmediatePhysicsEditor.dll (API version 3944462).
LogModuleManager: Display: Found up-to-date module file ../../../Engine/Plugins/Runtime/LocationServicesBPLibrary/Binaries/Win64/UE4Editor-LocationServicesBPLibrary.dll (API version 3944462).
LogModuleManager: Display: Found up-to-date module file ../../../Engine/Plugins/Runtime/MobilePatchingUtils/Binaries/Win64/UE4Editor-MobilePatchingUtils.dll (API version 3944462).
LogModuleManager: Display: Found up-to-date module file ../../../Engine/Plugins/Runtime/Oculus/OculusVR/Binaries/Win64/UE4Editor-OculusHMD.dll (API version 3944462).
LogModuleManager: Display: Found up-to-date module file ../../../Engine/Plugins/Runtime/Oculus/OculusVR/Binaries/Win64/UE4Editor-OculusInput.dll (API version 3944462).
LogModuleManager: Display: Found up-to-date module file ../../../Engine/Plugins/Runtime/Oculus/OculusVR/Binaries/Win64/UE4Editor-OculusEditor.dll (API version 3944462).
LogModuleManager: Display: Found up-to-date module file ../../../Engine/Plugins/Runtime/PhysXVehicles/Binaries/Win64/UE4Editor-PhysXVehicles.dll (API version 3944462).
LogModuleManager: Display: Found up-to-date module file ../../../Engine/Plugins/Runtime/PhysXVehicles/Binaries/Win64/UE4Editor-PhysXVehiclesEditor.dll (API version 3944462).
LogModuleManager: Display: Found up-to-date module file ../../../Engine/Plugins/Runtime/ProceduralMeshComponent/Binaries/Win64/UE4Editor-ProceduralMeshComponent.dll (API version 3944462).
LogModuleManager: Display: Found up-to-date module file ../../../Engine/Plugins/Runtime/ProceduralMeshComponent/Binaries/Win64/UE4Editor-ProceduralMeshComponentEditor.dll (API version 3944462).
LogModuleManager: Display: Found up-to-date module file ../../../Engine/Plugins/Runtime/RuntimePhysXCooking/Binaries/Win64/UE4Editor-RuntimePhysXCooking.dll (API version 3944462).
LogModuleManager: Display: Found up-to-date module file ../../../Engine/Plugins/Runtime/Steam/SteamVR/Binaries/Win64/UE4Editor-SteamVR.dll (API version 3944462).
LogModuleManager: Display: Found up-to-date module file ../../../Engine/Plugins/Runtime/Steam/SteamVR/Binaries/Win64/UE4Editor-SteamVRController.dll (API version 3944462).
LogModuleManager: Display: Found up-to-date module file ../../../Engine/Plugins/Runtime/WindowsMoviePlayer/Binaries/Win64/UE4Editor-WindowsMoviePlayer.dll (API version 3944462).
LogInit: Using libcurl 7.47.1
LogInit:  - built for x86_64-pc-win32
LogInit:  - supports SSL with OpenSSL/1.0.2g
LogInit:  - supports HTTP deflate (compression) using libz 1.2.8
LogInit:  - other features:
LogInit:      CURL_VERSION_SSL
LogInit:      CURL_VERSION_LIBZ
LogInit:      CURL_VERSION_IPV6
LogInit:      CURL_VERSION_ASYNCHDNS
LogInit:      CURL_VERSION_LARGEFILE
LogInit:      CURL_VERSION_IDN
LogInit:  CurlRequestOptions (configurable via config and command line):
LogInit:  - bVerifyPeer = false  - Libcurl will NOT verify peer certificate
LogInit:  - bUseHttpProxy = false  - Libcurl will NOT use HTTP proxy
LogInit:  - bDontReuseConnections = false  - Libcurl will reuse connections
LogInit:  - CertBundlePath = nullptr  - Libcurl will use whatever was configured at build time.
LogInit:  - MaxHostConnections = 16  - Libcurl will limit the number of connections to a host
LogInit:  - LocalHostAddr = Default
LogInit: WinSock: version 1.1 (2.2), MaxSocks=32767, MaxUdp=65467
LogInit: WinSock: I am DESKTOP-A4CSULD (175.197.228.104:0)
LogInit: Build: ++UE4+Release-4.19-CL-4033788
LogInit: Engine Version: 4.19.2-4033788+++UE4+Release-4.19
LogInit: Compatible Engine Version: 4.19.0-3944462+++UE4+Release-4.19
LogInit: Net CL: 3944462
LogDevObjectVersion: Number of dev versions registered: 18
LogDevObjectVersion:   Dev-Blueprints (B0D832E4-1F89-4F0D-ACCF-7EB736FD4AA2): 10
LogDevObjectVersion:   Dev-Build (E1C64328-A22C-4D53-A36C-8E866417BD8C): 0
LogDevObjectVersion:   Dev-Core (375EC13C-06E4-48FB-B500-84F0262A717E): 2
LogDevObjectVersion:   Dev-Editor (E4B068ED-F494-42E9-A231-DA0B2E46BB41): 23
LogDevObjectVersion:   Dev-Framework (CFFC743F-43B0-4480-9391-14DF171D2073): 33
LogDevObjectVersion:   Dev-Mobile (B02B49B5-BB20-44E9-A304-32B752E40360): 2
LogDevObjectVersion:   Dev-Networking (A4E4105C-59A1-49B5-A7C5-40C4547EDFEE): 0
LogDevObjectVersion:   Dev-Online (39C831C9-5AE6-47DC-9A44-9C173E1C8E7C): 0
LogDevObjectVersion:   Dev-Physics (78F01B33-EBEA-4F98-B9B4-84EACCB95AA2): 0
LogDevObjectVersion:   Dev-Platform (6631380F-2D4D-43E0-8009-CF276956A95A): 0
LogDevObjectVersion:   Dev-Rendering (12F88B9F-8875-4AFC-A67C-D90C383ABD29): 25
LogDevObjectVersion:   Dev-Sequencer (7B5AE74C-D270-4C10-A958-57980B212A5A): 6
LogDevObjectVersion:   Dev-VR (D7296918-1DD6-4BDD-9DE2-64A83CC13884): 1
LogDevObjectVersion:   Dev-LoadTimes (C2A15278-BFE7-4AFE-6C17-90FF531DF755): 1
LogDevObjectVersion:   Private-Geometry (6EACA3D4-40EC-4CC1-B786-8BED09428FC5): 2
LogDevObjectVersion:   Dev-AnimPhys (29E575DD-E0A3-4627-9D10-D276232CDCEA): 16
LogDevObjectVersion:   Dev-ReflectionCapture (6B266CEC-1EC7-4B8F-A30B-E4D90942FC07): 1
LogDevObjectVersion:   Dev-Automation (0DF73D61-A23F-47EA-B727-89E90C41499A): 1
LogInit: Compiled (64-bit): Apr 27 2018 02:06:57
LogInit: Compiled with Visual C++: 19.00.24215.01
LogInit: Build Configuration: Development
LogInit: Branch Name: ++UE4+Release-4.19
LogInit: Command Line:  
LogInit: Base Directory: D:/Tools/EpicGames/UE_4.19/Engine/Binaries/Win64/
LogInit: Installed Engine Build: 1
LogStreaming: Display: Took  0.002s to delete old logs.
LogInit: Presizing for max 8388607 objects, including 0 objects not considered by GC, pre-allocating 0 bytes for permanent pool.
LogInit: Object subsystem initialized
[2023.05.09-08.21.05:785][  0]LogInit: Selected Device Profile: [Windows]
[2023.05.09-08.21.05:785][  0]LogInit: Applying CVar settings loaded from the selected device profile: [Windows]
[2023.05.09-08.21.05:793][  0]LogInit: Computer: DESKTOP-A4CSULD
[2023.05.09-08.21.05:793][  0]LogInit: User: 82104
[2023.05.09-08.21.05:793][  0]LogInit: CPU Page size=4096, Cores=8
[2023.05.09-08.21.05:793][  0]LogInit: High frequency timer resolution =10.000000 MHz
[2023.05.09-08.21.05:793][  0]LogMemory: Memory total: Physical=31.9GB (32GB approx)
[2023.05.09-08.21.05:793][  0]LogMemory: Platform Memory Stats for Windows
[2023.05.09-08.21.05:793][  0]LogMemory: Process Physical Memory: 279.81 MB used, 279.82 MB peak
[2023.05.09-08.21.05:793][  0]LogMemory: Process Virtual Memory: 268.63 MB used, 268.63 MB peak
[2023.05.09-08.21.05:793][  0]LogMemory: Physical Memory: 13563.53 MB used,  19152.59 MB free, 32716.11 MB total
[2023.05.09-08.21.05:794][  0]LogMemory: Virtual Memory: 4809.38 MB used,  19152.59 MB free, 134217728.00 MB total
[2023.05.09-08.21.05:825][  0]LogInit: Using OS detected language (ko-KR).
[2023.05.09-08.21.05:825][  0]LogInit: Using OS detected locale (ko-KR).
[2023.05.09-08.21.05:828][  0]LogTextLocalizationManager: No specific localization for 'ko-KR' exists, so the 'ko' localization will be used.
[2023.05.09-08.21.06:203][  0]LogStreaming: Display: Took  0.378s to EndInitTextLocalization.
[2023.05.09-08.21.06:203][  0]LogInit: Setting process to per monitor DPI aware
[2023.05.09-08.21.06:247][  0]LogSlate: New Slate User Created.  User Index 0, Is Virtual User: 0
[2023.05.09-08.21.06:247][  0]LogSlate: Slate User Registered.  User Index 0, Is Virtual User: 0
[2023.05.09-08.21.06:454][  0]LogD3D11RHI: D3D11 adapters:
[2023.05.09-08.21.06:599][  0]LogD3D11RHI:    0. 'NVIDIA GeForce GTX 1660 Ti' (Feature Level 11_0)
[2023.05.09-08.21.06:599][  0]LogD3D11RHI:       5979/0/16358 MB DedicatedVideo/DedicatedSystem/SharedSystem, Outputs:2, VendorId:0x10de
[2023.05.09-08.21.06:601][  0]LogD3D11RHI:    1. 'Microsoft Basic Render Driver' (Feature Level 11_0)
[2023.05.09-08.21.06:601][  0]LogD3D11RHI:       0/0/16358 MB DedicatedVideo/DedicatedSystem/SharedSystem, Outputs:0, VendorId:0x1414
[2023.05.09-08.21.06:601][  0]LogD3D11RHI: Chosen D3D11 Adapter: 0
[2023.05.09-08.21.06:612][  0]LogD3D11RHI: Creating new Direct3DDevice
[2023.05.09-08.21.06:612][  0]LogD3D11RHI:     GPU DeviceId: 0x2182 (for the marketing name, search the web for "GPU Device Id")
[2023.05.09-08.21.06:612][  0]LogWindows: EnumDisplayDevices:
[2023.05.09-08.21.06:612][  0]LogWindows:    0. 'NVIDIA GeForce GTX 1660 Ti' (P:1 D:1)
[2023.05.09-08.21.06:612][  0]LogWindows:    1. 'NVIDIA GeForce GTX 1660 Ti' (P:0 D:1)
[2023.05.09-08.21.06:612][  0]LogWindows:    2. 'NVIDIA GeForce GTX 1660 Ti' (P:0 D:0)
[2023.05.09-08.21.06:612][  0]LogWindows:    3. 'NVIDIA GeForce GTX 1660 Ti' (P:0 D:0)
[2023.05.09-08.21.06:613][  0]LogWindows: DebugString: GetVideoDriverDetailsInvalid PrimaryIsNotTheChoosenAdapter GetVideoDriverDetailsInvalid PrimaryIsNotTheChoosenAdapter GetVideoDriverDetailsInvalid PrimaryIsNotTheChoosenAdapter GetVideoDriverDetailsInvalid PrimaryIsNotTheChoosenAdapter FoundDriverCount:0 
[2023.05.09-08.21.06:613][  0]LogD3D11RHI:     Adapter Name: NVIDIA GeForce GTX 1660 Ti
[2023.05.09-08.21.06:613][  0]LogD3D11RHI:   Driver Version: Unknown (internal:Unknown, unified:Unknown)
[2023.05.09-08.21.06:613][  0]LogD3D11RHI:      Driver Date: Unknown
[2023.05.09-08.21.06:613][  0]LogRHI: Texture pool is 4185 MB (70% of 5979 MB)
[2023.05.09-08.21.06:718][  0]LogD3D11RHI: [Aftermath] Aftermath enabled and primed
[2023.05.09-08.21.06:718][  0]LogD3D11RHI: [Aftermath] Aftermath enabled and primed
[2023.05.09-08.21.06:718][  0]LogD3D11RHI: Async texture creation enabled
[2023.05.09-08.21.06:739][  0]LogD3D11RHI: GPU Timing Frequency: 1000.000000 (Debug: 2 1)
[2023.05.09-08.21.06:740][  0]LogD3D11RHI: HDR output is supported on display 0 (NvId: 0x80061081).
[2023.05.09-08.21.06:741][  0]LogShaderCompilers: Guid format shader working directory is 8 characters bigger than the processId version (../../../../../../UE_Project/BattleRoyal/Intermediate/Shaders/WorkingDirectory/23868/).
[2023.05.09-08.21.06:741][  0]LogShaderCompilers: Cleaned the shader compiler working directory 'C:/Users/Wonjeong/AppData/Local/Temp/UnrealShaderWorkingDir/A5ECFA084A911C738C2132A7A73794FF/'.
[2023.05.09-08.21.06:944][  0]LogTemp: Display: Loaded TP AllDesktopTargetPlatform
[2023.05.09-08.21.06:958][  0]LogTemp: Display: Loaded TP MacClientTargetPlatform
[2023.05.09-08.21.06:973][  0]LogTemp: Display: Loaded TP MacNoEditorTargetPlatform
[2023.05.09-08.21.06:987][  0]LogTemp: Display: Loaded TP MacServerTargetPlatform
[2023.05.09-08.21.07:002][  0]LogTemp: Display: Loaded TP MacTargetPlatform
[2023.05.09-08.21.07:018][  0]LogTemp: Display: Loaded TP WindowsClientTargetPlatform
[2023.05.09-08.21.07:033][  0]LogTemp: Display: Loaded TP WindowsNoEditorTargetPlatform
[2023.05.09-08.21.07:047][  0]LogTemp: Display: Loaded TP WindowsServerTargetPlatform
[2023.05.09-08.21.07:054][  0]LogTemp: Display: Loaded TP WindowsTargetPlatform
[2023.05.09-08.21.07:066][  0]LogTemp: Display: Loaded TP Android_ASTCTargetPlatform
[2023.05.09-08.21.07:080][  0]LogTemp: Display: Loaded TP Android_ATCTargetPlatform
[2023.05.09-08.21.07:093][  0]LogTemp: Display: Loaded TP Android_DXTTargetPlatform
[2023.05.09-08.21.07:107][  0]LogTemp: Display: Loaded TP Android_ETC1aTargetPlatform
[2023.05.09-08.21.07:119][  0]LogTemp: Display: Loaded TP Android_ETC1TargetPlatform
[2023.05.09-08.21.07:133][  0]LogTemp: Display: Loaded TP Android_ETC2TargetPlatform
[2023.05.09-08.21.07:160][  0]LogTemp: Display: Loaded TP Android_MultiTargetPlatform
[2023.05.09-08.21.07:160][  0]LogTemp: Display: Loaded TP Android_PVRTCTargetPlatform
[2023.05.09-08.21.07:173][  0]LogTemp: Display: Loaded TP AndroidTargetPlatform
[2023.05.09-08.21.07:174][  0]LogTemp: Display: Loaded TP HTML5TargetPlatform
[2023.05.09-08.21.07:212][  0]LogTemp: Display: Loaded TP IOSTargetPlatform
[2023.05.09-08.21.07:224][  0]LogTemp: Display: Loaded TP TVOSTargetPlatform
[2023.05.09-08.21.07:237][  0]LogTemp: Display: Loaded TP LinuxClientTargetPlatform
[2023.05.09-08.21.07:252][  0]LogTemp: Display: Loaded TP LinuxNoEditorTargetPlatform
[2023.05.09-08.21.07:265][  0]LogTemp: Display: Loaded TP LinuxServerTargetPlatform
[2023.05.09-08.21.07:279][  0]LogTemp: Display: Loaded TP LinuxTargetPlatform
[2023.05.09-08.21.07:279][  0]LogTargetPlatformManager: Display: Building Assets For Windows
[2023.05.09-08.21.07:378][  0]LogXGEController: Cannot use XGE Controller as Incredibuild is not installed on this machine.
[2023.05.09-08.21.07:378][  0]LogShaderCompilers: Cannot use XGE Shader Compiler as Incredibuild is not installed on this machine.
[2023.05.09-08.21.07:378][  0]LogShaderCompilers: Display: Using Local Shader Compiler.
[2023.05.09-08.21.08:022][  0]LogDerivedDataCache: Display: Max Cache Size: 512 MB
[2023.05.09-08.21.08:084][  0]LogDerivedDataCache: Loaded boot cache 0.06s 78MB C:/Users/Wonjeong/AppData/Local/UnrealEngine/4.19/DerivedDataCache/Boot.ddc.
[2023.05.09-08.21.08:084][  0]LogDerivedDataCache: Display: Loaded Boot cache: C:/Users/Wonjeong/AppData/Local/UnrealEngine/4.19/DerivedDataCache/Boot.ddc
[2023.05.09-08.21.08:084][  0]LogDerivedDataCache: FDerivedDataBackendGraph:  Pak pak cache file ../../../../../../UE_Project/BattleRoyal/DerivedDataCache/DDC.ddp not found, will not use a pak cache.
[2023.05.09-08.21.08:084][  0]LogDerivedDataCache: Unable to find inner node Pak for hierarchical cache Hierarchy.
[2023.05.09-08.21.08:085][  0]LogDerivedDataCache: FDerivedDataBackendGraph:  CompressedPak pak cache file ../../../../../../UE_Project/BattleRoyal/DerivedDataCache/Compressed.ddp not found, will not use a pak cache.
[2023.05.09-08.21.08:085][  0]LogDerivedDataCache: Unable to find inner node CompressedPak for hierarchical cache Hierarchy.
[2023.05.09-08.21.08:101][  0]LogDerivedDataCache: Display: Pak cache opened for reading ../../../Engine/DerivedDataCache/Compressed.ddp.
[2023.05.09-08.21.08:113][  0]LogDerivedDataCache: Using Local data cache path C:/Users/Wonjeong/AppData/Local/UnrealEngine/Common/DerivedDataCache: Writable
[2023.05.09-08.21.08:113][  0]LogDerivedDataCache: Shared data cache path not found in *engine.ini, will not use an Shared cache.
[2023.05.09-08.21.08:113][  0]LogDerivedDataCache: Unable to find inner node Shared for hierarchical cache Hierarchy.
[2023.05.09-08.21.08:126][  0]LogMaterial: Verifying Global Shaders for PCD3D_SM5
[2023.05.09-08.21.08:126][  0]LogSlate: Using Freetype 2.6.0
[2023.05.09-08.21.08:126][  0]LogSlate: SlateFontCache - WITH_FREETYPE: 1, WITH_HARFBUZZ: 1
[2023.05.09-08.21.08:126][  0]LogSlate: SlateFontCache - WITH_FREETYPE: 1, WITH_HARFBUZZ: 1
[2023.05.09-08.21.08:240][  0]LogAssetRegistry: FAssetRegistry took 0.0267 seconds to start up
[2023.05.09-08.21.08:539][  0]LogInit: Selected Device Profile: [Windows]
[2023.05.09-08.21.08:655][  0]LogSimplygon: Simplygon DLL not present - disabling.
[2023.05.09-08.21.08:657][  0]LogMeshReduction: Using SimplygonSwarm for distributed automatic mesh merging
[2023.05.09-08.21.08:657][  0]LogMeshReduction: Using QuadricMeshReduction for automatic static mesh reduction
[2023.05.09-08.21.08:657][  0]LogMeshReduction: No automatic skeletal mesh reduction module available
[2023.05.09-08.21.08:657][  0]LogMeshReduction: No automatic mesh merging module available
[2023.05.09-08.21.08:657][  0]LogMeshMerging: No automatic mesh merging module available
[2023.05.09-08.21.08:686][  0]LogNetVersion: BattleRoyal , NetCL: 3944462, EngineNetVer: 2, GameNetVer: 0 (Checksum: 3060849375)
[2023.05.09-08.21.09:065][  0]LogPackageLocalizationCache: Processed 9 localized package path(s) for 2 prioritized culture(s) in 0.061742 seconds
[2023.05.09-08.21.09:070][  0]LogUObjectArray: 36728 objects as part of root set at end of initial load.
[2023.05.09-08.21.09:070][  0]LogUObjectAllocator: 7314304 out of 0 bytes used by permanent object pool.
[2023.05.09-08.21.09:070][  0]LogUObjectArray: CloseDisregardForGC: 0/0 objects in disregard for GC pool
[2023.05.09-08.21.10:460][  0]LogTcpMessaging: Initializing TcpMessaging bridge
[2023.05.09-08.21.10:488][  0]LogUdpMessaging: Initializing bridge on interface 0.0.0.0:0 to multicast group 230.0.0.1:6666.
[2023.05.09-08.21.10:762][  0]LogSkeletalMesh: Skeletal Mesh found in DDC [0.827800ms] /Game/Characters/Female/Parts/SK_Female_Body_Head.SK_Female_Body_Head
[2023.05.09-08.21.10:771][  0]LogUObjectGlobals: Created PersistentFrame Addr=0x0000018c59b18500, Size=16, Default__BP_Parachute_C Function /Game/Characters/BP_Parachute.BP_Parachute_C:ExecuteUbergraph_BP_Parachute
[2023.05.09-08.21.10:773][  0]LogUObjectGlobals: Destroyed PersistentFrame Addr=0x0000018c59b18500, Size=16
[2023.05.09-08.21.10:773][  0]LogUObjectGlobals: Created PersistentFrame Addr=0x0000018c59b18500, Size=16, Default__BP_Parachute_C Function /Engine/Transient.REINST_BP_Parachute_C_1:ExecuteUbergraph_BP_Parachute
[2023.05.09-08.21.10:776][  0]LogUObjectGlobals: Created PersistentFrame Addr=0x0000018c65a37f60, Size=16, Default__BP_Parachute_C Function /Game/Characters/BP_Parachute.BP_Parachute_C:ExecuteUbergraph_BP_Parachute
[2023.05.09-08.21.10:962][  0]LogUObjectGlobals: Created PersistentFrame Addr=0x0000018c66fb4400, Size=1024, Default__BP_Player_C Function /Game/Characters/BP_Player.BP_Player_C:ExecuteUbergraph_BP_Player
[2023.05.09-08.21.10:964][  0]LogUObjectGlobals: Created PersistentFrame Addr=0x0000018c66c38580, Size=344, Default__AnimBP_Player_C Function /Game/Characters/AnimBP_Player.AnimBP_Player_C:ExecuteUbergraph_AnimBP_Player
[2023.05.09-08.21.10:989][  0]LogUObjectGlobals: Created PersistentFrame Addr=0x0000018c663c4740, Size=4, Default__WidgetBP_Interaction_C Function /Game/Characters/HUD/WidgetBP_Interaction.WidgetBP_Interaction_C:ExecuteUbergraph_WidgetBP_Interaction
[2023.05.09-08.21.11:024][  0]LogUObjectGlobals: Destroyed PersistentFrame Addr=0x0000018c66c38580, Size=344
[2023.05.09-08.21.11:024][  0]LogUObjectGlobals: Created PersistentFrame Addr=0x0000018c67434b80, Size=344, Default__AnimBP_Player_C Function /Engine/Transient.REINST_AnimBP_Player_C_0:ExecuteUbergraph_AnimBP_Player
[2023.05.09-08.21.11:025][  0]LogUObjectGlobals: Destroyed PersistentFrame Addr=0x0000018c66fb4400, Size=1024
[2023.05.09-08.21.11:025][  0]LogUObjectGlobals: Created PersistentFrame Addr=0x0000018c674b3800, Size=1024, Default__BP_Player_C Function /Engine/Transient.REINST_BP_Player_C_9:ExecuteUbergraph_BP_Player
[2023.05.09-08.21.11:025][  0]LogUObjectGlobals: Destroyed PersistentFrame Addr=0x0000018c663c4740, Size=4
[2023.05.09-08.21.11:025][  0]LogUObjectGlobals: Created PersistentFrame Addr=0x0000018c66893338, Size=4, Default__WidgetBP_Interaction_C Function /Engine/Transient.REINST_WidgetBP_Interaction_C_4:ExecuteUbergraph_WidgetBP_Interaction
[2023.05.09-08.21.11:057][  0]LogUObjectGlobals: Created PersistentFrame Addr=0x0000018c67283400, Size=344, Default__AnimBP_Player_C Function /Game/Characters/AnimBP_Player.AnimBP_Player_C:ExecuteUbergraph_AnimBP_Player
[2023.05.09-08.21.11:061][  0]LogUObjectGlobals: Created PersistentFrame Addr=0x0000018c67339c00, Size=1024, Default__BP_Player_C Function /Game/Characters/BP_Player.BP_Player_C:ExecuteUbergraph_BP_Player
[2023.05.09-08.21.11:063][  0]LogUObjectGlobals: Created PersistentFrame Addr=0x0000018c668921f8, Size=4, Default__WidgetBP_Interaction_C Function /Game/Characters/HUD/WidgetBP_Interaction.WidgetBP_Interaction_C:ExecuteUbergraph_WidgetBP_Interaction
[2023.05.09-08.21.11:100][  0]LogSkeletalMesh: Skeletal Mesh found in DDC [0.616100ms] /Game/Characters/Female/Parts/SK_Female_Body_Upper.SK_Female_Body_Upper
[2023.05.09-08.21.11:100][  0]LogSkeletalMesh: Skeletal Mesh found in DDC [0.358500ms] /Game/Characters/Female/Parts/SK_Female_Body_Lower.SK_Female_Body_Lower
[2023.05.09-08.21.11:104][  0]LogSkeletalMesh: Skeletal Mesh found in DDC [0.420700ms] /Game/Characters/Female/Parts/SK_Female_Cloth_Helmet_Hair.SK_Female_Cloth_Helmet_Hair
[2023.05.09-08.21.11:239][  0]SourceControl: 소스 콘트롤이 꺼졌습니다.
[2023.05.09-08.21.11:239][  0]SourceControl: 소스 콘트롤이 꺼졌습니다.
[2023.05.09-08.21.11:255][  0]SourceControl: 소스 콘트롤이 꺼졌습니다.
[2023.05.09-08.21.11:273][  0]SourceControl: 소스 콘트롤이 꺼졌습니다.
[2023.05.09-08.21.11:729][  0]LogAndroidPermission: UAndroidPermissionCallbackProxy::GetInstance
[2023.05.09-08.21.11:895][  0]LogOcInput: OculusInput pre-init called
[2023.05.09-08.21.11:998][  0]LogEngine: Initializing Engine...
[2023.05.09-08.21.11:999][  0]LogHMD: Failed to initialize OpenVR with code 110
[2023.05.09-08.21.12:001][  0]LogStats: UGameplayTagsManager::ConstructGameplayTagTree: Construct from data asset -  0.000 s
[2023.05.09-08.21.12:001][  0]LogStats: UGameplayTagsManager::ConstructGameplayTagTree: GameplayTagTreeChangedEvent.Broadcast -  0.000 s
[2023.05.09-08.21.12:175][  0]LogAIModule: Creating AISystem for world Untitled
[2023.05.09-08.21.12:204][  0]LogInit: XAudio2 using '24MP76(NVIDIA High Definition Audio)' : 2 channels at 48 kHz using 16 bits per sample (channel mask 0x3)
[2023.05.09-08.21.12:218][  0]LogInit: FAudioDevice initialized.
[2023.05.09-08.21.12:308][  0]LogDerivedDataCache: Saved boot cache 0.09s 78MB C:/Users/Wonjeong/AppData/Local/UnrealEngine/4.19/DerivedDataCache/Boot.ddc.
[2023.05.09-08.21.12:317][  0]LogInit: Texture streaming: Enabled
[2023.05.09-08.21.12:338][  0]LogEngineSessionManager: EngineSessionManager initialized
[2023.05.09-08.21.12:354][  0]LogInit: Transaction tracking system initialized
[2023.05.09-08.21.12:379][  0]BlueprintLog: New page: 에디터 로드
[2023.05.09-08.21.12:549][  0]LocalizationService: 현지화 서비스가 비활성화되었습니다.
[2023.05.09-08.21.12:643][  0]LogConsoleResponse: Display: 
[2023.05.09-08.21.12:754][  0]LogCook: Display: Max memory allowance for cook 16384mb min free memory 0mb
[2023.05.09-08.21.12:754][  0]LogCook: Display: Mobile HDR setting 1
[2023.05.09-08.21.12:754][  0]LogGameplayTags: Display: UGameplayTagsManager::DoneAddingNativeTags. DelegateIsBound: 0
[2023.05.09-08.21.12:754][  0]LogStats: UGameplayTagsManager::ConstructGameplayTagTree: Construct from data asset -  0.000 s
[2023.05.09-08.21.12:754][  0]LogStats: UGameplayTagsManager::ConstructGameplayTagTree: GameplayTagTreeChangedEvent.Broadcast -  0.000 s
[2023.05.09-08.21.13:091][  0]SourceControl: 소스 콘트롤이 꺼졌습니다.
[2023.05.09-08.21.13:091][  0]Cmd: MAP LOAD FILE="../../../../../../UE_Project/BattleRoyal/Content/Maps/Jungle/Jungle.umap" TEMPLATE=0 SHOWPROGRESS=1 FEATURELEVEL=3
[2023.05.09-08.21.13:091][  0]LightingResults: New page: 라이팅 빌드
[2023.05.09-08.21.13:094][  0]MapCheck: New page: 맵 체크
[2023.05.09-08.21.13:094][  0]LightingResults: New page: 라이팅 빌드
[2023.05.09-08.21.13:101][  0]LogUObjectGlobals: Destroyed PersistentFrame Addr=0x0000018c59b18500, Size=16
[2023.05.09-08.21.13:101][  0]LogUObjectGlobals: Destroyed PersistentFrame Addr=0x0000018c674b3800, Size=1024
[2023.05.09-08.21.13:102][  0]LogUObjectGlobals: Destroyed PersistentFrame Addr=0x0000018c67434b80, Size=344
[2023.05.09-08.21.13:102][  0]LogUObjectGlobals: Destroyed PersistentFrame Addr=0x0000018c66893338, Size=4
[2023.05.09-08.21.16:237][  0]LogImageWrapper: Error: PNG Error: Ignoring bad adaptive filter type
[2023.05.09-08.21.16:237][  0]LogTexture: Warning: PNG decompression of source art failed
[2023.05.09-08.21.16:237][  0]LogTexture: Warning: Cannot retrieve source data for mip 0 of texture T_Sand_N
[2023.05.09-08.21.16:346][  0]LogTexture: Error: Texture2D /Game/Maps/Textures/T_Sand_N.T_Sand_N is unknown which is not supported.
[2023.05.09-08.21.18:451][  0]LogAIModule: Creating AISystem for world Jungle
[2023.05.09-08.21.23:237][  0]LogEditorServer: Finished looking for orphan Actors (0.000 secs)
[2023.05.09-08.21.23:246][  0]Cmd: MAP CHECKDEP NOCLEARLOG
[2023.05.09-08.21.23:315][  0]MapCheck: 맵 체크 완료: 오류 0 회, 경고 0 회, 소요 시간 69.102ms.
[2023.05.09-08.21.23:315][  0]LogFileHelpers: Loading map 'Jungle' took 10.225
[2023.05.09-08.21.23:459][  0]LogCollectionManager: Loaded 0 collections in 0.001555 seconds
[2023.05.09-08.21.23:499][  0]LogFileCache: Scanning file cache for directory 'D:/UE_Project/BattleRoyal/Saved/Collections/' took 0.01s
[2023.05.09-08.21.23:499][  0]LogFileCache: Scanning file cache for directory 'D:/UE_Project/BattleRoyal/Content/Developers/82104/Collections/' took 0.01s
[2023.05.09-08.21.23:499][  0]LogFileCache: Scanning file cache for directory 'D:/UE_Project/BattleRoyal/Content/Collections/' took 0.01s
[2023.05.09-08.21.23:499][  0]LogCollectionManager: Rebuilt the GUID cache for 0 collections in 0.000000 seconds
[2023.05.09-08.21.23:510][  0]LogContentBrowser: Native class hierarchy populated in 0.0104 seconds. Added 2466 classes and 563 folders.
[2023.05.09-08.21.23:518][  0]LogContentBrowser: Native class hierarchy updated for 'WidgetCarousel' in 0.0011 seconds. Added 0 classes and 0 folders.
[2023.05.09-08.21.23:559][  0]LogContentBrowser: Native class hierarchy updated for 'AddContentDialog' in 0.0011 seconds. Added 0 classes and 0 folders.
[2023.05.09-08.21.23:566][  0]LogContentBrowser: Native class hierarchy updated for 'SceneOutliner' in 0.0012 seconds. Added 1 classes and 2 folders.
[2023.05.09-08.21.23:726][  0]LogSlate: Took 0.000228 seconds to synchronously load lazily loaded font '../../../Engine/Content/Slate/Fonts/Roboto-Regular.ttf' (155K)
[2023.05.09-08.21.23:729][  0]LogSlate: Took 0.002980 seconds to synchronously load lazily loaded font '../../../Engine/Content/Editor/Slate/Fonts/NanumGothic.ttf' (4243K)
[2023.05.09-08.21.23:735][  0]LogSlate: Took 0.002872 seconds to synchronously load lazily loaded font '../../../Engine/Content/Editor/Slate/Fonts/NanumGothicBold.ttf' (4188K)
[2023.05.09-08.21.23:736][  0]LogSlate: Took 0.000232 seconds to synchronously load lazily loaded font '../../../Engine/Content/Slate/Fonts/Roboto-Bold.ttf' (160K)
[2023.05.09-08.21.23:738][  0]LogSlate: Took 0.000180 seconds to synchronously load lazily loaded font '../../../Engine/Content/Editor/Slate/Fonts/FontAwesome.ttf' (139K)
[2023.05.09-08.21.23:825][  0]LogRenderer: Reallocating scene render targets to support 1932x748 Format 10 NumSamples 1 (Frame:1).
[2023.05.09-08.21.23:890][  0]LogSlate: Took 0.000319 seconds to synchronously load lazily loaded font '../../../Engine/Content/Slate/Fonts/Roboto-Light.ttf' (167K)
[2023.05.09-08.21.24:114][  0]LogContentBrowser: Native class hierarchy updated for 'HierarchicalLODOutliner' in 0.0013 seconds. Added 0 classes and 0 folders.
[2023.05.09-08.21.24:114][  0]LogLoad: (Engine Initialization) Total time: 21.81 seconds
[2023.05.09-08.21.24:114][  0]LogLoad: (Engine Initialization) Total Blueprint compile time: 0.00 seconds
[2023.05.09-08.21.24:148][  0]LogContentStreaming: Texture pool size now 1000 MB
[2023.05.09-08.21.24:217][  1]LogAssetRegistry: Asset discovery search completed in 15.9998 seconds
[2023.05.09-08.21.24:219][  1]LogCollectionManager: Rebuilt the object cache for 0 collections in 0.000000 seconds (found 0 objects)
[2023.05.09-08.21.24:219][  1]LogCollectionManager: Fixed up redirectors for 0 collections in 0.000055 seconds (updated 0 objects)
[2023.05.09-08.21.25:180][ 77]LogSlate: Took 0.000329 seconds to synchronously load lazily loaded font '../../../Engine/Content/Slate/Fonts/Roboto-Light.ttf' (167K)
[2023.05.09-08.21.25:184][ 77]LogSlate: FSceneViewport::OnFocusLost() reason 2
[2023.05.09-08.21.25:450][ 77]LogEnum: Warning: Enum name collision: 'EPlayingState::EPlayingState_MAX' is in both '/Game/GameModes/Battle/EPlayingState.EPlayingState' and '/Script/BattleRoyal.EPlayingState'
[2023.05.09-08.21.25:460][ 77]LogContentBrowser: Native class hierarchy updated for 'BlueprintGraph' in 0.0016 seconds. Added 116 classes and 0 folders.
[2023.05.09-08.21.25:744][ 77]LogUObjectGlobals: Created PersistentFrame Addr=0x0000018d39d61ce0, Size=4, Default__SKEL_PROTO_BP_AnimBlueprint_0_C Function /Engine/Transient.SKEL_PROTO_BP_AnimBlueprint_0_C:ExecuteUbergraph_PROTO_BP_AnimBlueprint_0
[2023.05.09-08.21.25:744][ 77]LogUObjectGlobals: Created PersistentFrame Addr=0x0000018d39d61ca8, Size=4, Default__PROTO_BP_AnimBlueprint_0_C Function /Engine/Transient.PROTO_BP_AnimBlueprint_0_C:ExecuteUbergraph_PROTO_BP_AnimBlueprint_0
[2023.05.09-08.21.26:166][ 77]LogUObjectGlobals: Created PersistentFrame Addr=0x0000018d3ccaf4c0, Size=64, Default__WidgetBP_Worldmap_C Function /Game/Worldmap/WidgetBP_Worldmap.WidgetBP_Worldmap_C:ExecuteUbergraph_WidgetBP_Worldmap
[2023.05.09-08.21.26:174][ 77]LogBlueprint: Warning: [Compiler WidgetBP_Worldmap] Get : 'CurrentCirclePosition' variable not found. Base class was probably changed. /Game/Worldmap/WidgetBP_Worldmap.WidgetBP_Worldmap
[2023.05.09-08.21.26:174][ 77]LogBlueprint: Warning: [Compiler WidgetBP_Worldmap] Get : 'CurrentCircleRadius' variable not found. Base class was probably changed. /Game/Worldmap/WidgetBP_Worldmap.WidgetBP_Worldmap
[2023.05.09-08.21.26:175][ 77]LogBlueprint: Warning: [Compiler WidgetBP_Worldmap] Get : 'TargetCirclePosition' variable not found. Base class was probably changed. /Game/Worldmap/WidgetBP_Worldmap.WidgetBP_Worldmap
[2023.05.09-08.21.26:175][ 77]LogBlueprint: Warning: [Compiler WidgetBP_Worldmap] Get : 'TargetCircleRadius' variable not found. Base class was probably changed. /Game/Worldmap/WidgetBP_Worldmap.WidgetBP_Worldmap
[2023.05.09-08.21.26:175][ 77]LogBlueprint: Warning: [Compiler WidgetBP_Worldmap] Get : 'VisibleCurrentCircle' variable not found. Base class was probably changed. /Game/Worldmap/WidgetBP_Worldmap.WidgetBP_Worldmap
[2023.05.09-08.21.26:175][ 77]LogBlueprint: Warning: [Compiler WidgetBP_Worldmap] Get : 'VisibleTargetCircle' variable not found. Base class was probably changed. /Game/Worldmap/WidgetBP_Worldmap.WidgetBP_Worldmap
[2023.05.09-08.21.26:175][ 77]LogUObjectGlobals: Destroyed PersistentFrame Addr=0x0000018d3ccaf4c0, Size=64
[2023.05.09-08.21.26:175][ 77]LogUObjectGlobals: Created PersistentFrame Addr=0x0000018d3c5285c0, Size=64, Default__WidgetBP_Worldmap_C Function /Engine/Transient.REINST_WidgetBP_Worldmap_C_6:ExecuteUbergraph_WidgetBP_Worldmap
[2023.05.09-08.21.26:180][ 77]LogUObjectGlobals: Created PersistentFrame Addr=0x0000018d3c52b7c0, Size=64, Default__WidgetBP_Worldmap_C Function /Game/Worldmap/WidgetBP_Worldmap.WidgetBP_Worldmap_C:ExecuteUbergraph_WidgetBP_Worldmap
[2023.05.09-08.21.26:180][ 77]LogBlueprint: Warning: [Compiler WidgetBP_Worldmap] [0023.87] WidgetBP_Worldmap 컴파일에 성공했습니다만, 경고가 6 회 있습니다. [소요시간 8 ms] (/Game/Worldmap/WidgetBP_Worldmap.WidgetBP_Worldmap)
[2023.05.09-08.21.26:541][ 77]LogSlate: Took 0.000265 seconds to synchronously load lazily loaded font '../../../Engine/Content/Slate/Fonts/Roboto-BoldCondensed.ttf' (158K)
[2023.05.09-08.21.27:389][149]LogSlate: Window '메시지 로그' being destroyed
[2023.05.09-08.21.27:394][149]LogSlate: Window '메시지 로그' being destroyed
[2023.05.09-08.21.29:035][315]LogSlate: Window 'WidgetBP_Worldmap' being destroyed
[2023.05.09-08.21.30:230][438]LogSlate: Took 0.000228 seconds to synchronously load lazily loaded font '../../../Engine/Content/Slate/Fonts/Roboto-Italic.ttf' (157K)
[2023.05.09-08.21.33:781][784]BlueprintLog: New page: WidgetBP_Worldmap 컴파일
[2023.05.09-08.21.33:788][784]LogUObjectGlobals: Destroyed PersistentFrame Addr=0x0000018d3c52b7c0, Size=64
[2023.05.09-08.21.33:789][784]LogUObjectGlobals: Created PersistentFrame Addr=0x0000018d730b2600, Size=64, WidgetBP_Worldmap_C_5 Function /Engine/Transient.REINST_WidgetBP_Worldmap_C_9:ExecuteUbergraph_WidgetBP_Worldmap
[2023.05.09-08.21.33:808][784]LogUObjectGlobals: Destroyed PersistentFrame Addr=0x0000018d3c5285c0, Size=64
[2023.05.09-08.21.33:901][784]Cmd: OBJ SAVEPACKAGE PACKAGE="/Game/Worldmap/WidgetBP_Worldmap" FILE="../../../../../../UE_Project/BattleRoyal/Content/Worldmap/WidgetBP_Worldmap.uasset" SILENT=true
[2023.05.09-08.21.33:935][784]LogSavePackage: Save=22.39ms
[2023.05.09-08.21.33:935][784]LogSavePackage: Moving '../../../../../../UE_Project/BattleRoyal/Saved/WidgetBP_WorldmapB4973C73402131E262B382BDD029A327.tmp' to '../../../../../../UE_Project/BattleRoyal/Content/Worldmap/WidgetBP_Worldmap.uasset'
[2023.05.09-08.21.33:935][784]LogFileManager: Warning: DeleteFile was unable to delete '../../../../../../UE_Project/BattleRoyal/Content/Worldmap/WidgetBP_Worldmap.uasset', retrying in .5s...
[2023.05.09-08.21.34:436][784]LogFileManager: Error: Error deleting file '../../../../../../UE_Project/BattleRoyal/Content/Worldmap/WidgetBP_Worldmap.uasset'.
[2023.05.09-08.21.34:436][784]LogSavePackage: Error: Error saving '../../../../../../UE_Project/BattleRoyal/Content/Worldmap/WidgetBP_Worldmap.uasset'
[2023.05.09-08.21.34:437][784]LogSavePackage: Display: Finished SavePackage ../../../../../../UE_Project/BattleRoyal/Content/Worldmap/WidgetBP_Worldmap.uasset
[2023.05.09-08.21.38:943][784]LogSlate: Window '메시지' being destroyed
[2023.05.09-08.21.38:947][784]Cmd: OBJ SAVEPACKAGE PACKAGE="/Game/Worldmap/WidgetBP_Worldmap" FILE="../../../../../../UE_Project/BattleRoyal/Content/Worldmap/WidgetBP_Worldmap.uasset" SILENT=true
[2023.05.09-08.21.38:975][784]LogSavePackage: Save=20.44ms
[2023.05.09-08.21.38:975][784]LogSavePackage: Moving '../../../../../../UE_Project/BattleRoyal/Saved/WidgetBP_WorldmapF4FDEA344A74A49897B0A4A3C206F07D.tmp' to '../../../../../../UE_Project/BattleRoyal/Content/Worldmap/WidgetBP_Worldmap.uasset'
[2023.05.09-08.21.38:975][784]LogFileManager: Warning: DeleteFile was unable to delete '../../../../../../UE_Project/BattleRoyal/Content/Worldmap/WidgetBP_Worldmap.uasset', retrying in .5s...
[2023.05.09-08.21.39:476][784]LogFileManager: Error: Error deleting file '../../../../../../UE_Project/BattleRoyal/Content/Worldmap/WidgetBP_Worldmap.uasset'.
[2023.05.09-08.21.39:476][784]LogSavePackage: Error: Error saving '../../../../../../UE_Project/BattleRoyal/Content/Worldmap/WidgetBP_Worldmap.uasset'
[2023.05.09-08.21.39:477][784]LogSavePackage: Display: Finished SavePackage ../../../../../../UE_Project/BattleRoyal/Content/Worldmap/WidgetBP_Worldmap.uasset
[2023.05.09-08.21.39:912][784]LogSlate: Window '메시지' being destroyed
[2023.05.09-08.21.39:916][784]Cmd: OBJ SAVEPACKAGE PACKAGE="/Game/Worldmap/WidgetBP_Worldmap" FILE="../../../../../../UE_Project/BattleRoyal/Content/Worldmap/WidgetBP_Worldmap.uasset" SILENT=true
[2023.05.09-08.21.39:949][784]LogSavePackage: Save=23.13ms
[2023.05.09-08.21.39:949][784]LogSavePackage: Moving '../../../../../../UE_Project/BattleRoyal/Saved/WidgetBP_WorldmapCE7EF58F4728532CA3B9BEB494247921.tmp' to '../../../../../../UE_Project/BattleRoyal/Content/Worldmap/WidgetBP_Worldmap.uasset'
[2023.05.09-08.21.39:949][784]LogFileManager: Warning: DeleteFile was unable to delete '../../../../../../UE_Project/BattleRoyal/Content/Worldmap/WidgetBP_Worldmap.uasset', retrying in .5s...
[2023.05.09-08.21.40:451][784]LogFileManager: Error: Error deleting file '../../../../../../UE_Project/BattleRoyal/Content/Worldmap/WidgetBP_Worldmap.uasset'.
[2023.05.09-08.21.40:451][784]LogSavePackage: Error: Error saving '../../../../../../UE_Project/BattleRoyal/Content/Worldmap/WidgetBP_Worldmap.uasset'
[2023.05.09-08.21.40:452][784]LogSavePackage: Display: Finished SavePackage ../../../../../../UE_Project/BattleRoyal/Content/Worldmap/WidgetBP_Worldmap.uasset
[2023.05.09-08.21.40:817][784]LogSlate: Window '메시지' being destroyed
[2023.05.09-08.21.40:821][784]Cmd: OBJ SAVEPACKAGE PACKAGE="/Game/Worldmap/WidgetBP_Worldmap" FILE="../../../../../../UE_Project/BattleRoyal/Content/Worldmap/WidgetBP_Worldmap.uasset" SILENT=true
[2023.05.09-08.21.40:850][784]LogSavePackage: Save=21.09ms
[2023.05.09-08.21.40:850][784]LogSavePackage: Moving '../../../../../../UE_Project/BattleRoyal/Saved/WidgetBP_WorldmapA317319A4E409E7F0674ABBFB41B99DF.tmp' to '../../../../../../UE_Project/BattleRoyal/Content/Worldmap/WidgetBP_Worldmap.uasset'
[2023.05.09-08.21.40:851][784]LogFileManager: Warning: DeleteFile was unable to delete '../../../../../../UE_Project/BattleRoyal/Content/Worldmap/WidgetBP_Worldmap.uasset', retrying in .5s...
[2023.05.09-08.21.41:352][784]LogFileManager: Error: Error deleting file '../../../../../../UE_Project/BattleRoyal/Content/Worldmap/WidgetBP_Worldmap.uasset'.
[2023.05.09-08.21.41:352][784]LogSavePackage: Error: Error saving '../../../../../../UE_Project/BattleRoyal/Content/Worldmap/WidgetBP_Worldmap.uasset'
[2023.05.09-08.21.41:353][784]LogSavePackage: Display: Finished SavePackage ../../../../../../UE_Project/BattleRoyal/Content/Worldmap/WidgetBP_Worldmap.uasset
[2023.05.09-08.21.43:187][784]LogSlate: Window '메시지' being destroyed
[2023.05.09-08.21.43:196][784]EditorErrors: New page: 출력 저장
[2023.05.09-08.21.43:196][784]EditorErrors: Warning: '../../../../../../UE_Project/BattleRoyal/Content/Worldmap/WidgetBP_Worldmap.uasset' 저장 오류입니다.
[2023.05.09-08.21.43:196][784]EditorErrors: Warning: '../../../../../../UE_Project/BattleRoyal/Content/Worldmap/WidgetBP_Worldmap.uasset' 저장 오류입니다.
[2023.05.09-08.21.43:196][784]EditorErrors: Warning: '../../../../../../UE_Project/BattleRoyal/Content/Worldmap/WidgetBP_Worldmap.uasset' 저장 오류입니다.
[2023.05.09-08.21.43:196][784]EditorErrors: Warning: '../../../../../../UE_Project/BattleRoyal/Content/Worldmap/WidgetBP_Worldmap.uasset' 저장 오류입니다.
[2023.05.09-08.21.44:369][784]LogSlate: Window '패키지 저장 실패' being destroyed
[2023.05.09-08.21.45:591][929]LogSlate: Window '메시지 로그' being destroyed
[2023.05.09-08.21.45:594][929]LogSlate: Window '메시지 로그' being destroyed
[2023.05.09-08.21.56:606][799]LogSlate: Window 'Delete Assets' being destroyed
[2023.05.09-08.21.56:706][799]LogUObjectGlobals: Destroyed PersistentFrame Addr=0x0000018d730b2600, Size=64
[2023.05.09-08.21.56:736][799]LogFileManager: Warning: Error deleting file: ../../../../../../UE_Project/BattleRoyal/Content/Worldmap/WidgetBP_Worldmap.uasset (Error Code 32)
[2023.05.09-08.22.11:526][257]LogSlate: Window 'BattleRoyal - 언리얼 에디터' being destroyed
[2023.05.09-08.22.11:733][258]Cmd: QUIT_EDITOR
[2023.05.09-08.22.11:749][258]LogWindowsTextInputMethodSystem: Display: IME system now activated using TSF (Microsoft 입력기).
[2023.05.09-08.22.11:760][258]LogSlate: Slate User Destroyed.  User Index 0, Is Virtual User: 0
[2023.05.09-08.22.11:760][258]LogExit: Preparing to exit.
[2023.05.09-08.22.13:172][258]LogUObjectGlobals: Destroyed PersistentFrame Addr=0x0000018c65a37f60, Size=16
[2023.05.09-08.22.13:173][258]LogUObjectGlobals: Destroyed PersistentFrame Addr=0x0000018c67283400, Size=344
[2023.05.09-08.22.13:173][258]LogUObjectGlobals: Destroyed PersistentFrame Addr=0x0000018c67339c00, Size=1024
[2023.05.09-08.22.13:173][258]LogUObjectGlobals: Destroyed PersistentFrame Addr=0x0000018c668921f8, Size=4
[2023.05.09-08.22.13:174][258]LogExit: Editor shut down
[2023.05.09-08.22.13:178][258]LogExit: Transaction tracking system shut down
[2023.05.09-08.22.13:215][258]LogUObjectGlobals: Destroyed PersistentFrame Addr=0x0000018d39d61ce0, Size=4
[2023.05.09-08.22.13:215][258]LogUObjectGlobals: Destroyed PersistentFrame Addr=0x0000018d39d61ca8, Size=4
[2023.05.09-08.22.13:370][258]LogDirectoryWatcher: A directory notification for '../../../Engine/Content/' was aborted.
[2023.05.09-08.22.13:370][258]LogDirectoryWatcher: A directory notification for '../../../../../../UE_Project/BattleRoyal/Content/' was aborted.
[2023.05.09-08.22.13:370][258]LogDirectoryWatcher: A directory notification for '../../Plugins/2D/Paper2D/Content/' was aborted.
[2023.05.09-08.22.13:370][258]LogDirectoryWatcher: A directory notification for '../../Plugins/Enterprise/DatasmithContent/Content/' was aborted.
[2023.05.09-08.22.13:370][258]LogDirectoryWatcher: A directory notification for '../../Plugins/Media/MediaCompositing/Content/' was aborted.
[2023.05.09-08.22.13:370][258]LogDirectoryWatcher: A directory notification for '../../Plugins/Runtime/AppleARKit/Content/' was aborted.
[2023.05.09-08.22.13:370][258]LogDirectoryWatcher: A directory notification for '../../Plugins/Runtime/Oculus/OculusVR/Content/' was aborted.
[2023.05.09-08.22.13:370][258]LogDirectoryWatcher: A directory notification for '../../Plugins/Runtime/Steam/SteamVR/Content/' was aborted.
[2023.05.09-08.22.13:657][258]LogExit: Object subsystem successfully closed.
[2023.05.09-08.22.13:844][258]LogShaderCompilers: Display: Shaders left to compile 0
[2023.05.09-08.22.13:847][258]LogD3D11RHI: Shutdown
[2023.05.09-08.22.13:848][258]LogD3D11RHI: CleanupD3DDevice
[2023.05.09-08.22.13:850][258]LogD3D11RHI: ~FD3D11DynamicRHI
[2023.05.09-08.22.13:858][258]LogModuleManager: Shutting down and abandoning module SequencerWidgets (580)
[2023.05.09-08.22.13:858][258]LogModuleManager: Shutting down and abandoning module BlueprintGraph (578)
[2023.05.09-08.22.13:858][258]LogModuleManager: Shutting down and abandoning module HierarchicalLODOutliner (576)
[2023.05.09-08.22.13:858][258]LogModuleManager: Shutting down and abandoning module DesktopPlatform (574)
[2023.05.09-08.22.13:858][258]LogModuleManager: Shutting down and abandoning module SceneOutliner (572)
[2023.05.09-08.22.13:858][258]LogModuleManager: Shutting down and abandoning module AddContentDialog (570)
[2023.05.09-08.22.13:858][258]LogDirectoryWatcher: A directory notification for 'D:/Tools/EpicGames/UE_4.19/FeaturePacks/' was aborted.
[2023.05.09-08.22.13:859][258]LogModuleManager: Shutting down and abandoning module WidgetCarousel (569)
[2023.05.09-08.22.13:859][258]LogModuleManager: Shutting down and abandoning module EditorWidgets (566)
[2023.05.09-08.22.13:859][258]LogModuleManager: Shutting down and abandoning module CollectionManager (564)
[2023.05.09-08.22.13:859][258]LogDirectoryWatcher: A directory notification for 'D:/UE_Project/BattleRoyal/Content/Collections/' was aborted.
[2023.05.09-08.22.13:859][258]LogDirectoryWatcher: A directory notification for 'D:/UE_Project/BattleRoyal/Content/Developers/82104/Collections/' was aborted.
[2023.05.09-08.22.13:859][258]LogDirectoryWatcher: A directory notification for 'D:/UE_Project/BattleRoyal/Saved/Collections/' was aborted.
[2023.05.09-08.22.13:859][258]LogModuleManager: Shutting down and abandoning module StatsViewer (562)
[2023.05.09-08.22.13:859][258]LogModuleManager: Shutting down and abandoning module FoliageEdit (560)
[2023.05.09-08.22.13:859][258]LogModuleManager: Shutting down and abandoning module LandscapeEditor (558)
[2023.05.09-08.22.13:859][258]LogModuleManager: Shutting down and abandoning module MeshPaintMode (556)
[2023.05.09-08.22.13:859][258]LogModuleManager: Shutting down and abandoning module SceneDepthPickerMode (554)
[2023.05.09-08.22.13:859][258]LogModuleManager: Shutting down and abandoning module ActorPickerMode (552)
[2023.05.09-08.22.13:859][258]LogModuleManager: Shutting down and abandoning module GeometryMode (550)
[2023.05.09-08.22.13:859][258]LogModuleManager: Shutting down and abandoning module TextureAlignMode (548)
[2023.05.09-08.22.13:859][258]LogModuleManager: Shutting down and abandoning module BspMode (546)
[2023.05.09-08.22.13:859][258]LogModuleManager: Shutting down and abandoning module PIEPreviewDeviceProfileSelector (544)
[2023.05.09-08.22.13:859][258]LogModuleManager: Shutting down and abandoning module HardwareSurvey (542)
[2023.05.09-08.22.13:859][258]LogModuleManager: Shutting down and abandoning module SequenceRecorderSections (540)
[2023.05.09-08.22.13:859][258]LogModuleManager: Shutting down and abandoning module AutomationWorker (538)
[2023.05.09-08.22.13:859][258]LogModuleManager: Shutting down and abandoning module AudioCaptureEditor (536)
[2023.05.09-08.22.13:860][258]LogModuleManager: Shutting down and abandoning module SequenceRecorder (535)
[2023.05.09-08.22.13:860][258]LogModuleManager: Shutting down and abandoning module MatineeToLevelSequence (532)
[2023.05.09-08.22.13:860][258]LogModuleManager: Shutting down and abandoning module LevelSequenceEditor (530)
[2023.05.09-08.22.13:860][258]LogModuleManager: Shutting down and abandoning module PlacementMode (529)
[2023.05.09-08.22.13:860][258]LogModuleManager: Shutting down and abandoning module MaterialEditor (528)
[2023.05.09-08.22.13:860][258]LogModuleManager: Shutting down and abandoning module WmfMediaFactory (524)
[2023.05.09-08.22.13:860][258]LogModuleManager: Shutting down and abandoning module WmfMediaEditor (522)
[2023.05.09-08.22.13:860][258]LogModuleManager: Shutting down and abandoning module MediaPlayerEditor (520)
[2023.05.09-08.22.13:860][258]LogModuleManager: Shutting down and abandoning module OpenExrWrapper (518)
[2023.05.09-08.22.13:860][258]LogModuleManager: Shutting down and abandoning module ImgMediaFactory (516)
[2023.05.09-08.22.13:860][258]LogModuleManager: Shutting down and abandoning module ImgMediaEditor (514)
[2023.05.09-08.22.13:860][258]LogModuleManager: Shutting down and abandoning module AvfMediaFactory (512)
[2023.05.09-08.22.13:860][258]LogModuleManager: Shutting down and abandoning module AvfMediaEditor (510)
[2023.05.09-08.22.13:860][258]LogModuleManager: Shutting down and abandoning module AndroidMediaFactory (508)
[2023.05.09-08.22.13:860][258]LogModuleManager: Shutting down and abandoning module AndroidMediaEditor (506)
[2023.05.09-08.22.13:860][258]LogModuleManager: Shutting down and abandoning module CharacterAI (504)
[2023.05.09-08.22.13:860][258]LogModuleManager: Shutting down and abandoning module SmartSnapping (502)
[2023.05.09-08.22.13:860][258]LogModuleManager: Shutting down and abandoning module SessionServices (500)
[2023.05.09-08.22.13:860][258]LogModuleManager: Shutting down and abandoning module ViewportSnapping (498)
[2023.05.09-08.22.13:860][258]LogModuleManager: Shutting down and abandoning module ViewportInteraction (496)
[2023.05.09-08.22.13:860][258]LogModuleManager: Shutting down and abandoning module ClothPainter (494)
[2023.05.09-08.22.13:860][258]LogModuleManager: Shutting down and abandoning module SkeletalMeshEditor (493)
[2023.05.09-08.22.13:860][258]LogModuleManager: Shutting down and abandoning module LogVisualizer (490)
[2023.05.09-08.22.13:860][258]LogModuleManager: Shutting down and abandoning module IntroTutorials (488)
[2023.05.09-08.22.13:860][258]LogModuleManager: Shutting down and abandoning module GameProjectGeneration (487)
[2023.05.09-08.22.13:860][258]LogModuleManager: Shutting down and abandoning module IOSPlatformEditor (484)
[2023.05.09-08.22.13:860][258]LogModuleManager: Shutting down and abandoning module HTML5PlatformEditor (482)
[2023.05.09-08.22.13:860][258]LogModuleManager: Shutting down and abandoning module AndroidPlatformEditor (480)
[2023.05.09-08.22.13:860][258]LogModuleManager: Shutting down and abandoning module AndroidDeviceDetection (479)
[2023.05.09-08.22.14:622][258]LogModuleManager: Shutting down and abandoning module WindowsPlatformEditor (476)
[2023.05.09-08.22.14:622][258]LogModuleManager: Shutting down and abandoning module IOSRuntimeSettings (474)
[2023.05.09-08.22.14:622][258]LogModuleManager: Shutting down and abandoning module AndroidRuntimeSettings (472)
[2023.05.09-08.22.14:622][258]LogModuleManager: Shutting down and abandoning module InputBindingEditor (470)
[2023.05.09-08.22.14:622][258]LogModuleManager: Shutting down and abandoning module MergeActors (468)
[2023.05.09-08.22.14:622][258]LogModuleManager: Shutting down and abandoning module LocalizationDashboard (466)
[2023.05.09-08.22.14:622][258]LogModuleManager: Shutting down and abandoning module LocalizationService (465)
[2023.05.09-08.22.14:622][258]LogModuleManager: Shutting down and abandoning module HardwareTargeting (462)
[2023.05.09-08.22.14:622][258]LogModuleManager: Shutting down and abandoning module DeviceProfileEditor (460)
[2023.05.09-08.22.14:622][258]LogModuleManager: Shutting down and abandoning module UndoHistory (458)
[2023.05.09-08.22.14:622][258]LogModuleManager: Shutting down and abandoning module XmlParser (456)
[2023.05.09-08.22.14:622][258]LogModuleManager: Shutting down and abandoning module Blutility (454)
[2023.05.09-08.22.14:622][258]LogModuleManager: Shutting down and abandoning module ProjectSettingsViewer (452)
[2023.05.09-08.22.14:622][258]LogModuleManager: Shutting down and abandoning module ProjectTargetPlatformEditor (451)
[2023.05.09-08.22.14:623][258]LogModuleManager: Shutting down and abandoning module EditorSettingsViewer (448)
[2023.05.09-08.22.14:623][258]LogModuleManager: Shutting down and abandoning module SettingsEditor (446)
[2023.05.09-08.22.14:623][258]LogModuleManager: Shutting down and abandoning module ProjectLauncher (444)
[2023.05.09-08.22.14:623][258]LogModuleManager: Shutting down and abandoning module SessionFrontend (442)
[2023.05.09-08.22.14:623][258]LogModuleManager: Shutting down and abandoning module ProfilerClient (440)
[2023.05.09-08.22.14:623][258]LogModuleManager: Shutting down and abandoning module DeviceManager (438)
[2023.05.09-08.22.14:623][258]LogModuleManager: Shutting down and abandoning module TargetDeviceServices (437)
[2023.05.09-08.22.14:667][258]LogModuleManager: Shutting down and abandoning module AutomationController (434)
[2023.05.09-08.22.14:667][258]LogModuleManager: Shutting down and abandoning module AutomationWindow (432)
[2023.05.09-08.22.14:667][258]LogModuleManager: Shutting down and abandoning module Layers (430)
[2023.05.09-08.22.14:667][258]LogModuleManager: Shutting down and abandoning module ComponentVisualizers (428)
[2023.05.09-08.22.14:667][258]LogModuleManager: Shutting down and abandoning module DetailCustomizations (426)
[2023.05.09-08.22.14:667][258]LogModuleManager: Shutting down and abandoning module PackagesDialog (424)
[2023.05.09-08.22.14:667][258]LogModuleManager: Shutting down and abandoning module Persona (422)
[2023.05.09-08.22.14:667][258]LogModuleManager: Shutting down and abandoning module AdvancedPreviewScene (421)
[2023.05.09-08.22.14:667][258]LogModuleManager: Shutting down and abandoning module AnimGraph (419)
[2023.05.09-08.22.14:667][258]LogModuleManager: Shutting down and abandoning module Kismet (416)
[2023.05.09-08.22.14:671][258]LogModuleManager: Shutting down and abandoning module GraphEditor (414)
[2023.05.09-08.22.14:671][258]LogModuleManager: Shutting down and abandoning module ClassViewer (412)
[2023.05.09-08.22.14:671][258]LogModuleManager: Shutting down and abandoning module Toolbox (410)
[2023.05.09-08.22.14:671][258]LogModuleManager: Shutting down and abandoning module ModuleUI (408)
[2023.05.09-08.22.14:671][258]LogModuleManager: Shutting down and abandoning module MovieSceneTools (406)
[2023.05.09-08.22.14:671][258]LogModuleManager: Shutting down and abandoning module OutputLog (404)
[2023.05.09-08.22.14:671][258]LogModuleManager: Shutting down and abandoning module GammaUI (402)
[2023.05.09-08.22.14:671][258]LogModuleManager: Shutting down and abandoning module Documentation (400)
[2023.05.09-08.22.14:671][258]LogModuleManager: Shutting down and abandoning module MovieSceneTracks (398)
[2023.05.09-08.22.14:671][258]LogModuleManager: Shutting down and abandoning module MovieScene (396)
[2023.05.09-08.22.14:671][258]LogModuleManager: Shutting down and abandoning module StreamingPauseRendering (394)
[2023.05.09-08.22.14:671][258]LogModuleManager: Shutting down and abandoning module LauncherPlatform (392)
[2023.05.09-08.22.14:672][258]LogModuleManager: Shutting down and abandoning module AnalyticsET (390)
[2023.05.09-08.22.14:672][258]LogModuleManager: Shutting down and abandoning module PortalServices (388)
[2023.05.09-08.22.14:672][258]LogModuleManager: Shutting down and abandoning module PortalRpc (386)
[2023.05.09-08.22.14:672][258]LogModuleManager: Shutting down and abandoning module MessagingRpc (384)
[2023.05.09-08.22.14:672][258]LogModuleManager: Shutting down and abandoning module AIModule (382)
[2023.05.09-08.22.14:672][258]LogModuleManager: Shutting down and abandoning module GameplayDebugger (381)
[2023.05.09-08.22.14:672][258]LogModuleManager: Shutting down and abandoning module AITestSuite (379)
[2023.05.09-08.22.14:672][258]LogModuleManager: Shutting down and abandoning module ProfilerService (376)
[2023.05.09-08.22.14:739][258]LogModuleManager: Shutting down and abandoning module TaskGraph (374)
[2023.05.09-08.22.14:739][258]LogModuleManager: Shutting down and abandoning module SteamVRController (372)
[2023.05.09-08.22.14:739][258]LogModuleManager: Shutting down and abandoning module ProceduralMeshComponentEditor (370)
[2023.05.09-08.22.14:739][258]LogModuleManager: Shutting down and abandoning module ProceduralMeshComponent (368)
[2023.05.09-08.22.14:739][258]LogModuleManager: Shutting down and abandoning module OculusInput (366)
[2023.05.09-08.22.14:739][258]LogModuleManager: Shutting down and abandoning module MobilePatchingUtils (364)
[2023.05.09-08.22.14:739][258]LogModuleManager: Shutting down and abandoning module CustomMeshComponent (362)
[2023.05.09-08.22.14:739][258]LogModuleManager: Shutting down and abandoning module CableComponent (360)
[2023.05.09-08.22.14:739][258]LogModuleManager: Shutting down and abandoning module AudioCapture (358)
[2023.05.09-08.22.14:740][258]LogModuleManager: Shutting down and abandoning module ArchVisCharacter (356)
[2023.05.09-08.22.14:740][258]LogModuleManager: Shutting down and abandoning module AndroidPermission (354)
[2023.05.09-08.22.14:740][258]LogModuleManager: Shutting down and abandoning module NUTUnrealEngine4 (350)
[2023.05.09-08.22.14:740][258]LogModuleManager: Shutting down and abandoning module NetcodeUnitTest (348)
[2023.05.09-08.22.14:740][258]LogModuleManager: Shutting down and abandoning module MediaCompositingEditor (346)
[2023.05.09-08.22.14:740][258]LogModuleManager: Shutting down and abandoning module MediaCompositing (344)
[2023.05.09-08.22.14:740][258]LogModuleManager: Shutting down and abandoning module LinearTimecode (342)
[2023.05.09-08.22.14:740][258]LogModuleManager: Shutting down and abandoning module ImgMedia (340)
[2023.05.09-08.22.14:742][258]LogModuleManager: Shutting down and abandoning module HTML5Networking (338)
[2023.05.09-08.22.14:742][258]LogModuleManager: Shutting down and abandoning module AlembicImporter (336)
[2023.05.09-08.22.14:742][258]LogModuleManager: Shutting down and abandoning module AlembicLibrary (335)
[2023.05.09-08.22.14:742][258]LogModuleManager: Shutting down and abandoning module GeometryCache (334)
[2023.05.09-08.22.14:742][258]LogModuleManager: Shutting down and abandoning module GeometryCacheEd (333)
[2023.05.09-08.22.14:742][258]LogModuleManager: Shutting down and abandoning module DatasmithContent (328)
[2023.05.09-08.22.14:742][258]LogModuleManager: Shutting down and abandoning module SpeedTreeImporter (326)
[2023.05.09-08.22.14:742][258]LogModuleManager: Shutting down and abandoning module PluginBrowser (324)
[2023.05.09-08.22.14:743][258]LogModuleManager: Shutting down and abandoning module MobileLauncherProfileWizard (322)
[2023.05.09-08.22.14:743][258]LogModuleManager: Shutting down and abandoning module CryptoKeysOpenSSL (320)
[2023.05.09-08.22.14:743][258]LogModuleManager: Shutting down and abandoning module CryptoKeys (318)
[2023.05.09-08.22.14:743][258]LogModuleManager: Shutting down and abandoning module VisualStudioSourceCodeAccess (316)
[2023.05.09-08.22.14:743][258]LogModuleManager: Shutting down and abandoning module VisualStudioCodeSourceCodeAccess (314)
[2023.05.09-08.22.14:743][258]LogModuleManager: Shutting down and abandoning module UObjectPlugin (312)
[2023.05.09-08.22.14:743][258]LogModuleManager: Shutting down and abandoning module SubversionSourceControl (310)
[2023.05.09-08.22.14:743][258]LogModuleManager: Shutting down and abandoning module PerforceSourceControl (308)
[2023.05.09-08.22.14:743][258]LogModuleManager: Shutting down and abandoning module GitSourceControl (306)
[2023.05.09-08.22.14:743][258]LogModuleManager: Shutting down and abandoning module SourceControl (305)
[2023.05.09-08.22.14:743][258]LogModuleManager: Shutting down and abandoning module CLionSourceCodeAccess (302)
[2023.05.09-08.22.14:743][258]LogModuleManager: Shutting down and abandoning module LightPropagationVolumeEditor (300)
[2023.05.09-08.22.14:743][258]LogModuleManager: Shutting down and abandoning module PaperTiledImporter (298)
[2023.05.09-08.22.14:743][258]LogModuleManager: Shutting down and abandoning module PaperSpriteSheetImporter (296)
[2023.05.09-08.22.14:743][258]LogModuleManager: Shutting down and abandoning module Paper2DEditor (294)
[2023.05.09-08.22.14:743][258]LogModuleManager: Shutting down and abandoning module MeshPaint (293)
[2023.05.09-08.22.14:743][258]LogModuleManager: Shutting down and abandoning module BattleRoyal (290)
[2023.05.09-08.22.14:743][258]LogModuleManager: Shutting down and abandoning module RuntimePhysXCooking (288)
[2023.05.09-08.22.14:743][258]LogModuleManager: Shutting down and abandoning module PhysXVehiclesEditor (286)
[2023.05.09-08.22.14:743][258]LogModuleManager: Shutting down and abandoning module PhysXVehicles (284)
[2023.05.09-08.22.14:743][258]LogModuleManager: Shutting down and abandoning module OculusEditor (282)
[2023.05.09-08.22.14:743][258]LogModuleManager: Shutting down and abandoning module LocationServicesBPLibrary (280)
[2023.05.09-08.22.14:743][258]LogModuleManager: Shutting down and abandoning module ImmediatePhysicsEditor (278)
[2023.05.09-08.22.14:743][258]LogModuleManager: Shutting down and abandoning module ImmediatePhysics (276)
[2023.05.09-08.22.14:743][258]LogModuleManager: Shutting down and abandoning module ActorSequence (274)
[2023.05.09-08.22.14:743][258]LogModuleManager: Shutting down and abandoning module UdpMessaging (272)
[2023.05.09-08.22.14:844][258]LogModuleManager: Shutting down and abandoning module TcpMessaging (270)
[2023.05.09-08.22.14:945][258]LogModuleManager: Shutting down and abandoning module GameplayTagsEditor (268)
[2023.05.09-08.22.14:945][258]LogModuleManager: Shutting down and abandoning module FacialAnimationEditor (266)
[2023.05.09-08.22.14:945][258]LogModuleManager: Shutting down and abandoning module FacialAnimation (264)
[2023.05.09-08.22.14:945][258]LogModuleManager: Shutting down and abandoning module DataValidation (262)
[2023.05.09-08.22.14:945][258]LogModuleManager: Shutting down and abandoning module AssetManagerEditor (260)
[2023.05.09-08.22.14:945][258]LogModuleManager: Shutting down and abandoning module LevelEditor (259)
[2023.05.09-08.22.14:945][258]LogModuleManager: Shutting down and abandoning module PixelInspectorModule (258)
[2023.05.09-08.22.14:945][258]LogModuleManager: Shutting down and abandoning module CommonMenuExtensions (256)
[2023.05.09-08.22.14:946][258]LogModuleManager: Shutting down and abandoning module MainFrame (254)
[2023.05.09-08.22.14:946][258]LogModuleManager: Shutting down and abandoning module HotReload (253)
[2023.05.09-08.22.14:946][258]LogDirectoryWatcher: A directory notification for 'D:/UE_Project/BattleRoyal/Binaries/Win64' was aborted.
[2023.05.09-08.22.14:946][258]LogModuleManager: Shutting down and abandoning module ContentBrowser (249)
[2023.05.09-08.22.14:947][258]LogModuleManager: Shutting down and abandoning module TreeMap (247)
[2023.05.09-08.22.14:947][258]LogModuleManager: Shutting down and abandoning module LightPropagationVolumeRuntime (244)
[2023.05.09-08.22.14:947][258]LogModuleManager: Shutting down and abandoning module LiveLinkEditor (242)
[2023.05.09-08.22.14:947][258]LogModuleManager: Shutting down and abandoning module LiveLink (240)
[2023.05.09-08.22.15:224][258]LogModuleManager: Shutting down and abandoning module Paper2D (238)
[2023.05.09-08.22.15:224][258]LogModuleManager: Shutting down and abandoning module WindowsMoviePlayer (236)
[2023.05.09-08.22.15:224][258]LogModuleManager: Shutting down and abandoning module WmfMedia (234)
[2023.05.09-08.22.15:225][258]LogModuleManager: Shutting down and abandoning module Media (233)
[2023.05.09-08.22.15:231][258]LogModuleManager: Shutting down and abandoning module PacketHandler (230)
[2023.05.09-08.22.15:231][258]LogModuleManager: Shutting down and abandoning module ClothingSystemEditor (228)
[2023.05.09-08.22.15:231][258]LogModuleManager: Shutting down and abandoning module ClothingSystemRuntime (226)
[2023.05.09-08.22.15:231][258]LogModuleManager: Shutting down and abandoning module MediaAssets (224)
[2023.05.09-08.22.15:231][258]LogModuleManager: Shutting down and abandoning module Overlay (222)
[2023.05.09-08.22.15:231][258]LogModuleManager: Shutting down and abandoning module OverlayEditor (221)
[2023.05.09-08.22.15:231][258]LogModuleManager: Shutting down and abandoning module VREditor (218)
[2023.05.09-08.22.15:231][258]LogModuleManager: Shutting down and abandoning module StringTableEditor (216)
[2023.05.09-08.22.15:231][258]LogModuleManager: Shutting down and abandoning module GameplayTasksEditor (214)
[2023.05.09-08.22.15:231][258]LogModuleManager: Shutting down and abandoning module BehaviorTreeEditor (212)
[2023.05.09-08.22.15:231][258]LogModuleManager: Shutting down and abandoning module FunctionalTesting (210)
[2023.05.09-08.22.15:231][258]LogModuleManager: Shutting down and abandoning module CollisionAnalyzer (208)
[2023.05.09-08.22.15:231][258]LogModuleManager: Shutting down and abandoning module WorkspaceMenuStructure (207)
[2023.05.09-08.22.15:231][258]LogModuleManager: Shutting down and abandoning module UMG (204)
[2023.05.09-08.22.15:231][258]LogModuleManager: Shutting down and abandoning module UMGEditor (203)
[2023.05.09-08.22.15:232][258]LogModuleManager: Shutting down and abandoning module Sequencer (202)
[2023.05.09-08.22.15:232][258]LogModuleManager: Shutting down and abandoning module MessageLog (199)
[2023.05.09-08.22.15:232][258]LogModuleManager: Shutting down and abandoning module SlateReflector (194)
[2023.05.09-08.22.15:232][258]LogModuleManager: Shutting down and abandoning module Slate (192)
[2023.05.09-08.22.15:232][258]LogModuleManager: Shutting down and abandoning module EditorStyle (190)
[2023.05.09-08.22.15:233][258]LogModuleManager: Shutting down and abandoning module MRMesh (188)
[2023.05.09-08.22.15:233][258]LogModuleManager: Shutting down and abandoning module SourceCodeAccess (186)
[2023.05.09-08.22.15:234][258]LogModuleManager: Shutting down and abandoning module HeadMountedDisplay (184)
[2023.05.09-08.22.15:234][258]LogModuleManager: Shutting down and abandoning module XAudio2 (182)
[2023.05.09-08.22.15:234][258]LogModuleManager: Shutting down and abandoning module Networking (180)
[2023.05.09-08.22.15:234][258]LogModuleManager: Shutting down and abandoning module Core (178)
[2023.05.09-08.22.15:234][258]LogModuleManager: Shutting down and abandoning module LevelSequence (176)
[2023.05.09-08.22.15:234][258]LogModuleManager: Shutting down and abandoning module KismetCompiler (174)
[2023.05.09-08.22.15:234][258]LogModuleManager: Shutting down and abandoning module MeshUtilities (172)
[2023.05.09-08.22.15:234][258]LogModuleManager: Shutting down and abandoning module MeshMergeUtilities (171)
[2023.05.09-08.22.15:234][258]LogModuleManager: Shutting down and abandoning module MeshReductionInterface (170)
[2023.05.09-08.22.15:234][258]LogModuleManager: Shutting down and abandoning module SimplygonSwarm (169)
[2023.05.09-08.22.15:234][258]LogModuleManager: Shutting down and abandoning module SimplygonMeshReduction (167)
[2023.05.09-08.22.15:234][258]LogModuleManager: Shutting down and abandoning module QuadricMeshReduction (165)
[2023.05.09-08.22.15:234][258]LogModuleManager: Shutting down and abandoning module MaterialBaking (161)
[2023.05.09-08.22.15:234][258]LogModuleManager: Shutting down and abandoning module DirectoryWatcher (157)
[2023.05.09-08.22.15:234][258]LogModuleManager: Shutting down and abandoning module DerivedDataCache (154)
[2023.05.09-08.22.15:634][258]LogDerivedDataCache: Shutdown
[2023.05.09-08.22.15:634][258]LogModuleManager: Shutting down and abandoning module XGEController (152)
[2023.05.09-08.22.15:635][258]LogModuleManager: Shutting down and abandoning module TargetPlatform (150)
[2023.05.09-08.22.15:635][258]LogModuleManager: Shutting down and abandoning module VulkanShaderFormat (149)
[2023.05.09-08.22.15:635][258]LogModuleManager: Shutting down and abandoning module ShaderFormatVectorVM (147)
[2023.05.09-08.22.15:635][258]LogModuleManager: Shutting down and abandoning module ShaderFormatOpenGL (145)
[2023.05.09-08.22.15:635][258]LogModuleManager: Shutting down and abandoning module ShaderFormatD3D (143)
[2023.05.09-08.22.15:635][258]LogModuleManager: Shutting down and abandoning module MetalShaderFormat (141)
[2023.05.09-08.22.15:635][258]LogModuleManager: Shutting down and abandoning module TextureFormatUncompressed (139)
[2023.05.09-08.22.15:635][258]LogModuleManager: Shutting down and abandoning module TextureFormatPVR (137)
[2023.05.09-08.22.15:635][258]LogModuleManager: Shutting down and abandoning module TextureFormatDXT (135)
[2023.05.09-08.22.15:635][258]LogModuleManager: Shutting down and abandoning module TextureFormatIntelISPCTexComp (133)
[2023.05.09-08.22.15:635][258]LogModuleManager: Shutting down and abandoning module TextureFormatASTC (131)
[2023.05.09-08.22.15:635][258]LogModuleManager: Shutting down and abandoning module ImageWrapper (130)
[2023.05.09-08.22.15:635][258]LogModuleManager: Shutting down and abandoning module TextureFormatAndroid (127)
[2023.05.09-08.22.15:635][258]LogModuleManager: Shutting down and abandoning module AudioFormatOpus (125)
[2023.05.09-08.22.15:635][258]LogModuleManager: Shutting down and abandoning module AudioFormatOgg (123)
[2023.05.09-08.22.15:635][258]LogModuleManager: Shutting down and abandoning module AudioFormatADPCM (121)
[2023.05.09-08.22.15:635][258]LogModuleManager: Shutting down and abandoning module LinuxTargetPlatform (119)
[2023.05.09-08.22.15:635][258]LogModuleManager: Shutting down and abandoning module LinuxServerTargetPlatform (117)
[2023.05.09-08.22.15:635][258]LogModuleManager: Shutting down and abandoning module LinuxNoEditorTargetPlatform (115)
[2023.05.09-08.22.15:635][258]LogModuleManager: Shutting down and abandoning module LinuxClientTargetPlatform (113)
[2023.05.09-08.22.15:635][258]LogModuleManager: Shutting down and abandoning module TVOSTargetPlatform (111)
[2023.05.09-08.22.15:635][258]LogModuleManager: Shutting down and abandoning module Messaging (109)
[2023.05.09-08.22.15:635][258]LogModuleManager: Shutting down and abandoning module IOSTargetPlatform (107)
[2023.05.09-08.22.15:635][258]LogModuleManager: Shutting down and abandoning module HTML5TargetPlatform (105)
[2023.05.09-08.22.15:635][258]LogModuleManager: Shutting down and abandoning module AndroidTargetPlatform (103)
[2023.05.09-08.22.15:635][258]LogModuleManager: Shutting down and abandoning module Android_PVRTCTargetPlatform (101)
[2023.05.09-08.22.15:635][258]LogModuleManager: Shutting down and abandoning module Android_MultiTargetPlatform (99)
[2023.05.09-08.22.15:635][258]LogModuleManager: Shutting down and abandoning module Android_ETC2TargetPlatform (97)
[2023.05.09-08.22.15:635][258]LogModuleManager: Shutting down and abandoning module Android_ETC1TargetPlatform (95)
[2023.05.09-08.22.15:635][258]LogModuleManager: Shutting down and abandoning module Android_ETC1aTargetPlatform (93)
[2023.05.09-08.22.15:635][258]LogModuleManager: Shutting down and abandoning module Android_DXTTargetPlatform (91)
[2023.05.09-08.22.15:635][258]LogModuleManager: Shutting down and abandoning module Android_ATCTargetPlatform (89)
[2023.05.09-08.22.15:635][258]LogModuleManager: Shutting down and abandoning module Android_ASTCTargetPlatform (87)
[2023.05.09-08.22.15:635][258]LogModuleManager: Shutting down and abandoning module WindowsTargetPlatform (85)
[2023.05.09-08.22.15:635][258]LogModuleManager: Shutting down and abandoning module WindowsServerTargetPlatform (83)
[2023.05.09-08.22.15:635][258]LogModuleManager: Shutting down and abandoning module WindowsNoEditorTargetPlatform (81)
[2023.05.09-08.22.15:635][258]LogModuleManager: Shutting down and abandoning module WindowsClientTargetPlatform (79)
[2023.05.09-08.22.15:635][258]LogModuleManager: Shutting down and abandoning module MacTargetPlatform (77)
[2023.05.09-08.22.15:635][258]LogModuleManager: Shutting down and abandoning module MacServerTargetPlatform (75)
[2023.05.09-08.22.15:635][258]LogModuleManager: Shutting down and abandoning module MacNoEditorTargetPlatform (73)
[2023.05.09-08.22.15:635][258]LogModuleManager: Shutting down and abandoning module MacClientTargetPlatform (71)
[2023.05.09-08.22.15:635][258]LogModuleManager: Shutting down and abandoning module AllDesktopTargetPlatform (69)
[2023.05.09-08.22.15:635][258]LogModuleManager: Shutting down and abandoning module InputCore (66)
[2023.05.09-08.22.15:635][258]LogModuleManager: Shutting down and abandoning module Settings (64)
[2023.05.09-08.22.15:635][258]LogModuleManager: Shutting down and abandoning module PhysXCooking (62)
[2023.05.09-08.22.15:635][258]LogModuleManager: Shutting down and abandoning module SteamVR (60)
[2023.05.09-08.22.15:635][258]LogModuleManager: Shutting down and abandoning module OculusHMD (58)
[2023.05.09-08.22.15:635][258]LogModuleManager: Shutting down and abandoning module ExampleDeviceProfileSelector (56)
[2023.05.09-08.22.15:635][258]LogModuleManager: Shutting down and abandoning module AppleARKit (54)
[2023.05.09-08.22.15:635][258]LogModuleManager: Shutting down and abandoning module AugmentedReality (51)
[2023.05.09-08.22.15:636][258]LogModuleManager: Shutting down and abandoning module OnlineBlueprintSupport (48)
[2023.05.09-08.22.15:636][258]LogModuleManager: Shutting down and abandoning module OnlineSubsystem (44)
[2023.05.09-08.22.15:636][258]LogModuleManager: Shutting down and abandoning module XMPP (43)
[2023.05.09-08.22.15:636][258]LogModuleManager: Shutting down and abandoning module HTTP (41)
[2023.05.09-08.22.15:636][258]LogHttp: Display: Http module shutting down, but needs to wait on 1 outstanding Http requests:
[2023.05.09-08.22.15:636][258]LogHttp: Display: 	verb=[POST] url=[https://datarouter.ol.epicgames.com/datarouter/api/v1/public/data?SessionID=%7B98A5931A-45B5-FCF1-DA10-CBA4FC34A093%7D&AppID=UEEditor.Rocket.Release&AppVersion=4.19.2-4033788%2B%2B%2BUE4%2BRelease-4.19&UserID=0903b8c2435f474ae056b4966481071b%7Cc9ba19f18753461bb04966bd5d331490%7C672eb630-afe1-471c-ac31-1d50834ed575&AppEnvironment=datacollector-binary&UploadType=eteventstream] status=Processing
[2023.05.09-08.22.15:649][258]LogModuleManager: Shutting down and abandoning module SSL (40)
[2023.05.09-08.22.15:650][258]LogModuleManager: Shutting down and abandoning module AnimationModifiers (36)
[2023.05.09-08.22.15:650][258]LogModuleManager: Shutting down and abandoning module PropertyEditor (35)
[2023.05.09-08.22.15:650][258]LogModuleManager: Shutting down and abandoning module AudioEditor (32)
[2023.05.09-08.22.15:650][258]LogModuleManager: Shutting down and abandoning module TextureCompressor (30)
[2023.05.09-08.22.15:650][258]LogModuleManager: Shutting down and abandoning module ShaderCore (28)
[2023.05.09-08.22.15:650][258]LogModuleManager: Shutting down and abandoning module Landscape (26)
[2023.05.09-08.22.15:650][258]LogModuleManager: Shutting down and abandoning module SlateRHIRenderer (24)
[2023.05.09-08.22.15:652][258]LogModuleManager: Shutting down and abandoning module OpenGLDrv (22)
[2023.05.09-08.22.15:653][258]LogModuleManager: Shutting down and abandoning module D3D11RHI (20)
[2023.05.09-08.22.15:653][258]LogModuleManager: Shutting down and abandoning module AnimGraphRuntime (18)
[2023.05.09-08.22.15:653][258]LogModuleManager: Shutting down and abandoning module Renderer (16)
[2023.05.09-08.22.15:653][258]LogModuleManager: Shutting down and abandoning module Engine (14)
[2023.05.09-08.22.15:653][258]LogModuleManager: Shutting down and abandoning module CoreUObject (12)
[2023.05.09-08.22.15:653][258]LogModuleManager: Shutting down and abandoning module NetworkFile (10)
[2023.05.09-08.22.15:653][258]LogModuleManager: Shutting down and abandoning module CookedIterativeFile (8)
[2023.05.09-08.22.15:653][258]LogModuleManager: Shutting down and abandoning module StreamingFile (6)
[2023.05.09-08.22.15:653][258]LogModuleManager: Shutting down and abandoning module SandboxFile (4)
[2023.05.09-08.22.15:653][258]LogModuleManager: Shutting down and abandoning module PakFile (2)
[2023.05.09-08.22.15:664][258]LogExit: Exiting.
[2023.05.09-08.22.15:702][258]Log file closed, 05/09/23 17:22:15
