Log file open, 06/08/23 19:11:20
LogWindows: Failed to load 'aqProf.dll' (GetLastError=126)
LogWindows: File 'aqProf.dll' does not exist
LogWindows: Failed to load 'VtuneApi.dll' (GetLastError=126)
LogWindows: File 'VtuneApi.dll' does not exist
LogWindows: Failed to load 'VtuneApi32e.dll' (GetLastError=126)
LogWindows: File 'VtuneApi32e.dll' does not exist
LogInit: Display: Running engine for game: BattleRoyal
LogPlatformFile: Not using cached read wrapper
LogInit: Display: RandInit(-364159070) SRandInit(-364159069).
LogInit: Read version file with build ID '3944462'
LogInit: Overriding engine version to CL 4033788, compatible CL 3944462
LogInit: Registered custom module enumerator with build ID '3944462'
LogTaskGraph: Started task graph with 5 named threads and 47 total threads with 3 sets of task threads.
LogStats: Stats thread started at 0.746937
LogD3D11RHI: Aftermath initialized
LogICUInternationalization: Display: ICU TimeZone Detection - Raw Offset: +9:00, Platform Override: ''
LogPluginManager: Mounting plugin Paper2D
LogPluginManager: Mounting plugin LiveLink
LogPluginManager: Mounting plugin LightPropagationVolume
LogPluginManager: Mounting plugin CLionSourceCodeAccess
LogPluginManager: Mounting plugin CodeLiteSourceCodeAccess
LogPluginManager: Mounting plugin GitSourceControl
LogPluginManager: Mounting plugin KDevelopSourceCodeAccess
LogPluginManager: Mounting plugin NullSourceCodeAccess
LogPluginManager: Mounting plugin PerforceSourceControl
LogPluginManager: Mounting plugin SubversionSourceControl
LogPluginManager: Mounting plugin UObjectPlugin
LogPluginManager: Mounting plugin VisualStudioCodeSourceCodeAccess
LogPluginManager: Mounting plugin VisualStudioSourceCodeAccess
LogPluginManager: Mounting plugin XCodeSourceCodeAccess
LogPluginManager: Mounting plugin AssetManagerEditor
LogPluginManager: Mounting plugin CryptoKeys
LogPluginManager: Mounting plugin DataValidation
LogPluginManager: Mounting plugin FacialAnimation
LogPluginManager: Mounting plugin GameplayTagsEditor
LogPluginManager: Mounting plugin MobileLauncherProfileWizard
LogPluginManager: Mounting plugin PluginBrowser
LogPluginManager: Mounting plugin SpeedTreeImporter
LogPluginManager: Mounting plugin DatasmithContent
LogPluginManager: Mounting plugin AlembicImporter
LogPluginManager: Mounting plugin CharacterAI
LogPluginManager: Mounting plugin HTML5Networking
LogPluginManager: Mounting plugin AndroidMedia
LogPluginManager: Mounting plugin AvfMedia
LogPluginManager: Mounting plugin ImgMedia
LogPluginManager: Mounting plugin LinearTimecode
LogPluginManager: Mounting plugin MediaCompositing
LogPluginManager: Mounting plugin MediaPlayerEditor
LogPluginManager: Mounting plugin WmfMedia
LogPluginManager: Mounting plugin TcpMessaging
LogPluginManager: Mounting plugin UdpMessaging
LogPluginManager: Mounting plugin ActorSequence
LogPluginManager: Mounting plugin LevelSequenceEditor
LogPluginManager: Mounting plugin MatineeToLevelSequence
LogPluginManager: Mounting plugin NetcodeUnitTest
LogPluginManager: Mounting plugin NUTUnrealEngine4
LogPluginManager: Mounting plugin OnlineSubsystemGooglePlay
LogPluginManager: Mounting plugin OnlineSubsystemIOS
LogPluginManager: Mounting plugin OnlineSubsystem
LogPluginManager: Mounting plugin OnlineSubsystemNull
LogPluginManager: Mounting plugin OnlineSubsystemUtils
LogPluginManager: Mounting plugin AndroidDeviceProfileSelector
LogPluginManager: Mounting plugin AndroidMoviePlayer
LogPluginManager: Mounting plugin AndroidPermission
LogPluginManager: Mounting plugin AppleARKit
LogPluginManager: Mounting plugin AppleMoviePlayer
LogPluginManager: Mounting plugin ArchVisCharacter
LogPluginManager: Mounting plugin AudioCapture
LogPluginManager: Mounting plugin CableComponent
LogPluginManager: Mounting plugin CustomMeshComponent
LogPluginManager: Mounting plugin ExampleDeviceProfileSelector
LogPluginManager: Mounting plugin GoogleCloudMessaging
LogPluginManager: Mounting plugin ImmediatePhysics
LogPluginManager: Mounting plugin IOSDeviceProfileSelector
LogPluginManager: Mounting plugin LinuxDeviceProfileSelector
LogPluginManager: Mounting plugin LocationServicesBPLibrary
LogPluginManager: Mounting plugin MobilePatchingUtils
LogPluginManager: Mounting plugin OculusVR
LogPluginManager: Plugin shader directory ../../../Engine/Plugins/Runtime/Oculus/OculusVR/Shaders found
LogPluginManager: Mapping shader source directory ../../../Engine/Plugins/Runtime/Oculus/OculusVR/Shaders to virtual directory /Plugin/OculusVR
LogPluginManager: Mounting plugin PhysXVehicles
LogPluginManager: Mounting plugin ProceduralMeshComponent
LogPluginManager: Mounting plugin RuntimePhysXCooking
LogPluginManager: Mounting plugin SteamVR
LogPluginManager: Mounting plugin WindowsMoviePlayer
LogStreaming: Display: Took  0.076s to configure plugins.
LogModuleManager: Display: Found up-to-date module file ../../../../../../UE_Project/BattleRoyal/Binaries/Win64/UE4Editor-BattleRoyal-1837.dll (API version 3944462).
LogModuleManager: Display: Found up-to-date module file ../../../Engine/Plugins/2D/Paper2D/Binaries/Win64/UE4Editor-Paper2D.dll (API version 3944462).
LogModuleManager: Display: Found up-to-date module file ../../../Engine/Plugins/2D/Paper2D/Binaries/Win64/UE4Editor-Paper2DEditor.dll (API version 3944462).
LogModuleManager: Display: Found up-to-date module file ../../../Engine/Plugins/2D/Paper2D/Binaries/Win64/UE4Editor-PaperSpriteSheetImporter.dll (API version 3944462).
LogModuleManager: Display: Found up-to-date module file ../../../Engine/Plugins/2D/Paper2D/Binaries/Win64/UE4Editor-PaperTiledImporter.dll (API version 3944462).
LogModuleManager: Display: Found up-to-date module file ../../../Engine/Plugins/2D/Paper2D/Binaries/Win64/UE4Editor-SmartSnapping.dll (API version 3944462).
LogModuleManager: Display: Found up-to-date module file ../../../Engine/Plugins/Animation/LiveLink/Binaries/Win64/UE4Editor-LiveLink.dll (API version 3944462).
LogModuleManager: Display: Found up-to-date module file ../../../Engine/Plugins/Animation/LiveLink/Binaries/Win64/UE4Editor-LiveLinkEditor.dll (API version 3944462).
LogModuleManager: Display: Found up-to-date module file ../../../Engine/Plugins/Blendables/LightPropagationVolume/Binaries/Win64/UE4Editor-LightPropagationVolumeRuntime.dll (API version 3944462).
LogModuleManager: Display: Found up-to-date module file ../../../Engine/Plugins/Blendables/LightPropagationVolume/Binaries/Win64/UE4Editor-LightPropagationVolumeEditor.dll (API version 3944462).
LogModuleManager: Display: Found up-to-date module file ../../../Engine/Plugins/Developer/CLionSourceCodeAccess/Binaries/Win64/UE4Editor-CLionSourceCodeAccess.dll (API version 3944462).
LogModuleManager: Display: Found up-to-date module file ../../../Engine/Plugins/Developer/GitSourceControl/Binaries/Win64/UE4Editor-GitSourceControl.dll (API version 3944462).
LogModuleManager: Display: Found up-to-date module file ../../../Engine/Plugins/Developer/PerforceSourceControl/Binaries/Win64/UE4Editor-PerforceSourceControl.dll (API version 3944462).
LogModuleManager: Display: Found up-to-date module file ../../../Engine/Plugins/Developer/SubversionSourceControl/Binaries/Win64/UE4Editor-SubversionSourceControl.dll (API version 3944462).
LogModuleManager: Display: Found up-to-date module file ../../../Engine/Plugins/Developer/UObjectPlugin/Binaries/Win64/UE4Editor-UObjectPlugin.dll (API version 3944462).
LogModuleManager: Display: Found up-to-date module file ../../../Engine/Plugins/Developer/VisualStudioCodeSourceCodeAccess/Binaries/Win64/UE4Editor-VisualStudioCodeSourceCodeAccess.dll (API version 3944462).
LogModuleManager: Display: Found up-to-date module file ../../../Engine/Plugins/Developer/VisualStudioSourceCodeAccess/Binaries/Win64/UE4Editor-VisualStudioSourceCodeAccess.dll (API version 3944462).
LogModuleManager: Display: Found up-to-date module file ../../../Engine/Plugins/Editor/AssetManagerEditor/Binaries/Win64/UE4Editor-AssetManagerEditor.dll (API version 3944462).
LogModuleManager: Display: Found up-to-date module file ../../../Engine/Plugins/Editor/CryptoKeys/Binaries/Win64/UE4Editor-CryptoKeys.dll (API version 3944462).
LogModuleManager: Display: Found up-to-date module file ../../../Engine/Plugins/Editor/CryptoKeys/Binaries/Win64/UE4Editor-CryptoKeysOpenSSL.dll (API version 3944462).
LogModuleManager: Display: Found up-to-date module file ../../../Engine/Plugins/Editor/DataValidation/Binaries/Win64/UE4Editor-DataValidation.dll (API version 3944462).
LogModuleManager: Display: Found up-to-date module file ../../../Engine/Plugins/Editor/FacialAnimation/Binaries/Win64/UE4Editor-FacialAnimation.dll (API version 3944462).
LogModuleManager: Display: Found up-to-date module file ../../../Engine/Plugins/Editor/FacialAnimation/Binaries/Win64/UE4Editor-FacialAnimationEditor.dll (API version 3944462).
LogModuleManager: Display: Found up-to-date module file ../../../Engine/Plugins/Editor/GameplayTagsEditor/Binaries/Win64/UE4Editor-GameplayTagsEditor.dll (API version 3944462).
LogModuleManager: Display: Found up-to-date module file ../../../Engine/Plugins/Editor/MobileLauncherProfileWizard/Binaries/Win64/UE4Editor-MobileLauncherProfileWizard.dll (API version 3944462).
LogModuleManager: Display: Found up-to-date module file ../../../Engine/Plugins/Editor/PluginBrowser/Binaries/Win64/UE4Editor-PluginBrowser.dll (API version 3944462).
LogModuleManager: Display: Found up-to-date module file ../../../Engine/Plugins/Editor/SpeedTreeImporter/Binaries/Win64/UE4Editor-SpeedTreeImporter.dll (API version 3944462).
LogModuleManager: Display: Found up-to-date module file ../../../Engine/Plugins/Enterprise/DatasmithContent/Binaries/Win64/UE4Editor-DatasmithContent.dll (API version 3944462).
LogModuleManager: Display: Found up-to-date module file ../../../Engine/Plugins/Experimental/AlembicImporter/Binaries/Win64/UE4Editor-AlembicImporter.dll (API version 3944462).
LogModuleManager: Display: Found up-to-date module file ../../../Engine/Plugins/Experimental/AlembicImporter/Binaries/Win64/UE4Editor-AlembicLibrary.dll (API version 3944462).
LogModuleManager: Display: Found up-to-date module file ../../../Engine/Plugins/Experimental/CharacterAI/Binaries/Win64/UE4Editor-CharacterAI.dll (API version 3944462).
LogModuleManager: Display: Found up-to-date module file ../../../Engine/Plugins/Experimental/HTML5Networking/Binaries/Win64/UE4Editor-HTML5Networking.dll (API version 3944462).
LogModuleManager: Display: Found up-to-date module file ../../../Engine/Plugins/Media/AndroidMedia/Binaries/Win64/UE4Editor-AndroidMediaEditor.dll (API version 3944462).
LogModuleManager: Display: Found up-to-date module file ../../../Engine/Plugins/Media/AndroidMedia/Binaries/Win64/UE4Editor-AndroidMediaFactory.dll (API version 3944462).
LogModuleManager: Display: Found up-to-date module file ../../../Engine/Plugins/Media/AvfMedia/Binaries/Win64/UE4Editor-AvfMediaEditor.dll (API version 3944462).
LogModuleManager: Display: Found up-to-date module file ../../../Engine/Plugins/Media/AvfMedia/Binaries/Win64/UE4Editor-AvfMediaFactory.dll (API version 3944462).
LogModuleManager: Display: Found up-to-date module file ../../../Engine/Plugins/Media/AvfMedia/Binaries/Win64/UE4Editor-AvfMediaFactory.dll (API version 3944462).
LogModuleManager: Display: Found up-to-date module file ../../../Engine/Plugins/Media/ImgMedia/Binaries/Win64/UE4Editor-ImgMedia.dll (API version 3944462).
LogModuleManager: Display: Found up-to-date module file ../../../Engine/Plugins/Media/ImgMedia/Binaries/Win64/UE4Editor-ImgMediaEditor.dll (API version 3944462).
LogModuleManager: Display: Found up-to-date module file ../../../Engine/Plugins/Media/ImgMedia/Binaries/Win64/UE4Editor-ImgMediaFactory.dll (API version 3944462).
LogModuleManager: Display: Found up-to-date module file ../../../Engine/Plugins/Media/ImgMedia/Binaries/Win64/UE4Editor-ImgMediaFactory.dll (API version 3944462).
LogModuleManager: Display: Found up-to-date module file ../../../Engine/Plugins/Media/ImgMedia/Binaries/Win64/UE4Editor-OpenExrWrapper.dll (API version 3944462).
LogModuleManager: Display: Found up-to-date module file ../../../Engine/Plugins/Media/LinearTimecode/Binaries/Win64/UE4Editor-LinearTimecode.dll (API version 3944462).
LogModuleManager: Display: Found up-to-date module file ../../../Engine/Plugins/Media/MediaCompositing/Binaries/Win64/UE4Editor-MediaCompositing.dll (API version 3944462).
LogModuleManager: Display: Found up-to-date module file ../../../Engine/Plugins/Media/MediaCompositing/Binaries/Win64/UE4Editor-MediaCompositingEditor.dll (API version 3944462).
LogModuleManager: Display: Found up-to-date module file ../../../Engine/Plugins/Media/MediaPlayerEditor/Binaries/Win64/UE4Editor-MediaPlayerEditor.dll (API version 3944462).
LogModuleManager: Display: Found up-to-date module file ../../../Engine/Plugins/Media/WmfMedia/Binaries/Win64/UE4Editor-WmfMedia.dll (API version 3944462).
LogModuleManager: Display: Found up-to-date module file ../../../Engine/Plugins/Media/WmfMedia/Binaries/Win64/UE4Editor-WmfMediaEditor.dll (API version 3944462).
LogModuleManager: Display: Found up-to-date module file ../../../Engine/Plugins/Media/WmfMedia/Binaries/Win64/UE4Editor-WmfMediaFactory.dll (API version 3944462).
LogModuleManager: Display: Found up-to-date module file ../../../Engine/Plugins/Media/WmfMedia/Binaries/Win64/UE4Editor-WmfMediaFactory.dll (API version 3944462).
LogModuleManager: Display: Found up-to-date module file ../../../Engine/Plugins/Messaging/TcpMessaging/Binaries/Win64/UE4Editor-TcpMessaging.dll (API version 3944462).
LogModuleManager: Display: Found up-to-date module file ../../../Engine/Plugins/Messaging/UdpMessaging/Binaries/Win64/UE4Editor-UdpMessaging.dll (API version 3944462).
LogModuleManager: Display: Found up-to-date module file ../../../Engine/Plugins/MovieScene/ActorSequence/Binaries/Win64/UE4Editor-ActorSequence.dll (API version 3944462).
LogModuleManager: Display: Found up-to-date module file ../../../Engine/Plugins/MovieScene/LevelSequenceEditor/Binaries/Win64/UE4Editor-LevelSequenceEditor.dll (API version 3944462).
LogModuleManager: Display: Found up-to-date module file ../../../Engine/Plugins/MovieScene/MatineeToLevelSequence/Binaries/Win64/UE4Editor-MatineeToLevelSequence.dll (API version 3944462).
LogModuleManager: Display: Found up-to-date module file ../../../Engine/Plugins/NetcodeUnitTest/NetcodeUnitTest/Binaries/Win64/UE4Editor-NetcodeUnitTest.dll (API version 3944462).
LogModuleManager: Display: Found up-to-date module file ../../../Engine/Plugins/NetcodeUnitTest/NUTUnrealEngine4/Binaries/Win64/UE4Editor-NUTUnrealEngine4.dll (API version 3944462).
LogModuleManager: Display: Found up-to-date module file ../../../Engine/Plugins/Online/OnlineSubsystem/Binaries/Win64/UE4Editor-OnlineSubsystem.dll (API version 3944462).
LogModuleManager: Display: Found up-to-date module file ../../../Engine/Plugins/Online/OnlineSubsystemNull/Binaries/Win64/UE4Editor-OnlineSubsystemNull.dll (API version 3944462).
LogModuleManager: Display: Found up-to-date module file ../../../Engine/Plugins/Online/OnlineSubsystemUtils/Binaries/Win64/UE4Editor-OnlineSubsystemUtils.dll (API version 3944462).
LogModuleManager: Display: Found up-to-date module file ../../../Engine/Plugins/Online/OnlineSubsystemUtils/Binaries/Win64/UE4Editor-OnlineBlueprintSupport.dll (API version 3944462).
LogModuleManager: Display: Found up-to-date module file ../../../Engine/Plugins/Runtime/AndroidDeviceProfileSelector/Binaries/Win64/UE4Editor-AndroidDeviceProfileSelector.dll (API version 3944462).
LogModuleManager: Display: Found up-to-date module file ../../../Engine/Plugins/Runtime/AndroidPermission/Binaries/Win64/UE4Editor-AndroidPermission.dll (API version 3944462).
LogModuleManager: Display: Found up-to-date module file ../../../Engine/Plugins/Runtime/AppleARKit/Binaries/Win64/UE4Editor-AppleARKit.dll (API version 3944462).
LogModuleManager: Display: Found up-to-date module file ../../../Engine/Plugins/Runtime/ArchVisCharacter/Binaries/Win64/UE4Editor-ArchVisCharacter.dll (API version 3944462).
LogModuleManager: Display: Found up-to-date module file ../../../Engine/Plugins/Runtime/AudioCapture/Binaries/Win64/UE4Editor-AudioCapture.dll (API version 3944462).
LogModuleManager: Display: Found up-to-date module file ../../../Engine/Plugins/Runtime/AudioCapture/Binaries/Win64/UE4Editor-AudioCaptureEditor.dll (API version 3944462).
LogModuleManager: Display: Found up-to-date module file ../../../Engine/Plugins/Runtime/CableComponent/Binaries/Win64/UE4Editor-CableComponent.dll (API version 3944462).
LogModuleManager: Display: Found up-to-date module file ../../../Engine/Plugins/Runtime/CustomMeshComponent/Binaries/Win64/UE4Editor-CustomMeshComponent.dll (API version 3944462).
LogModuleManager: Display: Found up-to-date module file ../../../Engine/Plugins/Runtime/ExampleDeviceProfileSelector/Binaries/Win64/UE4Editor-ExampleDeviceProfileSelector.dll (API version 3944462).
LogModuleManager: Display: Found up-to-date module file ../../../Engine/Plugins/Runtime/ImmediatePhysics/Binaries/Win64/UE4Editor-ImmediatePhysics.dll (API version 3944462).
LogModuleManager: Display: Found up-to-date module file ../../../Engine/Plugins/Runtime/ImmediatePhysics/Binaries/Win64/UE4Editor-ImmediatePhysicsEditor.dll (API version 3944462).
LogModuleManager: Display: Found up-to-date module file ../../../Engine/Plugins/Runtime/LocationServicesBPLibrary/Binaries/Win64/UE4Editor-LocationServicesBPLibrary.dll (API version 3944462).
LogModuleManager: Display: Found up-to-date module file ../../../Engine/Plugins/Runtime/MobilePatchingUtils/Binaries/Win64/UE4Editor-MobilePatchingUtils.dll (API version 3944462).
LogModuleManager: Display: Found up-to-date module file ../../../Engine/Plugins/Runtime/Oculus/OculusVR/Binaries/Win64/UE4Editor-OculusHMD.dll (API version 3944462).
LogModuleManager: Display: Found up-to-date module file ../../../Engine/Plugins/Runtime/Oculus/OculusVR/Binaries/Win64/UE4Editor-OculusInput.dll (API version 3944462).
LogModuleManager: Display: Found up-to-date module file ../../../Engine/Plugins/Runtime/Oculus/OculusVR/Binaries/Win64/UE4Editor-OculusEditor.dll (API version 3944462).
LogModuleManager: Display: Found up-to-date module file ../../../Engine/Plugins/Runtime/PhysXVehicles/Binaries/Win64/UE4Editor-PhysXVehicles.dll (API version 3944462).
LogModuleManager: Display: Found up-to-date module file ../../../Engine/Plugins/Runtime/PhysXVehicles/Binaries/Win64/UE4Editor-PhysXVehiclesEditor.dll (API version 3944462).
LogModuleManager: Display: Found up-to-date module file ../../../Engine/Plugins/Runtime/ProceduralMeshComponent/Binaries/Win64/UE4Editor-ProceduralMeshComponent.dll (API version 3944462).
LogModuleManager: Display: Found up-to-date module file ../../../Engine/Plugins/Runtime/ProceduralMeshComponent/Binaries/Win64/UE4Editor-ProceduralMeshComponentEditor.dll (API version 3944462).
LogModuleManager: Display: Found up-to-date module file ../../../Engine/Plugins/Runtime/RuntimePhysXCooking/Binaries/Win64/UE4Editor-RuntimePhysXCooking.dll (API version 3944462).
LogModuleManager: Display: Found up-to-date module file ../../../Engine/Plugins/Runtime/Steam/SteamVR/Binaries/Win64/UE4Editor-SteamVR.dll (API version 3944462).
LogModuleManager: Display: Found up-to-date module file ../../../Engine/Plugins/Runtime/Steam/SteamVR/Binaries/Win64/UE4Editor-SteamVRController.dll (API version 3944462).
LogModuleManager: Display: Found up-to-date module file ../../../Engine/Plugins/Runtime/WindowsMoviePlayer/Binaries/Win64/UE4Editor-WindowsMoviePlayer.dll (API version 3944462).
LogInit: Using libcurl 7.47.1
LogInit:  - built for x86_64-pc-win32
LogInit:  - supports SSL with OpenSSL/1.0.2g
LogInit:  - supports HTTP deflate (compression) using libz 1.2.8
LogInit:  - other features:
LogInit:      CURL_VERSION_SSL
LogInit:      CURL_VERSION_LIBZ
LogInit:      CURL_VERSION_IPV6
LogInit:      CURL_VERSION_ASYNCHDNS
LogInit:      CURL_VERSION_LARGEFILE
LogInit:      CURL_VERSION_IDN
LogInit:  CurlRequestOptions (configurable via config and command line):
LogInit:  - bVerifyPeer = false  - Libcurl will NOT verify peer certificate
LogInit:  - bUseHttpProxy = false  - Libcurl will NOT use HTTP proxy
LogInit:  - bDontReuseConnections = false  - Libcurl will reuse connections
LogInit:  - CertBundlePath = nullptr  - Libcurl will use whatever was configured at build time.
LogInit:  - MaxHostConnections = 16  - Libcurl will limit the number of connections to a host
LogInit:  - LocalHostAddr = Default
LogInit: WinSock: version 1.1 (2.2), MaxSocks=32767, MaxUdp=65467
LogInit: WinSock: I am DESKTOP-A4CSULD (10.2.0.2:0)
LogInit: Build: ++UE4+Release-4.19-CL-4033788
LogInit: Engine Version: 4.19.2-4033788+++UE4+Release-4.19
LogInit: Compatible Engine Version: 4.19.0-3944462+++UE4+Release-4.19
LogInit: Net CL: 3944462
LogDevObjectVersion: Number of dev versions registered: 18
LogDevObjectVersion:   Dev-Blueprints (B0D832E4-1F89-4F0D-ACCF-7EB736FD4AA2): 10
LogDevObjectVersion:   Dev-Build (E1C64328-A22C-4D53-A36C-8E866417BD8C): 0
LogDevObjectVersion:   Dev-Core (375EC13C-06E4-48FB-B500-84F0262A717E): 2
LogDevObjectVersion:   Dev-Editor (E4B068ED-F494-42E9-A231-DA0B2E46BB41): 23
LogDevObjectVersion:   Dev-Framework (CFFC743F-43B0-4480-9391-14DF171D2073): 33
LogDevObjectVersion:   Dev-Mobile (B02B49B5-BB20-44E9-A304-32B752E40360): 2
LogDevObjectVersion:   Dev-Networking (A4E4105C-59A1-49B5-A7C5-40C4547EDFEE): 0
LogDevObjectVersion:   Dev-Online (39C831C9-5AE6-47DC-9A44-9C173E1C8E7C): 0
LogDevObjectVersion:   Dev-Physics (78F01B33-EBEA-4F98-B9B4-84EACCB95AA2): 0
LogDevObjectVersion:   Dev-Platform (6631380F-2D4D-43E0-8009-CF276956A95A): 0
LogDevObjectVersion:   Dev-Rendering (12F88B9F-8875-4AFC-A67C-D90C383ABD29): 25
LogDevObjectVersion:   Dev-Sequencer (7B5AE74C-D270-4C10-A958-57980B212A5A): 6
LogDevObjectVersion:   Dev-VR (D7296918-1DD6-4BDD-9DE2-64A83CC13884): 1
LogDevObjectVersion:   Dev-LoadTimes (C2A15278-BFE7-4AFE-6C17-90FF531DF755): 1
LogDevObjectVersion:   Private-Geometry (6EACA3D4-40EC-4CC1-B786-8BED09428FC5): 2
LogDevObjectVersion:   Dev-AnimPhys (29E575DD-E0A3-4627-9D10-D276232CDCEA): 16
LogDevObjectVersion:   Dev-ReflectionCapture (6B266CEC-1EC7-4B8F-A30B-E4D90942FC07): 1
LogDevObjectVersion:   Dev-Automation (0DF73D61-A23F-47EA-B727-89E90C41499A): 1
LogInit: Compiled (64-bit): Apr 27 2018 02:06:57
LogInit: Compiled with Visual C++: 19.00.24215.01
LogInit: Build Configuration: Development
LogInit: Branch Name: ++UE4+Release-4.19
LogInit: Command Line:  
LogInit: Base Directory: D:/Tools/EpicGames/UE_4.19/Engine/Binaries/Win64/
LogInit: Installed Engine Build: 1
LogStreaming: Display: Took  0.000s to delete old logs.
LogInit: Presizing for max 8388607 objects, including 0 objects not considered by GC, pre-allocating 0 bytes for permanent pool.
LogInit: Object subsystem initialized
[2023.06.08-10.11.22:282][  0]LogInit: Selected Device Profile: [Windows]
[2023.06.08-10.11.22:283][  0]LogInit: Applying CVar settings loaded from the selected device profile: [Windows]
[2023.06.08-10.11.22:291][  0]LogInit: Computer: DESKTOP-A4CSULD
[2023.06.08-10.11.22:291][  0]LogInit: User: 82104
[2023.06.08-10.11.22:291][  0]LogInit: CPU Page size=4096, Cores=8
[2023.06.08-10.11.22:291][  0]LogInit: High frequency timer resolution =10.000000 MHz
[2023.06.08-10.11.22:291][  0]LogMemory: Memory total: Physical=31.9GB (32GB approx)
[2023.06.08-10.11.22:291][  0]LogMemory: Platform Memory Stats for Windows
[2023.06.08-10.11.22:291][  0]LogMemory: Process Physical Memory: 280.34 MB used, 280.34 MB peak
[2023.06.08-10.11.22:291][  0]LogMemory: Process Virtual Memory: 283.55 MB used, 283.55 MB peak
[2023.06.08-10.11.22:291][  0]LogMemory: Physical Memory: 9207.70 MB used,  23508.42 MB free, 32716.11 MB total
[2023.06.08-10.11.22:291][  0]LogMemory: Virtual Memory: 4824.56 MB used,  23508.42 MB free, 134217728.00 MB total
[2023.06.08-10.11.22:322][  0]LogInit: Using OS detected language (ko-KR).
[2023.06.08-10.11.22:322][  0]LogInit: Using OS detected locale (ko-KR).
[2023.06.08-10.11.22:325][  0]LogTextLocalizationManager: No specific localization for 'ko-KR' exists, so the 'ko' localization will be used.
[2023.06.08-10.11.22:682][  0]LogStreaming: Display: Took  0.360s to EndInitTextLocalization.
[2023.06.08-10.11.22:682][  0]LogInit: Setting process to per monitor DPI aware
[2023.06.08-10.11.22:721][  0]LogSlate: New Slate User Created.  User Index 0, Is Virtual User: 0
[2023.06.08-10.11.22:721][  0]LogSlate: Slate User Registered.  User Index 0, Is Virtual User: 0
[2023.06.08-10.11.22:917][  0]LogD3D11RHI: D3D11 adapters:
[2023.06.08-10.11.23:061][  0]LogD3D11RHI:    0. 'NVIDIA GeForce GTX 1660 Ti' (Feature Level 11_0)
[2023.06.08-10.11.23:061][  0]LogD3D11RHI:       5979/0/16358 MB DedicatedVideo/DedicatedSystem/SharedSystem, Outputs:2, VendorId:0x10de
[2023.06.08-10.11.23:063][  0]LogD3D11RHI:    1. 'Microsoft Basic Render Driver' (Feature Level 11_0)
[2023.06.08-10.11.23:063][  0]LogD3D11RHI:       0/0/16358 MB DedicatedVideo/DedicatedSystem/SharedSystem, Outputs:0, VendorId:0x1414
[2023.06.08-10.11.23:063][  0]LogD3D11RHI: Chosen D3D11 Adapter: 0
[2023.06.08-10.11.23:070][  0]LogD3D11RHI: Creating new Direct3DDevice
[2023.06.08-10.11.23:070][  0]LogD3D11RHI:     GPU DeviceId: 0x2182 (for the marketing name, search the web for "GPU Device Id")
[2023.06.08-10.11.23:070][  0]LogWindows: EnumDisplayDevices:
[2023.06.08-10.11.23:070][  0]LogWindows:    0. 'NVIDIA GeForce GTX 1660 Ti' (P:1 D:1)
[2023.06.08-10.11.23:071][  0]LogWindows:    1. 'NVIDIA GeForce GTX 1660 Ti' (P:0 D:1)
[2023.06.08-10.11.23:071][  0]LogWindows:    2. 'NVIDIA GeForce GTX 1660 Ti' (P:0 D:0)
[2023.06.08-10.11.23:071][  0]LogWindows:    3. 'NVIDIA GeForce GTX 1660 Ti' (P:0 D:0)
[2023.06.08-10.11.23:071][  0]LogWindows: DebugString: GetVideoDriverDetailsInvalid PrimaryIsNotTheChoosenAdapter GetVideoDriverDetailsInvalid PrimaryIsNotTheChoosenAdapter GetVideoDriverDetailsInvalid PrimaryIsNotTheChoosenAdapter GetVideoDriverDetailsInvalid PrimaryIsNotTheChoosenAdapter FoundDriverCount:0 
[2023.06.08-10.11.23:071][  0]LogD3D11RHI:     Adapter Name: NVIDIA GeForce GTX 1660 Ti
[2023.06.08-10.11.23:071][  0]LogD3D11RHI:   Driver Version: Unknown (internal:Unknown, unified:Unknown)
[2023.06.08-10.11.23:071][  0]LogD3D11RHI:      Driver Date: Unknown
[2023.06.08-10.11.23:071][  0]LogRHI: Texture pool is 4185 MB (70% of 5979 MB)
[2023.06.08-10.11.23:172][  0]LogD3D11RHI: [Aftermath] Aftermath enabled and primed
[2023.06.08-10.11.23:172][  0]LogD3D11RHI: [Aftermath] Aftermath enabled and primed
[2023.06.08-10.11.23:172][  0]LogD3D11RHI: Async texture creation enabled
[2023.06.08-10.11.23:196][  0]LogD3D11RHI: GPU Timing Frequency: 1000.000000 (Debug: 2 1)
[2023.06.08-10.11.23:197][  0]LogD3D11RHI: HDR output is supported on display 0 (NvId: 0x80061081).
[2023.06.08-10.11.23:198][  0]LogShaderCompilers: Guid format shader working directory is 9 characters bigger than the processId version (../../../../../../UE_Project/BattleRoyal/Intermediate/Shaders/WorkingDirectory/2836/).
[2023.06.08-10.11.23:198][  0]LogShaderCompilers: Cleaned the shader compiler working directory 'C:/Users/Wonjeong/AppData/Local/Temp/UnrealShaderWorkingDir/3A545AAF4DB7B9DA02CAFEB82A2CFD09/'.
[2023.06.08-10.11.23:389][  0]LogTemp: Display: Loaded TP AllDesktopTargetPlatform
[2023.06.08-10.11.23:403][  0]LogTemp: Display: Loaded TP MacClientTargetPlatform
[2023.06.08-10.11.23:418][  0]LogTemp: Display: Loaded TP MacNoEditorTargetPlatform
[2023.06.08-10.11.23:432][  0]LogTemp: Display: Loaded TP MacServerTargetPlatform
[2023.06.08-10.11.23:446][  0]LogTemp: Display: Loaded TP MacTargetPlatform
[2023.06.08-10.11.23:461][  0]LogTemp: Display: Loaded TP WindowsClientTargetPlatform
[2023.06.08-10.11.23:475][  0]LogTemp: Display: Loaded TP WindowsNoEditorTargetPlatform
[2023.06.08-10.11.23:489][  0]LogTemp: Display: Loaded TP WindowsServerTargetPlatform
[2023.06.08-10.11.23:496][  0]LogTemp: Display: Loaded TP WindowsTargetPlatform
[2023.06.08-10.11.23:509][  0]LogTemp: Display: Loaded TP Android_ASTCTargetPlatform
[2023.06.08-10.11.23:521][  0]LogTemp: Display: Loaded TP Android_ATCTargetPlatform
[2023.06.08-10.11.23:534][  0]LogTemp: Display: Loaded TP Android_DXTTargetPlatform
[2023.06.08-10.11.23:547][  0]LogTemp: Display: Loaded TP Android_ETC1aTargetPlatform
[2023.06.08-10.11.23:560][  0]LogTemp: Display: Loaded TP Android_ETC1TargetPlatform
[2023.06.08-10.11.23:572][  0]LogTemp: Display: Loaded TP Android_ETC2TargetPlatform
[2023.06.08-10.11.23:598][  0]LogTemp: Display: Loaded TP Android_MultiTargetPlatform
[2023.06.08-10.11.23:598][  0]LogTemp: Display: Loaded TP Android_PVRTCTargetPlatform
[2023.06.08-10.11.23:611][  0]LogTemp: Display: Loaded TP AndroidTargetPlatform
[2023.06.08-10.11.23:612][  0]LogTemp: Display: Loaded TP HTML5TargetPlatform
[2023.06.08-10.11.23:649][  0]LogTemp: Display: Loaded TP IOSTargetPlatform
[2023.06.08-10.11.23:661][  0]LogTemp: Display: Loaded TP TVOSTargetPlatform
[2023.06.08-10.11.23:674][  0]LogTemp: Display: Loaded TP LinuxClientTargetPlatform
[2023.06.08-10.11.23:687][  0]LogTemp: Display: Loaded TP LinuxNoEditorTargetPlatform
[2023.06.08-10.11.23:700][  0]LogTemp: Display: Loaded TP LinuxServerTargetPlatform
[2023.06.08-10.11.23:713][  0]LogTemp: Display: Loaded TP LinuxTargetPlatform
[2023.06.08-10.11.23:713][  0]LogTargetPlatformManager: Display: Building Assets For Windows
[2023.06.08-10.11.23:811][  0]LogXGEController: Cannot use XGE Controller as Incredibuild is not installed on this machine.
[2023.06.08-10.11.23:811][  0]LogShaderCompilers: Cannot use XGE Shader Compiler as Incredibuild is not installed on this machine.
[2023.06.08-10.11.23:811][  0]LogShaderCompilers: Display: Using Local Shader Compiler.
[2023.06.08-10.11.24:455][  0]LogDerivedDataCache: Display: Max Cache Size: 512 MB
[2023.06.08-10.11.24:526][  0]LogDerivedDataCache: Loaded boot cache 0.07s 81MB C:/Users/Wonjeong/AppData/Local/UnrealEngine/4.19/DerivedDataCache/Boot.ddc.
[2023.06.08-10.11.24:526][  0]LogDerivedDataCache: Display: Loaded Boot cache: C:/Users/Wonjeong/AppData/Local/UnrealEngine/4.19/DerivedDataCache/Boot.ddc
[2023.06.08-10.11.24:526][  0]LogDerivedDataCache: FDerivedDataBackendGraph:  Pak pak cache file ../../../../../../UE_Project/BattleRoyal/DerivedDataCache/DDC.ddp not found, will not use a pak cache.
[2023.06.08-10.11.24:526][  0]LogDerivedDataCache: Unable to find inner node Pak for hierarchical cache Hierarchy.
[2023.06.08-10.11.24:526][  0]LogDerivedDataCache: FDerivedDataBackendGraph:  CompressedPak pak cache file ../../../../../../UE_Project/BattleRoyal/DerivedDataCache/Compressed.ddp not found, will not use a pak cache.
[2023.06.08-10.11.24:526][  0]LogDerivedDataCache: Unable to find inner node CompressedPak for hierarchical cache Hierarchy.
[2023.06.08-10.11.24:543][  0]LogDerivedDataCache: Display: Pak cache opened for reading ../../../Engine/DerivedDataCache/Compressed.ddp.
[2023.06.08-10.11.24:555][  0]LogDerivedDataCache: Using Local data cache path C:/Users/Wonjeong/AppData/Local/UnrealEngine/Common/DerivedDataCache: Writable
[2023.06.08-10.11.24:555][  0]LogDerivedDataCache: Shared data cache path not found in *engine.ini, will not use an Shared cache.
[2023.06.08-10.11.24:555][  0]LogDerivedDataCache: Unable to find inner node Shared for hierarchical cache Hierarchy.
[2023.06.08-10.11.24:567][  0]LogMaterial: Verifying Global Shaders for PCD3D_SM5
[2023.06.08-10.11.24:567][  0]LogSlate: Using Freetype 2.6.0
[2023.06.08-10.11.24:568][  0]LogSlate: SlateFontCache - WITH_FREETYPE: 1, WITH_HARFBUZZ: 1
[2023.06.08-10.11.24:568][  0]LogSlate: SlateFontCache - WITH_FREETYPE: 1, WITH_HARFBUZZ: 1
[2023.06.08-10.11.24:681][  0]LogAssetRegistry: FAssetRegistry took 0.0269 seconds to start up
[2023.06.08-10.11.24:988][  0]LogInit: Selected Device Profile: [Windows]
[2023.06.08-10.11.25:109][  0]LogSimplygon: Simplygon DLL not present - disabling.
[2023.06.08-10.11.25:111][  0]LogMeshReduction: Using SimplygonSwarm for distributed automatic mesh merging
[2023.06.08-10.11.25:111][  0]LogMeshReduction: Using QuadricMeshReduction for automatic static mesh reduction
[2023.06.08-10.11.25:111][  0]LogMeshReduction: No automatic skeletal mesh reduction module available
[2023.06.08-10.11.25:111][  0]LogMeshReduction: No automatic mesh merging module available
[2023.06.08-10.11.25:111][  0]LogMeshMerging: No automatic mesh merging module available
[2023.06.08-10.11.25:141][  0]LogNetVersion: BattleRoyal , NetCL: 3944462, EngineNetVer: 2, GameNetVer: 0 (Checksum: 3060849375)
[2023.06.08-10.11.25:522][  0]LogPackageLocalizationCache: Processed 9 localized package path(s) for 2 prioritized culture(s) in 0.060891 seconds
[2023.06.08-10.11.25:527][  0]LogUObjectArray: 36728 objects as part of root set at end of initial load.
[2023.06.08-10.11.25:528][  0]LogUObjectAllocator: 7314312 out of 0 bytes used by permanent object pool.
[2023.06.08-10.11.25:528][  0]LogUObjectArray: CloseDisregardForGC: 0/0 objects in disregard for GC pool
[2023.06.08-10.11.26:930][  0]LogTcpMessaging: Initializing TcpMessaging bridge
[2023.06.08-10.11.26:957][  0]LogUdpMessaging: Initializing bridge on interface 0.0.0.0:0 to multicast group 230.0.0.1:6666.
[2023.06.08-10.11.27:210][  0]LogSkeletalMesh: Skeletal Mesh found in DDC [0.808200ms] /Game/Characters/Female/Parts/SK_Female_Body_Head.SK_Female_Body_Head
[2023.06.08-10.11.27:221][  0]LogUObjectGlobals: Created PersistentFrame Addr=0x0000023c31b441d0, Size=16, Default__BP_Parachute_C Function /Game/Characters/BP_Parachute.BP_Parachute_C:ExecuteUbergraph_BP_Parachute
[2023.06.08-10.11.27:223][  0]LogUObjectGlobals: Destroyed PersistentFrame Addr=0x0000023c31b441d0, Size=16
[2023.06.08-10.11.27:223][  0]LogUObjectGlobals: Created PersistentFrame Addr=0x0000023c31b441d0, Size=16, Default__BP_Parachute_C Function /Engine/Transient.REINST_BP_Parachute_C_1:ExecuteUbergraph_BP_Parachute
[2023.06.08-10.11.27:226][  0]LogUObjectGlobals: Created PersistentFrame Addr=0x0000023c3df6bc70, Size=16, Default__BP_Parachute_C Function /Game/Characters/BP_Parachute.BP_Parachute_C:ExecuteUbergraph_BP_Parachute
[2023.06.08-10.11.27:291][  0]LogUObjectGlobals: Created PersistentFrame Addr=0x0000023c3da00a18, Size=4, Default__BP_GrenadeProjectile_C Function /Game/Weapons/BP_GrenadeProjectile.BP_GrenadeProjectile_C:ExecuteUbergraph_BP_GrenadeProjectile
[2023.06.08-10.11.27:294][  0]LogUObjectGlobals: Destroyed PersistentFrame Addr=0x0000023c3da00a18, Size=4
[2023.06.08-10.11.27:294][  0]LogUObjectGlobals: Created PersistentFrame Addr=0x0000023c3da00a18, Size=4, Default__BP_GrenadeProjectile_C Function /Engine/Transient.REINST_BP_GrenadeProjectile_C_4:ExecuteUbergraph_BP_GrenadeProjectile
[2023.06.08-10.11.27:295][  0]LogUObjectGlobals: Created PersistentFrame Addr=0x0000023c3da008b0, Size=4, Default__BP_GrenadeProjectile_C Function /Game/Weapons/BP_GrenadeProjectile.BP_GrenadeProjectile_C:ExecuteUbergraph_BP_GrenadeProjectile
[2023.06.08-10.11.27:443][  0]LogUObjectGlobals: Created PersistentFrame Addr=0x0000023c3f5aef28, Size=4, Default__WidgetBP_ClientMain_C Function /Game/GameModes/Battle/UMG/WidgetBP_ClientMain.WidgetBP_ClientMain_C:ExecuteUbergraph_WidgetBP_ClientMain
[2023.06.08-10.11.27:446][  0]LogUObjectGlobals: Destroyed PersistentFrame Addr=0x0000023c3f5aef28, Size=4
[2023.06.08-10.11.27:446][  0]LogUObjectGlobals: Created PersistentFrame Addr=0x0000023c3f5aef28, Size=4, Default__WidgetBP_ClientMain_C Function /Engine/Transient.REINST_WidgetBP_ClientMain_C_2:ExecuteUbergraph_WidgetBP_ClientMain
[2023.06.08-10.11.27:447][  0]LogUObjectGlobals: Created PersistentFrame Addr=0x0000023c3f5aed88, Size=4, Default__WidgetBP_ClientMain_C Function /Game/GameModes/Battle/UMG/WidgetBP_ClientMain.WidgetBP_ClientMain_C:ExecuteUbergraph_WidgetBP_ClientMain
[2023.06.08-10.11.27:490][  0]LogUObjectGlobals: Created PersistentFrame Addr=0x0000023c401e3200, Size=1296, Default__BP_Player_C Function /Game/Characters/BP_Player.BP_Player_C:ExecuteUbergraph_BP_Player
[2023.06.08-10.11.27:492][  0]LogUObjectGlobals: Created PersistentFrame Addr=0x0000023c4021e080, Size=344, Default__AnimBP_Player_C Function /Game/Characters/AnimBP_Player.AnimBP_Player_C:ExecuteUbergraph_AnimBP_Player
[2023.06.08-10.11.27:516][  0]LogUObjectGlobals: Created PersistentFrame Addr=0x0000023c3f5ae588, Size=4, Default__WidgetBP_Interaction_C Function /Game/Characters/HUD/WidgetBP_Interaction.WidgetBP_Interaction_C:ExecuteUbergraph_WidgetBP_Interaction
[2023.06.08-10.11.27:552][  0]LogUObjectGlobals: Destroyed PersistentFrame Addr=0x0000023c4021e080, Size=344
[2023.06.08-10.11.27:552][  0]LogUObjectGlobals: Created PersistentFrame Addr=0x0000023c3fcb3400, Size=344, Default__AnimBP_Player_C Function /Engine/Transient.REINST_AnimBP_Player_C_0:ExecuteUbergraph_AnimBP_Player
[2023.06.08-10.11.27:553][  0]LogUObjectGlobals: Destroyed PersistentFrame Addr=0x0000023c401e3200, Size=1296
[2023.06.08-10.11.27:553][  0]LogUObjectGlobals: Created PersistentFrame Addr=0x0000023c3fd31d00, Size=1296, Default__BP_Player_C Function /Engine/Transient.REINST_BP_Player_C_11:ExecuteUbergraph_BP_Player
[2023.06.08-10.11.27:553][  0]LogUObjectGlobals: Destroyed PersistentFrame Addr=0x0000023c3f5ae588, Size=4
[2023.06.08-10.11.27:553][  0]LogUObjectGlobals: Created PersistentFrame Addr=0x0000023c3f5ae588, Size=4, Default__WidgetBP_Interaction_C Function /Engine/Transient.REINST_WidgetBP_Interaction_C_4:ExecuteUbergraph_WidgetBP_Interaction
[2023.06.08-10.11.27:585][  0]LogUObjectGlobals: Created PersistentFrame Addr=0x0000023c4091cd00, Size=344, Default__AnimBP_Player_C Function /Game/Characters/AnimBP_Player.AnimBP_Player_C:ExecuteUbergraph_AnimBP_Player
[2023.06.08-10.11.27:589][  0]LogUObjectGlobals: Created PersistentFrame Addr=0x0000023c408a3200, Size=1296, Default__BP_Player_C Function /Game/Characters/BP_Player.BP_Player_C:ExecuteUbergraph_BP_Player
[2023.06.08-10.11.27:591][  0]LogUObjectGlobals: Created PersistentFrame Addr=0x0000023c408c7eb8, Size=4, Default__WidgetBP_Interaction_C Function /Game/Characters/HUD/WidgetBP_Interaction.WidgetBP_Interaction_C:ExecuteUbergraph_WidgetBP_Interaction
[2023.06.08-10.11.27:627][  0]LogSkeletalMesh: Skeletal Mesh found in DDC [0.537400ms] /Game/Characters/Female/Parts/SK_Female_Body_Upper.SK_Female_Body_Upper
[2023.06.08-10.11.27:627][  0]LogSkeletalMesh: Skeletal Mesh found in DDC [0.304100ms] /Game/Characters/Female/Parts/SK_Female_Body_Lower.SK_Female_Body_Lower
[2023.06.08-10.11.27:630][  0]LogSkeletalMesh: Skeletal Mesh found in DDC [0.457500ms] /Game/Characters/Female/Parts/SK_Female_Cloth_Helmet_Hair.SK_Female_Cloth_Helmet_Hair
[2023.06.08-10.11.27:635][  0]LogBlueprint: Warning: Node '/Game/Characters/BP_Player.BP_Player:EventGraph.K2Node_Event_7' missing NodeGuid, this can cause deterministic cooking issues please resave package.
[2023.06.08-10.11.27:651][  0]LogUObjectGlobals: Created PersistentFrame Addr=0x0000023c408cb010, Size=72, Default__FirstPerson_AnimBP_C Function /Game/FirstPerson/Animations/FirstPerson_AnimBP.FirstPerson_AnimBP_C:ExecuteUbergraph_FirstPerson_AnimBP
[2023.06.08-10.11.27:659][  0]LogUObjectGlobals: Destroyed PersistentFrame Addr=0x0000023c408cb010, Size=72
[2023.06.08-10.11.27:659][  0]LogUObjectGlobals: Created PersistentFrame Addr=0x0000023c3fe3c090, Size=72, Default__FirstPerson_AnimBP_C Function /Engine/Transient.REINST_FirstPerson_AnimBP_C_1:ExecuteUbergraph_FirstPerson_AnimBP
[2023.06.08-10.11.27:667][  0]LogUObjectGlobals: Created PersistentFrame Addr=0x0000023c3fe68860, Size=72, Default__FirstPerson_AnimBP_C Function /Game/FirstPerson/Animations/FirstPerson_AnimBP.FirstPerson_AnimBP_C:ExecuteUbergraph_FirstPerson_AnimBP
[2023.06.08-10.11.27:751][  0]LogSkeletalMesh: Skeletal Mesh found in DDC [0.373800ms] /Game/FirstPerson/FPWeapon/Mesh/SK_FPGun.SK_FPGun
[2023.06.08-10.11.27:758][  0]LogSkeletalMesh: Skeletal Mesh found in DDC [0.948000ms] /Game/FirstPerson/Character/Mesh/SK_Mannequin_Arms.SK_Mannequin_Arms
[2023.06.08-10.11.27:883][  0]SourceControl: 소스 콘트롤이 꺼졌습니다.
[2023.06.08-10.11.27:883][  0]SourceControl: 소스 콘트롤이 꺼졌습니다.
[2023.06.08-10.11.27:898][  0]SourceControl: 소스 콘트롤이 꺼졌습니다.
[2023.06.08-10.11.27:913][  0]SourceControl: 소스 콘트롤이 꺼졌습니다.
[2023.06.08-10.11.28:335][  0]LogAndroidPermission: UAndroidPermissionCallbackProxy::GetInstance
[2023.06.08-10.11.28:485][  0]LogOcInput: OculusInput pre-init called
[2023.06.08-10.11.28:578][  0]LogEngine: Initializing Engine...
[2023.06.08-10.11.28:580][  0]LogHMD: Failed to initialize OpenVR with code 110
[2023.06.08-10.11.28:581][  0]LogStats: UGameplayTagsManager::ConstructGameplayTagTree: Construct from data asset -  0.000 s
[2023.06.08-10.11.28:581][  0]LogStats: UGameplayTagsManager::ConstructGameplayTagTree: GameplayTagTreeChangedEvent.Broadcast -  0.000 s
[2023.06.08-10.11.28:746][  0]LogAIModule: Creating AISystem for world Untitled
[2023.06.08-10.11.28:772][  0]LogInit: XAudio2 using '24MP76(NVIDIA High Definition Audio)' : 2 channels at 48 kHz using 16 bits per sample (channel mask 0x3)
[2023.06.08-10.11.28:785][  0]LogInit: FAudioDevice initialized.
[2023.06.08-10.11.28:873][  0]LogDerivedDataCache: Saved boot cache 0.09s 81MB C:/Users/Wonjeong/AppData/Local/UnrealEngine/4.19/DerivedDataCache/Boot.ddc.
[2023.06.08-10.11.28:888][  0]LogInit: Texture streaming: Enabled
[2023.06.08-10.11.28:904][  0]LogEngineSessionManager: EngineSessionManager initialized
[2023.06.08-10.11.28:917][  0]LogInit: Transaction tracking system initialized
[2023.06.08-10.11.28:937][  0]BlueprintLog: New page: 에디터 로드
[2023.06.08-10.11.29:114][  0]LocalizationService: 현지화 서비스가 비활성화되었습니다.
[2023.06.08-10.11.29:201][  0]LogConsoleResponse: Display: 
[2023.06.08-10.11.29:316][  0]LogCook: Display: Max memory allowance for cook 16384mb min free memory 0mb
[2023.06.08-10.11.29:316][  0]LogCook: Display: Mobile HDR setting 1
[2023.06.08-10.11.29:316][  0]LogGameplayTags: Display: UGameplayTagsManager::DoneAddingNativeTags. DelegateIsBound: 0
[2023.06.08-10.11.29:316][  0]LogStats: UGameplayTagsManager::ConstructGameplayTagTree: Construct from data asset -  0.000 s
[2023.06.08-10.11.29:316][  0]LogStats: UGameplayTagsManager::ConstructGameplayTagTree: GameplayTagTreeChangedEvent.Broadcast -  0.000 s
[2023.06.08-10.11.29:639][  0]SourceControl: 소스 콘트롤이 꺼졌습니다.
[2023.06.08-10.11.29:639][  0]Cmd: MAP LOAD FILE="../../../../../../UE_Project/BattleRoyal/Content/ThirdPersonBP/Maps/Lobby.umap" TEMPLATE=0 SHOWPROGRESS=1 FEATURELEVEL=3
[2023.06.08-10.11.29:639][  0]LightingResults: New page: 라이팅 빌드
[2023.06.08-10.11.29:641][  0]MapCheck: New page: 맵 체크
[2023.06.08-10.11.29:641][  0]LightingResults: New page: 라이팅 빌드
[2023.06.08-10.11.29:649][  0]LogUObjectGlobals: Destroyed PersistentFrame Addr=0x0000023c31b441d0, Size=16
[2023.06.08-10.11.29:649][  0]LogUObjectGlobals: Destroyed PersistentFrame Addr=0x0000023c3da00a18, Size=4
[2023.06.08-10.11.29:649][  0]LogUObjectGlobals: Destroyed PersistentFrame Addr=0x0000023c3f5aef28, Size=4
[2023.06.08-10.11.29:649][  0]LogUObjectGlobals: Destroyed PersistentFrame Addr=0x0000023c3fd31d00, Size=1296
[2023.06.08-10.11.29:649][  0]LogUObjectGlobals: Destroyed PersistentFrame Addr=0x0000023c3fcb3400, Size=344
[2023.06.08-10.11.29:649][  0]LogUObjectGlobals: Destroyed PersistentFrame Addr=0x0000023c3f5ae588, Size=4
[2023.06.08-10.11.29:649][  0]LogUObjectGlobals: Destroyed PersistentFrame Addr=0x0000023c3fe3c090, Size=72
[2023.06.08-10.11.29:797][  0]LogAIModule: Creating AISystem for world Lobby
[2023.06.08-10.11.29:810][  0]LogEditorServer: Finished looking for orphan Actors (0.000 secs)
[2023.06.08-10.11.29:819][  0]Cmd: MAP CHECKDEP NOCLEARLOG
[2023.06.08-10.11.29:881][  0]MapCheck: 맵 체크 완료: 오류 0 회, 경고 0 회, 소요 시간 61.677ms.
[2023.06.08-10.11.29:881][  0]LogFileHelpers: Loading map 'Lobby' took 0.242
[2023.06.08-10.11.30:018][  0]LogCollectionManager: Loaded 0 collections in 0.001497 seconds
[2023.06.08-10.11.30:060][  0]LogFileCache: Scanning file cache for directory 'D:/UE_Project/BattleRoyal/Saved/Collections/' took 0.01s
[2023.06.08-10.11.30:060][  0]LogFileCache: Scanning file cache for directory 'D:/UE_Project/BattleRoyal/Content/Developers/82104/Collections/' took 0.01s
[2023.06.08-10.11.30:060][  0]LogFileCache: Scanning file cache for directory 'D:/UE_Project/BattleRoyal/Content/Collections/' took 0.01s
[2023.06.08-10.11.30:060][  0]LogCollectionManager: Rebuilt the GUID cache for 0 collections in 0.000000 seconds
[2023.06.08-10.11.30:071][  0]LogContentBrowser: Native class hierarchy populated in 0.0107 seconds. Added 2476 classes and 565 folders.
[2023.06.08-10.11.30:080][  0]LogContentBrowser: Native class hierarchy updated for 'WidgetCarousel' in 0.0014 seconds. Added 0 classes and 0 folders.
[2023.06.08-10.11.30:117][  0]LogContentBrowser: Native class hierarchy updated for 'AddContentDialog' in 0.0014 seconds. Added 0 classes and 0 folders.
[2023.06.08-10.11.30:123][  0]LogContentBrowser: Native class hierarchy updated for 'SceneOutliner' in 0.0014 seconds. Added 1 classes and 2 folders.
[2023.06.08-10.11.30:189][  0]LogSlate: Took 0.000227 seconds to synchronously load lazily loaded font '../../../Engine/Content/Slate/Fonts/Roboto-Regular.ttf' (155K)
[2023.06.08-10.11.30:193][  0]LogSlate: Took 0.002274 seconds to synchronously load lazily loaded font '../../../Engine/Content/Editor/Slate/Fonts/NanumGothic.ttf' (4243K)
[2023.06.08-10.11.30:197][  0]LogSlate: Took 0.002331 seconds to synchronously load lazily loaded font '../../../Engine/Content/Editor/Slate/Fonts/NanumGothicBold.ttf' (4188K)
[2023.06.08-10.11.30:198][  0]LogSlate: Took 0.000210 seconds to synchronously load lazily loaded font '../../../Engine/Content/Slate/Fonts/Roboto-Bold.ttf' (160K)
[2023.06.08-10.11.30:200][  0]LogSlate: Took 0.000202 seconds to synchronously load lazily loaded font '../../../Engine/Content/Editor/Slate/Fonts/FontAwesome.ttf' (139K)
[2023.06.08-10.11.30:283][  0]LogRenderer: Reallocating scene render targets to support 1932x652 Format 10 NumSamples 1 (Frame:1).
[2023.06.08-10.11.30:407][  0]LogContentBrowser: Native class hierarchy updated for 'HierarchicalLODOutliner' in 0.0014 seconds. Added 0 classes and 0 folders.
[2023.06.08-10.11.30:407][  0]LogLoad: (Engine Initialization) Total time: 11.49 seconds
[2023.06.08-10.11.30:407][  0]LogLoad: (Engine Initialization) Total Blueprint compile time: 0.00 seconds
[2023.06.08-10.11.30:768][  0]LogContentStreaming: Texture pool size now 1000 MB
[2023.06.08-10.11.30:816][  0]LogSlate: Took 0.000199 seconds to synchronously load lazily loaded font '../../../Engine/Content/Slate/Fonts/Roboto-Light.ttf' (167K)
[2023.06.08-10.11.31:102][  1]LogAssetRegistry: Asset discovery search completed in 6.4433 seconds
[2023.06.08-10.11.31:103][  1]LogCollectionManager: Rebuilt the object cache for 0 collections in 0.000000 seconds (found 0 objects)
[2023.06.08-10.11.31:103][  1]LogCollectionManager: Fixed up redirectors for 0 collections in 0.000060 seconds (updated 0 objects)
[2023.06.08-10.11.31:411][  2]LogSlate: FSceneViewport::OnFocusLost() reason 0
[2023.06.08-10.11.31:500][  3]LogImageWrapper: Error: PNG Error: Ignoring bad adaptive filter type
[2023.06.08-10.11.31:500][  3]LogTexture: Warning: PNG decompression of source art failed
[2023.06.08-10.11.31:500][  3]LogTexture: Warning: Cannot retrieve source data for mip 0 of texture T_Sand_N
[2023.06.08-10.11.31:500][  3]LogTexture: Error: Texture2D /Game/Maps/Textures/T_Sand_N.T_Sand_N is unknown which is not supported.
[2023.06.08-10.11.31:510][  3]LogSlate: Took 0.000210 seconds to synchronously load lazily loaded font '../../../Engine/Content/Slate/Fonts/Roboto-Light.ttf' (167K)
[2023.06.08-10.11.31:519][  3]LogMaterial: Missing cached shader map for material M_Jungle, compiling. 
[2023.06.08-10.11.31:859][  3]LogMaterial: Missing cached shader map for material M_Jungle, compiling. 
[2023.06.08-10.11.31:870][  3]LogMaterial: Missing cached shader map for material M_Jungle, compiling. 
[2023.06.08-10.11.31:883][  3]LogShaderCompilers: Display: Shaders left to compile 26
[2023.06.08-10.11.31:883][  3]LogShaderCompilers: Display: Shaders left to compile 25
[2023.06.08-10.11.31:883][  3]LogShaderCompilers: Display: Shaders left to compile 24
[2023.06.08-10.11.31:883][  3]LogShaderCompilers: Display: Shaders left to compile 23
[2023.06.08-10.11.31:883][  3]LogShaderCompilers: Display: Shaders left to compile 22
[2023.06.08-10.11.31:883][  3]LogShaderCompilers: Display: Shaders left to compile 21
[2023.06.08-10.11.31:883][  3]LogShaderCompilers: Display: Shaders left to compile 20
[2023.06.08-10.11.31:883][  3]LogShaderCompilers: Display: Shaders left to compile 19
[2023.06.08-10.11.31:883][  3]LogShaderCompilers: Display: Shaders left to compile 18
[2023.06.08-10.11.31:883][  3]LogShaderCompilers: Display: Shaders left to compile 17
[2023.06.08-10.11.31:884][  3]LogShaderCompilers: Display: Shaders left to compile 16
[2023.06.08-10.11.31:884][  3]LogShaderCompilers: Display: Shaders left to compile 15
[2023.06.08-10.11.31:908][  3]LogMaterial: Missing cached shader map for material FMatExpressionPreview MaterialExpressionTextureSample_0, compiling. 
[2023.06.08-10.11.31:912][  3]LogMaterial: Missing cached shader map for material FMatExpressionPreview MaterialExpressionTextureSample_1, compiling. 
[2023.06.08-10.11.31:916][  3]LogMaterial: Missing cached shader map for material FMatExpressionPreview MaterialExpressionTextureSample_2, compiling. 
[2023.06.08-10.11.31:920][  3]LogMaterial: Missing cached shader map for material FMatExpressionPreview MaterialExpressionTextureSample_3, compiling. 
[2023.06.08-10.11.31:924][  3]LogMaterial: Missing cached shader map for material FMatExpressionPreview MaterialExpressionLandscapeLayerCoords_0, compiling. 
[2023.06.08-10.11.31:928][  3]LogMaterial: Missing cached shader map for material FMatExpressionPreview MaterialExpressionTextureSample_4, compiling. 
[2023.06.08-10.11.31:932][  3]LogMaterial: Missing cached shader map for material FMatExpressionPreview MaterialExpressionTextureSample_5, compiling. 
[2023.06.08-10.11.31:935][  3]LogMaterial: Missing cached shader map for material FMatExpressionPreview MaterialExpressionTextureSample_6, compiling. 
[2023.06.08-10.11.31:938][  3]LogMaterial: Missing cached shader map for material FMatExpressionPreview MaterialExpressionTextureSample_7, compiling. 
[2023.06.08-10.11.31:941][  3]LogMaterial: Missing cached shader map for material FMatExpressionPreview MaterialExpressionMultiply_0, compiling. 
[2023.06.08-10.11.31:970][  3]LogSlate: Took 0.000330 seconds to synchronously load lazily loaded font '../../../Engine/Content/Slate/Fonts/Roboto-BoldCondensed.ttf' (158K)
[2023.06.08-10.11.32:716][ 46]LogShaderCompilers: Display: Shaders left to compile 34
[2023.06.08-10.11.32:773][ 48]LogShaderCompilers: Display: Shaders left to compile 33
[2023.06.08-10.11.32:828][ 50]LogShaderCompilers: Display: Shaders left to compile 32
[2023.06.08-10.11.32:828][ 50]LogShaderCompilers: Display: Shaders left to compile 31
[2023.06.08-10.11.32:852][ 51]LogShaderCompilers: Display: Shaders left to compile 30
[2023.06.08-10.11.32:852][ 51]LogShaderCompilers: Display: Shaders left to compile 29
[2023.06.08-10.11.32:875][ 52]LogShaderCompilers: Display: Shaders left to compile 28
[2023.06.08-10.11.32:875][ 52]LogShaderCompilers: Display: Shaders left to compile 27
[2023.06.08-10.11.32:875][ 52]LogShaderCompilers: Display: Shaders left to compile 26
[2023.06.08-10.11.32:875][ 52]LogShaderCompilers: Display: Shaders left to compile 25
[2023.06.08-10.11.32:898][ 53]LogShaderCompilers: Display: Shaders left to compile 24
[2023.06.08-10.11.32:898][ 53]LogShaderCompilers: Display: Shaders left to compile 23
[2023.06.08-10.11.32:918][ 54]LogShaderCompilers: Display: Shaders left to compile 22
[2023.06.08-10.11.32:971][ 56]LogShaderCompilers: Display: Shaders left to compile 21
[2023.06.08-10.11.33:001][ 57]LogShaderCompilers: Display: Shaders left to compile 20
[2023.06.08-10.11.33:001][ 57]LogShaderCompilers: Display: Shaders left to compile 19
[2023.06.08-10.11.33:030][ 58]LogShaderCompilers: Display: Shaders left to compile 18
[2023.06.08-10.11.33:030][ 58]LogShaderCompilers: Display: Shaders left to compile 17
[2023.06.08-10.11.33:054][ 59]LogShaderCompilers: Display: Shaders left to compile 16
[2023.06.08-10.11.33:054][ 59]LogShaderCompilers: Display: Shaders left to compile 15
[2023.06.08-10.11.33:124][ 62]LogShaderCompilers: Display: Shaders left to compile 14
[2023.06.08-10.11.33:149][ 63]LogShaderCompilers: Display: Shaders left to compile 13
[2023.06.08-10.11.33:221][ 66]LogShaderCompilers: Display: Shaders left to compile 12
[2023.06.08-10.11.33:246][ 67]LogShaderCompilers: Display: Shaders left to compile 11
[2023.06.08-10.11.33:246][ 67]LogShaderCompilers: Display: Shaders left to compile 10
[2023.06.08-10.11.33:293][ 69]LogShaderCompilers: Display: Shaders left to compile 9
[2023.06.08-10.11.33:294][ 69]LogShaderCompilers: Display: Shaders left to compile 8
[2023.06.08-10.11.33:343][ 71]LogShaderCompilers: Display: Shaders left to compile 7
[2023.06.08-10.11.33:343][ 71]LogShaderCompilers: Display: Shaders left to compile 6
[2023.06.08-10.11.33:368][ 72]LogShaderCompilers: Display: Shaders left to compile 5
[2023.06.08-10.11.33:390][ 73]LogShaderCompilers: Display: Shaders left to compile 4
[2023.06.08-10.11.33:391][ 73]LogShaderCompilers: Display: Shaders left to compile 3
[2023.06.08-10.11.33:426][ 74]LogShaderCompilers: Display: Shaders left to compile 2
[2023.06.08-10.11.33:426][ 74]LogShaderCompilers: Display: Shaders left to compile 1
[2023.06.08-10.11.33:429][ 74]MaterialEditorStats: Base pass shader: 72 instructions
[2023.06.08-10.11.33:429][ 74]MaterialEditorStats: Vertex shader: 34 instructions
[2023.06.08-10.11.33:429][ 74]MaterialEditorStats: Texture samplers: 1/16
[2023.06.08-10.11.34:029][114]LogSlate: Window 'M_Jungle' being destroyed
[2023.06.08-10.11.45:386][449]LogSlate: FSceneViewport::OnFocusLost() reason 0
[2023.06.08-10.11.47:635][712]LogMaterialEditor: Saving and Compiling material M_Jungle
[2023.06.08-10.11.47:733][712]Cmd: OBJ SAVEPACKAGE PACKAGE="/Game/Maps/Materials/M_Jungle" FILE="../../../../../../UE_Project/BattleRoyal/Content/Maps/Materials/M_Jungle.uasset" SILENT=true
[2023.06.08-10.11.47:759][712]LogSavePackage: Save=13.85ms
[2023.06.08-10.11.47:759][712]LogSavePackage: Moving '../../../../../../UE_Project/BattleRoyal/Saved/M_Jungle75824AC84BD435026A82BA84BA1A838D.tmp' to '../../../../../../UE_Project/BattleRoyal/Content/Maps/Materials/M_Jungle.uasset'
[2023.06.08-10.11.47:760][712]LogSavePackage: Display: Finished SavePackage ../../../../../../UE_Project/BattleRoyal/Content/Maps/Materials/M_Jungle.uasset
[2023.06.08-10.12.05:098][185]LogAIModule: Creating AISystem for world Jungle
[2023.06.08-10.12.05:271][185]Cmd: MAP LOAD FILE="../../../../../../UE_Project/BattleRoyal/Content/Maps/Jungle/Jungle.umap" TEMPLATE=0 SHOWPROGRESS=1 FEATURELEVEL=3
[2023.06.08-10.12.05:271][185]LightingResults: New page: 라이팅 빌드
[2023.06.08-10.12.05:272][185]LoadErrors: New page: 맵 로드중: Jungle.umap
[2023.06.08-10.12.05:272][185]MapCheck: New page: 맵 체크
[2023.06.08-10.12.05:272][185]LightingResults: New page: 라이팅 빌드
[2023.06.08-10.12.07:646][185]LogEditorServer: Finished looking for orphan Actors (0.000 secs)
[2023.06.08-10.12.07:736][185]Cmd: MAP CHECKDEP NOCLEARLOG
[2023.06.08-10.12.07:815][185]MapCheck: 맵 체크 완료: 오류 0 회, 경고 0 회, 소요 시간 79.394ms.
[2023.06.08-10.12.07:815][185]LogFileHelpers: Loading map 'Jungle' took 2.546
[2023.06.08-10.12.20:685][626]LogSlate: FSceneViewport::OnFocusLost() reason 2
[2023.06.08-10.12.22:548][820]LogSlate: FSceneViewport::OnFocusLost() reason 2
[2023.06.08-10.13.14:207][110]LogSlate: Window 'ProjectLauncher' being destroyed
[2023.06.08-10.13.14:213][110]LogSlate: Window 'ProjectLauncher' being destroyed
[2023.06.08-10.17.07:995][881]LogSlate: FSceneViewport::OnFocusLost() reason 0
[2023.06.08-10.21.49:044][808]LogSlate: Window 'BattleRoyal - 언리얼 에디터' being destroyed
[2023.06.08-10.21.49:258][809]Cmd: QUIT_EDITOR
[2023.06.08-10.21.49:272][809]LogWindowsTextInputMethodSystem: Display: IME system now activated using TSF (Microsoft 입력기).
[2023.06.08-10.21.49:282][809]LogSlate: Slate User Destroyed.  User Index 0, Is Virtual User: 0
[2023.06.08-10.21.49:282][809]LogExit: Preparing to exit.
[2023.06.08-10.21.50:280][809]LogActorComponent: UnregisterComponent: (None.None) Not registered. Aborting.
[2023.06.08-10.21.50:280][809]LogActorComponent: UnregisterComponent: (None.None) Not registered. Aborting.
[2023.06.08-10.21.50:280][809]LogActorComponent: UnregisterComponent: (None.None) Not registered. Aborting.
[2023.06.08-10.21.50:280][809]LogActorComponent: UnregisterComponent: (None.None) Not registered. Aborting.
[2023.06.08-10.21.50:280][809]LogActorComponent: UnregisterComponent: (None.None) Not registered. Aborting.
[2023.06.08-10.21.50:280][809]LogActorComponent: UnregisterComponent: (None.None) Not registered. Aborting.
[2023.06.08-10.21.50:280][809]LogActorComponent: UnregisterComponent: (None.None) Not registered. Aborting.
[2023.06.08-10.21.50:962][809]LogUObjectGlobals: Destroyed PersistentFrame Addr=0x0000023c3df6bc70, Size=16
[2023.06.08-10.21.50:962][809]LogUObjectGlobals: Destroyed PersistentFrame Addr=0x0000023c3da008b0, Size=4
[2023.06.08-10.21.50:963][809]LogUObjectGlobals: Destroyed PersistentFrame Addr=0x0000023c3f5aed88, Size=4
[2023.06.08-10.21.50:975][809]LogUObjectGlobals: Destroyed PersistentFrame Addr=0x0000023c4091cd00, Size=344
[2023.06.08-10.21.50:975][809]LogUObjectGlobals: Destroyed PersistentFrame Addr=0x0000023c408a3200, Size=1296
[2023.06.08-10.21.50:976][809]LogUObjectGlobals: Destroyed PersistentFrame Addr=0x0000023c408c7eb8, Size=4
[2023.06.08-10.21.50:976][809]LogUObjectGlobals: Destroyed PersistentFrame Addr=0x0000023c3fe68860, Size=72
[2023.06.08-10.21.50:977][809]LogExit: Editor shut down
[2023.06.08-10.21.50:981][809]LogExit: Transaction tracking system shut down
[2023.06.08-10.21.51:121][809]LogDirectoryWatcher: A directory notification for '../../../Engine/Content/' was aborted.
[2023.06.08-10.21.51:121][809]LogDirectoryWatcher: A directory notification for '../../../../../../UE_Project/BattleRoyal/Content/' was aborted.
[2023.06.08-10.21.51:121][809]LogDirectoryWatcher: A directory notification for '../../Plugins/2D/Paper2D/Content/' was aborted.
[2023.06.08-10.21.51:121][809]LogDirectoryWatcher: A directory notification for '../../Plugins/Enterprise/DatasmithContent/Content/' was aborted.
[2023.06.08-10.21.51:122][809]LogDirectoryWatcher: A directory notification for '../../Plugins/Media/MediaCompositing/Content/' was aborted.
[2023.06.08-10.21.51:122][809]LogDirectoryWatcher: A directory notification for '../../Plugins/Runtime/AppleARKit/Content/' was aborted.
[2023.06.08-10.21.51:122][809]LogDirectoryWatcher: A directory notification for '../../Plugins/Runtime/Oculus/OculusVR/Content/' was aborted.
[2023.06.08-10.21.51:122][809]LogDirectoryWatcher: A directory notification for '../../Plugins/Runtime/Steam/SteamVR/Content/' was aborted.
[2023.06.08-10.21.51:391][809]LogExit: Object subsystem successfully closed.
[2023.06.08-10.21.51:583][809]LogShaderCompilers: Display: Shaders left to compile 0
[2023.06.08-10.21.51:586][809]LogD3D11RHI: Shutdown
[2023.06.08-10.21.51:586][809]LogD3D11RHI: CleanupD3DDevice
[2023.06.08-10.21.51:590][809]LogD3D11RHI: ~FD3D11DynamicRHI
[2023.06.08-10.21.51:598][809]LogModuleManager: Shutting down and abandoning module LauncherServices (578)
[2023.06.08-10.21.51:598][809]LogModuleManager: Shutting down and abandoning module HierarchicalLODOutliner (576)
[2023.06.08-10.21.51:598][809]LogModuleManager: Shutting down and abandoning module DesktopPlatform (574)
[2023.06.08-10.21.51:598][809]LogModuleManager: Shutting down and abandoning module SceneOutliner (572)
[2023.06.08-10.21.51:598][809]LogModuleManager: Shutting down and abandoning module AddContentDialog (570)
[2023.06.08-10.21.51:598][809]LogDirectoryWatcher: A directory notification for 'D:/Tools/EpicGames/UE_4.19/FeaturePacks/' was aborted.
[2023.06.08-10.21.51:599][809]LogModuleManager: Shutting down and abandoning module WidgetCarousel (569)
[2023.06.08-10.21.51:599][809]LogModuleManager: Shutting down and abandoning module EditorWidgets (566)
[2023.06.08-10.21.51:599][809]LogModuleManager: Shutting down and abandoning module CollectionManager (564)
[2023.06.08-10.21.51:600][809]LogDirectoryWatcher: A directory notification for 'D:/UE_Project/BattleRoyal/Content/Collections/' was aborted.
[2023.06.08-10.21.51:600][809]LogDirectoryWatcher: A directory notification for 'D:/UE_Project/BattleRoyal/Content/Developers/82104/Collections/' was aborted.
[2023.06.08-10.21.51:600][809]LogDirectoryWatcher: A directory notification for 'D:/UE_Project/BattleRoyal/Saved/Collections/' was aborted.
[2023.06.08-10.21.51:600][809]LogModuleManager: Shutting down and abandoning module StatsViewer (562)
[2023.06.08-10.21.51:600][809]LogModuleManager: Shutting down and abandoning module FoliageEdit (560)
[2023.06.08-10.21.51:600][809]LogModuleManager: Shutting down and abandoning module LandscapeEditor (558)
[2023.06.08-10.21.51:600][809]LogModuleManager: Shutting down and abandoning module MeshPaintMode (556)
[2023.06.08-10.21.51:600][809]LogModuleManager: Shutting down and abandoning module SceneDepthPickerMode (554)
[2023.06.08-10.21.51:600][809]LogModuleManager: Shutting down and abandoning module ActorPickerMode (552)
[2023.06.08-10.21.51:600][809]LogModuleManager: Shutting down and abandoning module GeometryMode (550)
[2023.06.08-10.21.51:600][809]LogModuleManager: Shutting down and abandoning module TextureAlignMode (548)
[2023.06.08-10.21.51:600][809]LogModuleManager: Shutting down and abandoning module BspMode (546)
[2023.06.08-10.21.51:600][809]LogModuleManager: Shutting down and abandoning module PIEPreviewDeviceProfileSelector (544)
[2023.06.08-10.21.51:600][809]LogModuleManager: Shutting down and abandoning module HardwareSurvey (542)
[2023.06.08-10.21.51:600][809]LogModuleManager: Shutting down and abandoning module SequenceRecorderSections (540)
[2023.06.08-10.21.51:600][809]LogModuleManager: Shutting down and abandoning module AutomationWorker (538)
[2023.06.08-10.21.51:600][809]LogModuleManager: Shutting down and abandoning module AudioCaptureEditor (536)
[2023.06.08-10.21.51:600][809]LogModuleManager: Shutting down and abandoning module SequenceRecorder (535)
[2023.06.08-10.21.51:600][809]LogModuleManager: Shutting down and abandoning module MatineeToLevelSequence (532)
[2023.06.08-10.21.51:600][809]LogModuleManager: Shutting down and abandoning module LevelSequenceEditor (530)
[2023.06.08-10.21.51:600][809]LogModuleManager: Shutting down and abandoning module PlacementMode (529)
[2023.06.08-10.21.51:600][809]LogModuleManager: Shutting down and abandoning module MaterialEditor (528)
[2023.06.08-10.21.51:600][809]LogModuleManager: Shutting down and abandoning module WmfMediaFactory (524)
[2023.06.08-10.21.51:600][809]LogModuleManager: Shutting down and abandoning module WmfMediaEditor (522)
[2023.06.08-10.21.51:600][809]LogModuleManager: Shutting down and abandoning module MediaPlayerEditor (520)
[2023.06.08-10.21.51:600][809]LogModuleManager: Shutting down and abandoning module OpenExrWrapper (518)
[2023.06.08-10.21.51:600][809]LogModuleManager: Shutting down and abandoning module ImgMediaFactory (516)
[2023.06.08-10.21.51:600][809]LogModuleManager: Shutting down and abandoning module ImgMediaEditor (514)
[2023.06.08-10.21.51:600][809]LogModuleManager: Shutting down and abandoning module AvfMediaFactory (512)
[2023.06.08-10.21.51:601][809]LogModuleManager: Shutting down and abandoning module AvfMediaEditor (510)
[2023.06.08-10.21.51:601][809]LogModuleManager: Shutting down and abandoning module AndroidMediaFactory (508)
[2023.06.08-10.21.51:601][809]LogModuleManager: Shutting down and abandoning module AndroidMediaEditor (506)
[2023.06.08-10.21.51:601][809]LogModuleManager: Shutting down and abandoning module CharacterAI (504)
[2023.06.08-10.21.51:601][809]LogModuleManager: Shutting down and abandoning module SmartSnapping (502)
[2023.06.08-10.21.51:601][809]LogModuleManager: Shutting down and abandoning module SessionServices (500)
[2023.06.08-10.21.51:601][809]LogModuleManager: Shutting down and abandoning module ViewportSnapping (498)
[2023.06.08-10.21.51:601][809]LogModuleManager: Shutting down and abandoning module ViewportInteraction (496)
[2023.06.08-10.21.51:601][809]LogModuleManager: Shutting down and abandoning module ClothPainter (494)
[2023.06.08-10.21.51:601][809]LogModuleManager: Shutting down and abandoning module SkeletalMeshEditor (493)
[2023.06.08-10.21.51:601][809]LogModuleManager: Shutting down and abandoning module LogVisualizer (490)
[2023.06.08-10.21.51:601][809]LogModuleManager: Shutting down and abandoning module IntroTutorials (488)
[2023.06.08-10.21.51:601][809]LogModuleManager: Shutting down and abandoning module GameProjectGeneration (487)
[2023.06.08-10.21.51:601][809]LogModuleManager: Shutting down and abandoning module IOSPlatformEditor (484)
[2023.06.08-10.21.51:601][809]LogModuleManager: Shutting down and abandoning module HTML5PlatformEditor (482)
[2023.06.08-10.21.51:601][809]LogModuleManager: Shutting down and abandoning module AndroidPlatformEditor (480)
[2023.06.08-10.21.51:601][809]LogModuleManager: Shutting down and abandoning module AndroidDeviceDetection (479)
[2023.06.08-10.21.52:464][809]LogModuleManager: Shutting down and abandoning module WindowsPlatformEditor (476)
[2023.06.08-10.21.52:464][809]LogModuleManager: Shutting down and abandoning module IOSRuntimeSettings (474)
[2023.06.08-10.21.52:464][809]LogModuleManager: Shutting down and abandoning module AndroidRuntimeSettings (472)
[2023.06.08-10.21.52:464][809]LogModuleManager: Shutting down and abandoning module InputBindingEditor (470)
[2023.06.08-10.21.52:464][809]LogModuleManager: Shutting down and abandoning module MergeActors (468)
[2023.06.08-10.21.52:464][809]LogModuleManager: Shutting down and abandoning module LocalizationDashboard (466)
[2023.06.08-10.21.52:464][809]LogModuleManager: Shutting down and abandoning module LocalizationService (465)
[2023.06.08-10.21.52:464][809]LogModuleManager: Shutting down and abandoning module HardwareTargeting (462)
[2023.06.08-10.21.52:464][809]LogModuleManager: Shutting down and abandoning module DeviceProfileEditor (460)
[2023.06.08-10.21.52:464][809]LogModuleManager: Shutting down and abandoning module UndoHistory (458)
[2023.06.08-10.21.52:464][809]LogModuleManager: Shutting down and abandoning module XmlParser (456)
[2023.06.08-10.21.52:464][809]LogModuleManager: Shutting down and abandoning module Blutility (454)
[2023.06.08-10.21.52:464][809]LogModuleManager: Shutting down and abandoning module ProjectSettingsViewer (452)
[2023.06.08-10.21.52:465][809]LogModuleManager: Shutting down and abandoning module ProjectTargetPlatformEditor (451)
[2023.06.08-10.21.52:465][809]LogModuleManager: Shutting down and abandoning module EditorSettingsViewer (448)
[2023.06.08-10.21.52:465][809]LogModuleManager: Shutting down and abandoning module SettingsEditor (446)
[2023.06.08-10.21.52:465][809]LogModuleManager: Shutting down and abandoning module ProjectLauncher (444)
[2023.06.08-10.21.52:465][809]LogModuleManager: Shutting down and abandoning module SessionFrontend (442)
[2023.06.08-10.21.52:465][809]LogModuleManager: Shutting down and abandoning module ProfilerClient (440)
[2023.06.08-10.21.52:465][809]LogModuleManager: Shutting down and abandoning module DeviceManager (438)
[2023.06.08-10.21.52:465][809]LogModuleManager: Shutting down and abandoning module TargetDeviceServices (437)
[2023.06.08-10.21.52:509][809]LogModuleManager: Shutting down and abandoning module AutomationController (434)
[2023.06.08-10.21.52:509][809]LogModuleManager: Shutting down and abandoning module AutomationWindow (432)
[2023.06.08-10.21.52:509][809]LogModuleManager: Shutting down and abandoning module Layers (430)
[2023.06.08-10.21.52:509][809]LogModuleManager: Shutting down and abandoning module ComponentVisualizers (428)
[2023.06.08-10.21.52:509][809]LogModuleManager: Shutting down and abandoning module DetailCustomizations (426)
[2023.06.08-10.21.52:509][809]LogModuleManager: Shutting down and abandoning module PackagesDialog (424)
[2023.06.08-10.21.52:509][809]LogModuleManager: Shutting down and abandoning module Persona (422)
[2023.06.08-10.21.52:509][809]LogModuleManager: Shutting down and abandoning module AdvancedPreviewScene (421)
[2023.06.08-10.21.52:509][809]LogModuleManager: Shutting down and abandoning module AnimGraph (419)
[2023.06.08-10.21.52:509][809]LogModuleManager: Shutting down and abandoning module Kismet (416)
[2023.06.08-10.21.52:510][809]LogModuleManager: Shutting down and abandoning module GraphEditor (414)
[2023.06.08-10.21.52:510][809]LogModuleManager: Shutting down and abandoning module ClassViewer (412)
[2023.06.08-10.21.52:510][809]LogModuleManager: Shutting down and abandoning module Toolbox (410)
[2023.06.08-10.21.52:510][809]LogModuleManager: Shutting down and abandoning module ModuleUI (408)
[2023.06.08-10.21.52:510][809]LogModuleManager: Shutting down and abandoning module MovieSceneTools (406)
[2023.06.08-10.21.52:510][809]LogModuleManager: Shutting down and abandoning module OutputLog (404)
[2023.06.08-10.21.52:510][809]LogModuleManager: Shutting down and abandoning module GammaUI (402)
[2023.06.08-10.21.52:510][809]LogModuleManager: Shutting down and abandoning module Documentation (400)
[2023.06.08-10.21.52:510][809]LogModuleManager: Shutting down and abandoning module MovieSceneTracks (398)
[2023.06.08-10.21.52:510][809]LogModuleManager: Shutting down and abandoning module MovieScene (396)
[2023.06.08-10.21.52:510][809]LogModuleManager: Shutting down and abandoning module StreamingPauseRendering (394)
[2023.06.08-10.21.52:510][809]LogModuleManager: Shutting down and abandoning module LauncherPlatform (392)
[2023.06.08-10.21.52:510][809]LogModuleManager: Shutting down and abandoning module AnalyticsET (390)
[2023.06.08-10.21.52:510][809]LogModuleManager: Shutting down and abandoning module PortalServices (388)
[2023.06.08-10.21.52:510][809]LogModuleManager: Shutting down and abandoning module PortalRpc (386)
[2023.06.08-10.21.52:510][809]LogModuleManager: Shutting down and abandoning module MessagingRpc (384)
[2023.06.08-10.21.52:510][809]LogModuleManager: Shutting down and abandoning module AIModule (382)
[2023.06.08-10.21.52:510][809]LogModuleManager: Shutting down and abandoning module GameplayDebugger (381)
[2023.06.08-10.21.52:510][809]LogModuleManager: Shutting down and abandoning module AITestSuite (379)
[2023.06.08-10.21.52:510][809]LogModuleManager: Shutting down and abandoning module ProfilerService (376)
[2023.06.08-10.21.52:661][809]LogModuleManager: Shutting down and abandoning module TaskGraph (374)
[2023.06.08-10.21.52:661][809]LogModuleManager: Shutting down and abandoning module SteamVRController (372)
[2023.06.08-10.21.52:661][809]LogModuleManager: Shutting down and abandoning module ProceduralMeshComponentEditor (370)
[2023.06.08-10.21.52:661][809]LogModuleManager: Shutting down and abandoning module ProceduralMeshComponent (368)
[2023.06.08-10.21.52:661][809]LogModuleManager: Shutting down and abandoning module OculusInput (366)
[2023.06.08-10.21.52:661][809]LogModuleManager: Shutting down and abandoning module MobilePatchingUtils (364)
[2023.06.08-10.21.52:661][809]LogModuleManager: Shutting down and abandoning module CustomMeshComponent (362)
[2023.06.08-10.21.52:661][809]LogModuleManager: Shutting down and abandoning module CableComponent (360)
[2023.06.08-10.21.52:661][809]LogModuleManager: Shutting down and abandoning module AudioCapture (358)
[2023.06.08-10.21.52:661][809]LogModuleManager: Shutting down and abandoning module ArchVisCharacter (356)
[2023.06.08-10.21.52:661][809]LogModuleManager: Shutting down and abandoning module AndroidPermission (354)
[2023.06.08-10.21.52:661][809]LogModuleManager: Shutting down and abandoning module NUTUnrealEngine4 (350)
[2023.06.08-10.21.52:661][809]LogModuleManager: Shutting down and abandoning module NetcodeUnitTest (348)
[2023.06.08-10.21.52:661][809]LogModuleManager: Shutting down and abandoning module MediaCompositingEditor (346)
[2023.06.08-10.21.52:661][809]LogModuleManager: Shutting down and abandoning module MediaCompositing (344)
[2023.06.08-10.21.52:661][809]LogModuleManager: Shutting down and abandoning module LinearTimecode (342)
[2023.06.08-10.21.52:661][809]LogModuleManager: Shutting down and abandoning module ImgMedia (340)
[2023.06.08-10.21.52:664][809]LogModuleManager: Shutting down and abandoning module HTML5Networking (338)
[2023.06.08-10.21.52:664][809]LogModuleManager: Shutting down and abandoning module AlembicImporter (336)
[2023.06.08-10.21.52:664][809]LogModuleManager: Shutting down and abandoning module AlembicLibrary (335)
[2023.06.08-10.21.52:664][809]LogModuleManager: Shutting down and abandoning module GeometryCache (334)
[2023.06.08-10.21.52:664][809]LogModuleManager: Shutting down and abandoning module GeometryCacheEd (333)
[2023.06.08-10.21.52:664][809]LogModuleManager: Shutting down and abandoning module DatasmithContent (328)
[2023.06.08-10.21.52:664][809]LogModuleManager: Shutting down and abandoning module SpeedTreeImporter (326)
[2023.06.08-10.21.52:664][809]LogModuleManager: Shutting down and abandoning module PluginBrowser (324)
[2023.06.08-10.21.52:664][809]LogModuleManager: Shutting down and abandoning module MobileLauncherProfileWizard (322)
[2023.06.08-10.21.52:664][809]LogModuleManager: Shutting down and abandoning module CryptoKeysOpenSSL (320)
[2023.06.08-10.21.52:664][809]LogModuleManager: Shutting down and abandoning module CryptoKeys (318)
[2023.06.08-10.21.52:664][809]LogModuleManager: Shutting down and abandoning module VisualStudioSourceCodeAccess (316)
[2023.06.08-10.21.52:664][809]LogModuleManager: Shutting down and abandoning module VisualStudioCodeSourceCodeAccess (314)
[2023.06.08-10.21.52:664][809]LogModuleManager: Shutting down and abandoning module UObjectPlugin (312)
[2023.06.08-10.21.52:664][809]LogModuleManager: Shutting down and abandoning module SubversionSourceControl (310)
[2023.06.08-10.21.52:664][809]LogModuleManager: Shutting down and abandoning module PerforceSourceControl (308)
[2023.06.08-10.21.52:664][809]LogModuleManager: Shutting down and abandoning module GitSourceControl (306)
[2023.06.08-10.21.52:664][809]LogModuleManager: Shutting down and abandoning module SourceControl (305)
[2023.06.08-10.21.52:664][809]LogModuleManager: Shutting down and abandoning module CLionSourceCodeAccess (302)
[2023.06.08-10.21.52:664][809]LogModuleManager: Shutting down and abandoning module LightPropagationVolumeEditor (300)
[2023.06.08-10.21.52:664][809]LogModuleManager: Shutting down and abandoning module PaperTiledImporter (298)
[2023.06.08-10.21.52:664][809]LogModuleManager: Shutting down and abandoning module PaperSpriteSheetImporter (296)
[2023.06.08-10.21.52:664][809]LogModuleManager: Shutting down and abandoning module Paper2DEditor (294)
[2023.06.08-10.21.52:664][809]LogModuleManager: Shutting down and abandoning module MeshPaint (293)
[2023.06.08-10.21.52:664][809]LogModuleManager: Shutting down and abandoning module BattleRoyal (290)
[2023.06.08-10.21.52:664][809]LogModuleManager: Shutting down and abandoning module RuntimePhysXCooking (288)
[2023.06.08-10.21.52:664][809]LogModuleManager: Shutting down and abandoning module PhysXVehiclesEditor (286)
[2023.06.08-10.21.52:664][809]LogModuleManager: Shutting down and abandoning module PhysXVehicles (284)
[2023.06.08-10.21.52:664][809]LogModuleManager: Shutting down and abandoning module OculusEditor (282)
[2023.06.08-10.21.52:664][809]LogModuleManager: Shutting down and abandoning module LocationServicesBPLibrary (280)
[2023.06.08-10.21.52:664][809]LogModuleManager: Shutting down and abandoning module ImmediatePhysicsEditor (278)
[2023.06.08-10.21.52:664][809]LogModuleManager: Shutting down and abandoning module ImmediatePhysics (276)
[2023.06.08-10.21.52:664][809]LogModuleManager: Shutting down and abandoning module ActorSequence (274)
[2023.06.08-10.21.52:665][809]LogModuleManager: Shutting down and abandoning module UdpMessaging (272)
[2023.06.08-10.21.52:766][809]LogModuleManager: Shutting down and abandoning module TcpMessaging (270)
[2023.06.08-10.21.52:866][809]LogModuleManager: Shutting down and abandoning module GameplayTagsEditor (268)
[2023.06.08-10.21.52:866][809]LogModuleManager: Shutting down and abandoning module FacialAnimationEditor (266)
[2023.06.08-10.21.52:866][809]LogModuleManager: Shutting down and abandoning module FacialAnimation (264)
[2023.06.08-10.21.52:866][809]LogModuleManager: Shutting down and abandoning module DataValidation (262)
[2023.06.08-10.21.52:866][809]LogModuleManager: Shutting down and abandoning module AssetManagerEditor (260)
[2023.06.08-10.21.52:866][809]LogModuleManager: Shutting down and abandoning module LevelEditor (259)
[2023.06.08-10.21.52:866][809]LogModuleManager: Shutting down and abandoning module PixelInspectorModule (258)
[2023.06.08-10.21.52:866][809]LogModuleManager: Shutting down and abandoning module CommonMenuExtensions (256)
[2023.06.08-10.21.52:867][809]LogModuleManager: Shutting down and abandoning module MainFrame (254)
[2023.06.08-10.21.52:867][809]LogModuleManager: Shutting down and abandoning module HotReload (253)
[2023.06.08-10.21.52:867][809]LogDirectoryWatcher: A directory notification for 'D:/UE_Project/BattleRoyal/Binaries/Win64' was aborted.
[2023.06.08-10.21.52:867][809]LogModuleManager: Shutting down and abandoning module ContentBrowser (249)
[2023.06.08-10.21.52:868][809]LogModuleManager: Shutting down and abandoning module TreeMap (247)
[2023.06.08-10.21.52:868][809]LogModuleManager: Shutting down and abandoning module LightPropagationVolumeRuntime (244)
[2023.06.08-10.21.52:868][809]LogModuleManager: Shutting down and abandoning module LiveLinkEditor (242)
[2023.06.08-10.21.52:868][809]LogModuleManager: Shutting down and abandoning module LiveLink (240)
[2023.06.08-10.21.52:982][809]LogModuleManager: Shutting down and abandoning module Paper2D (238)
[2023.06.08-10.21.52:982][809]LogModuleManager: Shutting down and abandoning module WindowsMoviePlayer (236)
[2023.06.08-10.21.52:982][809]LogModuleManager: Shutting down and abandoning module WmfMedia (234)
[2023.06.08-10.21.52:983][809]LogModuleManager: Shutting down and abandoning module Media (233)
[2023.06.08-10.21.52:989][809]LogModuleManager: Shutting down and abandoning module PacketHandler (230)
[2023.06.08-10.21.52:989][809]LogModuleManager: Shutting down and abandoning module ClothingSystemEditor (228)
[2023.06.08-10.21.52:989][809]LogModuleManager: Shutting down and abandoning module ClothingSystemRuntime (226)
[2023.06.08-10.21.52:989][809]LogModuleManager: Shutting down and abandoning module MediaAssets (224)
[2023.06.08-10.21.52:989][809]LogModuleManager: Shutting down and abandoning module Overlay (222)
[2023.06.08-10.21.52:989][809]LogModuleManager: Shutting down and abandoning module OverlayEditor (221)
[2023.06.08-10.21.52:989][809]LogModuleManager: Shutting down and abandoning module VREditor (218)
[2023.06.08-10.21.52:989][809]LogModuleManager: Shutting down and abandoning module StringTableEditor (216)
[2023.06.08-10.21.52:989][809]LogModuleManager: Shutting down and abandoning module GameplayTasksEditor (214)
[2023.06.08-10.21.52:989][809]LogModuleManager: Shutting down and abandoning module BehaviorTreeEditor (212)
[2023.06.08-10.21.52:989][809]LogModuleManager: Shutting down and abandoning module FunctionalTesting (210)
[2023.06.08-10.21.52:989][809]LogModuleManager: Shutting down and abandoning module CollisionAnalyzer (208)
[2023.06.08-10.21.52:989][809]LogModuleManager: Shutting down and abandoning module WorkspaceMenuStructure (207)
[2023.06.08-10.21.52:989][809]LogModuleManager: Shutting down and abandoning module UMG (204)
[2023.06.08-10.21.52:989][809]LogModuleManager: Shutting down and abandoning module UMGEditor (203)
[2023.06.08-10.21.52:989][809]LogModuleManager: Shutting down and abandoning module Sequencer (202)
[2023.06.08-10.21.52:990][809]LogModuleManager: Shutting down and abandoning module MessageLog (199)
[2023.06.08-10.21.52:990][809]LogModuleManager: Shutting down and abandoning module SlateReflector (194)
[2023.06.08-10.21.52:990][809]LogModuleManager: Shutting down and abandoning module Slate (192)
[2023.06.08-10.21.52:990][809]LogModuleManager: Shutting down and abandoning module EditorStyle (190)
[2023.06.08-10.21.52:991][809]LogModuleManager: Shutting down and abandoning module MRMesh (188)
[2023.06.08-10.21.52:991][809]LogModuleManager: Shutting down and abandoning module SourceCodeAccess (186)
[2023.06.08-10.21.52:991][809]LogModuleManager: Shutting down and abandoning module HeadMountedDisplay (184)
[2023.06.08-10.21.52:991][809]LogModuleManager: Shutting down and abandoning module XAudio2 (182)
[2023.06.08-10.21.52:991][809]LogModuleManager: Shutting down and abandoning module Networking (180)
[2023.06.08-10.21.52:991][809]LogModuleManager: Shutting down and abandoning module Core (178)
[2023.06.08-10.21.52:991][809]LogModuleManager: Shutting down and abandoning module LevelSequence (176)
[2023.06.08-10.21.52:991][809]LogModuleManager: Shutting down and abandoning module KismetCompiler (174)
[2023.06.08-10.21.52:991][809]LogModuleManager: Shutting down and abandoning module MeshUtilities (172)
[2023.06.08-10.21.52:991][809]LogModuleManager: Shutting down and abandoning module MeshMergeUtilities (171)
[2023.06.08-10.21.52:991][809]LogModuleManager: Shutting down and abandoning module MeshReductionInterface (170)
[2023.06.08-10.21.52:991][809]LogModuleManager: Shutting down and abandoning module SimplygonSwarm (169)
[2023.06.08-10.21.52:991][809]LogModuleManager: Shutting down and abandoning module SimplygonMeshReduction (167)
[2023.06.08-10.21.52:991][809]LogModuleManager: Shutting down and abandoning module QuadricMeshReduction (165)
[2023.06.08-10.21.52:991][809]LogModuleManager: Shutting down and abandoning module MaterialBaking (161)
[2023.06.08-10.21.52:991][809]LogModuleManager: Shutting down and abandoning module DirectoryWatcher (157)
[2023.06.08-10.21.52:992][809]LogModuleManager: Shutting down and abandoning module DerivedDataCache (154)
[2023.06.08-10.21.53:004][809]LogDerivedDataCache: Shutdown
[2023.06.08-10.21.53:004][809]LogModuleManager: Shutting down and abandoning module XGEController (152)
[2023.06.08-10.21.53:004][809]LogModuleManager: Shutting down and abandoning module TargetPlatform (150)
[2023.06.08-10.21.53:004][809]LogModuleManager: Shutting down and abandoning module VulkanShaderFormat (149)
[2023.06.08-10.21.53:004][809]LogModuleManager: Shutting down and abandoning module ShaderFormatVectorVM (147)
[2023.06.08-10.21.53:004][809]LogModuleManager: Shutting down and abandoning module ShaderFormatOpenGL (145)
[2023.06.08-10.21.53:004][809]LogModuleManager: Shutting down and abandoning module ShaderFormatD3D (143)
[2023.06.08-10.21.53:004][809]LogModuleManager: Shutting down and abandoning module MetalShaderFormat (141)
[2023.06.08-10.21.53:004][809]LogModuleManager: Shutting down and abandoning module TextureFormatUncompressed (139)
[2023.06.08-10.21.53:004][809]LogModuleManager: Shutting down and abandoning module TextureFormatPVR (137)
[2023.06.08-10.21.53:004][809]LogModuleManager: Shutting down and abandoning module TextureFormatDXT (135)
[2023.06.08-10.21.53:004][809]LogModuleManager: Shutting down and abandoning module TextureFormatIntelISPCTexComp (133)
[2023.06.08-10.21.53:004][809]LogModuleManager: Shutting down and abandoning module TextureFormatASTC (131)
[2023.06.08-10.21.53:004][809]LogModuleManager: Shutting down and abandoning module ImageWrapper (130)
[2023.06.08-10.21.53:005][809]LogModuleManager: Shutting down and abandoning module TextureFormatAndroid (127)
[2023.06.08-10.21.53:005][809]LogModuleManager: Shutting down and abandoning module AudioFormatOpus (125)
[2023.06.08-10.21.53:005][809]LogModuleManager: Shutting down and abandoning module AudioFormatOgg (123)
[2023.06.08-10.21.53:005][809]LogModuleManager: Shutting down and abandoning module AudioFormatADPCM (121)
[2023.06.08-10.21.53:005][809]LogModuleManager: Shutting down and abandoning module LinuxTargetPlatform (119)
[2023.06.08-10.21.53:005][809]LogModuleManager: Shutting down and abandoning module LinuxServerTargetPlatform (117)
[2023.06.08-10.21.53:005][809]LogModuleManager: Shutting down and abandoning module LinuxNoEditorTargetPlatform (115)
[2023.06.08-10.21.53:005][809]LogModuleManager: Shutting down and abandoning module LinuxClientTargetPlatform (113)
[2023.06.08-10.21.53:005][809]LogModuleManager: Shutting down and abandoning module TVOSTargetPlatform (111)
[2023.06.08-10.21.53:005][809]LogModuleManager: Shutting down and abandoning module Messaging (109)
[2023.06.08-10.21.53:005][809]LogModuleManager: Shutting down and abandoning module IOSTargetPlatform (107)
[2023.06.08-10.21.53:005][809]LogModuleManager: Shutting down and abandoning module HTML5TargetPlatform (105)
[2023.06.08-10.21.53:005][809]LogModuleManager: Shutting down and abandoning module AndroidTargetPlatform (103)
[2023.06.08-10.21.53:005][809]LogModuleManager: Shutting down and abandoning module Android_PVRTCTargetPlatform (101)
[2023.06.08-10.21.53:005][809]LogModuleManager: Shutting down and abandoning module Android_MultiTargetPlatform (99)
[2023.06.08-10.21.53:005][809]LogModuleManager: Shutting down and abandoning module Android_ETC2TargetPlatform (97)
[2023.06.08-10.21.53:005][809]LogModuleManager: Shutting down and abandoning module Android_ETC1TargetPlatform (95)
[2023.06.08-10.21.53:005][809]LogModuleManager: Shutting down and abandoning module Android_ETC1aTargetPlatform (93)
[2023.06.08-10.21.53:005][809]LogModuleManager: Shutting down and abandoning module Android_DXTTargetPlatform (91)
[2023.06.08-10.21.53:005][809]LogModuleManager: Shutting down and abandoning module Android_ATCTargetPlatform (89)
[2023.06.08-10.21.53:005][809]LogModuleManager: Shutting down and abandoning module Android_ASTCTargetPlatform (87)
[2023.06.08-10.21.53:005][809]LogModuleManager: Shutting down and abandoning module WindowsTargetPlatform (85)
[2023.06.08-10.21.53:005][809]LogModuleManager: Shutting down and abandoning module WindowsServerTargetPlatform (83)
[2023.06.08-10.21.53:005][809]LogModuleManager: Shutting down and abandoning module WindowsNoEditorTargetPlatform (81)
[2023.06.08-10.21.53:005][809]LogModuleManager: Shutting down and abandoning module WindowsClientTargetPlatform (79)
[2023.06.08-10.21.53:005][809]LogModuleManager: Shutting down and abandoning module MacTargetPlatform (77)
[2023.06.08-10.21.53:005][809]LogModuleManager: Shutting down and abandoning module MacServerTargetPlatform (75)
[2023.06.08-10.21.53:005][809]LogModuleManager: Shutting down and abandoning module MacNoEditorTargetPlatform (73)
[2023.06.08-10.21.53:005][809]LogModuleManager: Shutting down and abandoning module MacClientTargetPlatform (71)
[2023.06.08-10.21.53:005][809]LogModuleManager: Shutting down and abandoning module AllDesktopTargetPlatform (69)
[2023.06.08-10.21.53:005][809]LogModuleManager: Shutting down and abandoning module InputCore (66)
[2023.06.08-10.21.53:005][809]LogModuleManager: Shutting down and abandoning module Settings (64)
[2023.06.08-10.21.53:005][809]LogModuleManager: Shutting down and abandoning module PhysXCooking (62)
[2023.06.08-10.21.53:005][809]LogModuleManager: Shutting down and abandoning module SteamVR (60)
[2023.06.08-10.21.53:005][809]LogModuleManager: Shutting down and abandoning module OculusHMD (58)
[2023.06.08-10.21.53:005][809]LogModuleManager: Shutting down and abandoning module ExampleDeviceProfileSelector (56)
[2023.06.08-10.21.53:005][809]LogModuleManager: Shutting down and abandoning module AppleARKit (54)
[2023.06.08-10.21.53:005][809]LogModuleManager: Shutting down and abandoning module AugmentedReality (51)
[2023.06.08-10.21.53:005][809]LogModuleManager: Shutting down and abandoning module OnlineBlueprintSupport (48)
[2023.06.08-10.21.53:005][809]LogModuleManager: Shutting down and abandoning module OnlineSubsystem (44)
[2023.06.08-10.21.53:005][809]LogModuleManager: Shutting down and abandoning module XMPP (43)
[2023.06.08-10.21.53:005][809]LogModuleManager: Shutting down and abandoning module HTTP (41)
[2023.06.08-10.21.53:005][809]LogHttp: Display: Http module shutting down, but needs to wait on 1 outstanding Http requests:
[2023.06.08-10.21.53:005][809]LogHttp: Display: 	verb=[POST] url=[https://datarouter.ol.epicgames.com/datarouter/api/v1/public/data?SessionID=%7B7CC31684-4D9B-07ED-60E6-9B8CA05BE348%7D&AppID=UEEditor.Rocket.Release&AppVersion=4.19.2-4033788%2B%2B%2BUE4%2BRelease-4.19&UserID=0903b8c2435f474ae056b4966481071b%7Cc9ba19f18753461bb04966bd5d331490%7C672eb630-afe1-471c-ac31-1d50834ed575&AppEnvironment=datacollector-binary&UploadType=eteventstream] status=Processing
[2023.06.08-10.21.53:039][809]LogModuleManager: Shutting down and abandoning module SSL (40)
[2023.06.08-10.21.53:040][809]LogModuleManager: Shutting down and abandoning module AnimationModifiers (36)
[2023.06.08-10.21.53:040][809]LogModuleManager: Shutting down and abandoning module PropertyEditor (35)
[2023.06.08-10.21.53:040][809]LogModuleManager: Shutting down and abandoning module AudioEditor (32)
[2023.06.08-10.21.53:040][809]LogModuleManager: Shutting down and abandoning module TextureCompressor (30)
[2023.06.08-10.21.53:040][809]LogModuleManager: Shutting down and abandoning module ShaderCore (28)
[2023.06.08-10.21.53:040][809]LogModuleManager: Shutting down and abandoning module Landscape (26)
[2023.06.08-10.21.53:040][809]LogModuleManager: Shutting down and abandoning module SlateRHIRenderer (24)
[2023.06.08-10.21.53:043][809]LogModuleManager: Shutting down and abandoning module OpenGLDrv (22)
[2023.06.08-10.21.53:043][809]LogModuleManager: Shutting down and abandoning module D3D11RHI (20)
[2023.06.08-10.21.53:043][809]LogModuleManager: Shutting down and abandoning module AnimGraphRuntime (18)
[2023.06.08-10.21.53:043][809]LogModuleManager: Shutting down and abandoning module Renderer (16)
[2023.06.08-10.21.53:043][809]LogModuleManager: Shutting down and abandoning module Engine (14)
[2023.06.08-10.21.53:043][809]LogModuleManager: Shutting down and abandoning module CoreUObject (12)
[2023.06.08-10.21.53:043][809]LogModuleManager: Shutting down and abandoning module NetworkFile (10)
[2023.06.08-10.21.53:043][809]LogModuleManager: Shutting down and abandoning module CookedIterativeFile (8)
[2023.06.08-10.21.53:043][809]LogModuleManager: Shutting down and abandoning module StreamingFile (6)
[2023.06.08-10.21.53:043][809]LogModuleManager: Shutting down and abandoning module SandboxFile (4)
[2023.06.08-10.21.53:043][809]LogModuleManager: Shutting down and abandoning module PakFile (2)
[2023.06.08-10.21.53:054][809]LogExit: Exiting.
[2023.06.08-10.21.53:102][809]Log file closed, 06/08/23 19:21:53
